12:42:56.749 [main                     ] DEBUG GameApplication      - Logger initialized
12:42:56.796 [main                     ] DEBUG GameApplication      - Logging settings
Title: SPENCER - Zealand
Version: 1.0
Width: 900
Height: 800
Fullscreen: false
Intro: false
Menus: true
Profiling: false
Single step:false
App Mode: DEVELOPER
Menu Key: ESCAPE
Stage Style: DECORATED
Scene Factory: class main.Control.BasicGameApp$1
Dialog Factory: class com.almasb.fxgl.ui.FXGLDialogFactory
UI Factory: class com.almasb.fxgl.ui.FXGLUIFactory

12:42:57.217 [JavaFX Application Thread] DEBUG Engine               - Initializing FXGL
12:42:57.217 [JavaFX Application Thread] INFO  Engine               - FXGL-11.7 (05.01.2020 09.46) on WINDOWS (J:11.0.4 FX:10.0.2-internal)
12:42:57.218 [JavaFX Application Thread] INFO  Engine               - Source code and latest versions at: https://github.com/AlmasB/FXGL
12:42:57.218 [JavaFX Application Thread] INFO  Engine               -              Join the FXGL chat at: https://gitter.im/AlmasB/FXGL
12:42:57.218 [JavaFX Application Thread] DEBUG Engine               - Initializing environment variables
12:42:57.221 [JavaFX Application Thread] DEBUG Engine               - Logging environment variables
12:42:57.222 [JavaFX Application Thread] DEBUG Engine               - achievements: []
12:42:57.222 [JavaFX Application Thread] DEBUG Engine               - sceneStack: com.almasb.fxgl.app.Engine@5ac0f222
12:42:57.222 [JavaFX Application Thread] DEBUG Engine               - language: ObjectProperty [value: ENGLISH]
12:42:57.222 [JavaFX Application Thread] DEBUG Engine               - isCloseConfirmation: false
12:42:57.222 [JavaFX Application Thread] DEBUG Engine               - isProfilingEnabled: false
12:42:57.223 [JavaFX Application Thread] DEBUG Engine               - soundNotification: core/notification.wav
12:42:57.223 [JavaFX Application Thread] DEBUG Engine               - devShowBBoxProperty: BooleanProperty [value: false]
12:42:57.225 [JavaFX Application Thread] DEBUG Engine               - pixelsPerMeter: 50.0
12:42:57.225 [JavaFX Application Thread] DEBUG Engine               - overlayRoot: Group@49b7dc27
12:42:57.225 [JavaFX Application Thread] DEBUG Engine               - soundMenuBack: menu/back.wav
12:42:57.225 [JavaFX Application Thread] DEBUG Engine               - appIcon: enemy.png
12:42:57.225 [JavaFX Application Thread] DEBUG Engine               - isFullScreenAllowed: false
12:42:57.226 [JavaFX Application Thread] DEBUG Engine               - isIntroEnabled: false
12:42:57.226 [JavaFX Application Thread] DEBUG Engine               - eventBus: com.almasb.fxgl.event.EventBus@7525e407
12:42:57.226 [JavaFX Application Thread] DEBUG Engine               - fontMono: lucida_console.ttf
12:42:57.226 [JavaFX Application Thread] DEBUG Engine               - soundMenuSelect: menu/select.wav
12:42:57.226 [JavaFX Application Thread] DEBUG Engine               - isWindows: true
12:42:57.227 [JavaFX Application Thread] DEBUG Engine               - isMobile: false
12:42:57.227 [JavaFX Application Thread] DEBUG Engine               - height: 800
12:42:57.227 [JavaFX Application Thread] DEBUG Engine               - isExperimentalNative: false
12:42:57.227 [JavaFX Application Thread] DEBUG Engine               - isSingleStep: false
12:42:57.228 [JavaFX Application Thread] DEBUG Engine               - cSSList: [fxgl_dark.css]
12:42:57.228 [JavaFX Application Thread] DEBUG Engine               - fontGame: Abel-Regular.ttf
12:42:57.228 [JavaFX Application Thread] DEBUG Engine               - menuKey: ESCAPE
12:42:57.228 [JavaFX Application Thread] DEBUG Engine               - devShowPositionProperty: BooleanProperty [value: false]
12:42:57.228 [JavaFX Application Thread] DEBUG Engine               - versionCheckDays: 7
12:42:57.229 [JavaFX Application Thread] DEBUG Engine               - masterTimer: com.almasb.fxgl.time.Timer@28a94963
12:42:57.229 [JavaFX Application Thread] DEBUG Engine               - configClass: Optional.empty
12:42:57.229 [JavaFX Application Thread] DEBUG Engine               - isFullScreenFromStart: false
12:42:57.229 [JavaFX Application Thread] DEBUG Engine               - version: 1.0
12:42:57.229 [JavaFX Application Thread] DEBUG Engine               - fullScreen: BooleanProperty [value: false]
12:42:57.230 [JavaFX Application Thread] DEBUG Engine               - randomSeed: -1
12:42:57.230 [JavaFX Application Thread] DEBUG Engine               - dialogFactory: com.almasb.fxgl.ui.FXGLDialogFactory@67675eda
12:42:57.230 [JavaFX Application Thread] DEBUG Engine               - applicationMode: DEVELOPER
12:42:57.230 [JavaFX Application Thread] DEBUG Engine               - isMac: false
12:42:57.231 [JavaFX Application Thread] DEBUG Engine               - urlGoogleForms: https://goo.gl/forms/6wrMnOBxTE1fEpOy2
12:42:57.231 [JavaFX Application Thread] DEBUG Engine               - isMenuEnabled: true
12:42:57.231 [JavaFX Application Thread] DEBUG Engine               - urlPOM: https://raw.githubusercontent.com/AlmasB/FXGL/master/pom.xml
12:42:57.231 [JavaFX Application Thread] DEBUG Engine               - profileName: user.profile
12:42:57.231 [JavaFX Application Thread] DEBUG Engine               - notificationViewClass: class com.almasb.fxgl.notification.view.XboxNotificationView
12:42:57.232 [JavaFX Application Thread] DEBUG Engine               - devSensorColorProperty: ObjectProperty [value: 0xffff00ff]
12:42:57.232 [JavaFX Application Thread] DEBUG Engine               - sceneFactory: main.Control.BasicGameApp$1@10c6f0f5
12:42:57.232 [JavaFX Application Thread] DEBUG Engine               - dataFileExt: .dat
12:42:57.232 [JavaFX Application Thread] DEBUG Engine               - stageStyle: DECORATED
12:42:57.232 [JavaFX Application Thread] DEBUG Engine               - isManualResizeEnabled: false
12:42:57.233 [JavaFX Application Thread] DEBUG Engine               - title: SPENCER - Zealand
12:42:57.233 [JavaFX Application Thread] DEBUG Engine               - platform: WINDOWS
12:42:57.233 [JavaFX Application Thread] DEBUG Engine               - devBBoxColorProperty: ObjectProperty [value: 0xff0000ff]
12:42:57.233 [JavaFX Application Thread] DEBUG Engine               - isDesktop: true
12:42:57.234 [JavaFX Application Thread] DEBUG Engine               - credits: []
12:42:57.234 [JavaFX Application Thread] DEBUG Engine               - globalMusicVolumeProperty: DoubleProperty [value: 0.5]
12:42:57.234 [JavaFX Application Thread] DEBUG Engine               - uIFactory: com.almasb.fxgl.ui.FXGLUIFactory@4a192b36
12:42:57.234 [JavaFX Application Thread] DEBUG Engine               - isPreserveResizeRatio: false
12:42:57.235 [JavaFX Application Thread] DEBUG Engine               - fontText: Courier-Prime.ttf
12:42:57.235 [JavaFX Application Thread] DEBUG Engine               - isExperimentalTiledLargeMap: false
12:42:57.235 [JavaFX Application Thread] DEBUG Engine               - secondsIn24h: 60
12:42:57.235 [JavaFX Application Thread] DEBUG Engine               - runtimeInfo: RuntimeInfo(platform=WINDOWS, version=11.7, build=05.01.2020 09.46)
12:42:57.236 [JavaFX Application Thread] DEBUG Engine               - isLinux: false
12:42:57.236 [JavaFX Application Thread] DEBUG Engine               - soundMenuPress: menu/press.wav
12:42:57.236 [JavaFX Application Thread] DEBUG Engine               - urlGithub: https://github.com/AlmasB/FXGL
12:42:57.236 [JavaFX Application Thread] DEBUG Engine               - profileDir: profiles/
12:42:57.236 [JavaFX Application Thread] DEBUG Engine               - isDeveloperMenuEnabled: false
12:42:57.236 [JavaFX Application Thread] DEBUG Engine               - globalSoundVolumeProperty: DoubleProperty [value: 0.5]
12:42:57.237 [JavaFX Application Thread] DEBUG Engine               - isBrowser: false
12:42:57.237 [JavaFX Application Thread] DEBUG Engine               - urlLeaderboard: http://fxgl-top.herokuapp.com/
12:42:57.237 [JavaFX Application Thread] DEBUG Engine               - globalSoundVolume: 0.5
12:42:57.237 [JavaFX Application Thread] DEBUG Engine               - saveDir: saves/
12:42:57.237 [JavaFX Application Thread] DEBUG Engine               - engineServices: [class com.almasb.fxgl.audio.AudioPlayer, class com.almasb.fxgl.notification.impl.NotificationServiceProvider, class com.almasb.fxgl.achievement.AchievementManager, class com.almasb.fxgl.cutscene.CutsceneService, class com.almasb.fxgl.minigames.MiniGameService]
12:42:57.237 [JavaFX Application Thread] DEBUG Engine               - globalMusicVolume: 0.5
12:42:57.238 [JavaFX Application Thread] DEBUG Engine               - width: 900
12:42:57.238 [JavaFX Application Thread] DEBUG Engine               - saveFileExt: .sav
12:42:57.238 [JavaFX Application Thread] DEBUG Engine               - isAndroid: false
12:42:57.238 [JavaFX Application Thread] DEBUG Engine               - fontUI: VarelaRound-Regular.ttf
12:42:57.238 [JavaFX Application Thread] DEBUG Engine               - enabledMenuItems: []
12:42:57.238 [JavaFX Application Thread] DEBUG Engine               - isIOS: false
12:42:57.242 [JavaFX Application Thread] DEBUG Engine               - Adding new engine service: class com.almasb.fxgl.audio.AudioPlayer
12:42:57.243 [JavaFX Application Thread] DEBUG Engine               - Adding new engine service: class com.almasb.fxgl.notification.impl.NotificationServiceProvider
12:42:57.244 [JavaFX Application Thread] DEBUG Engine               - Adding new engine service: class com.almasb.fxgl.achievement.AchievementManager
12:42:57.244 [JavaFX Application Thread] DEBUG Engine               - Adding new engine service: class com.almasb.fxgl.cutscene.CutsceneService
12:42:57.245 [JavaFX Application Thread] DEBUG Engine               - Adding new engine service: class com.almasb.fxgl.minigames.MiniGameService
12:42:57.251 [JavaFX Application Thread] DEBUG Engine               - Loading localizations
12:42:57.254 [JavaFX Application Thread] DEBUG AssetLoader          - Loading from file system: /assets/properties/languages/english.properties
12:42:57.261 [JavaFX Application Thread] DEBUG AssetLoader          - Loading from file system: /assets/properties/languages/french.properties
12:42:57.266 [JavaFX Application Thread] DEBUG AssetLoader          - Loading from file system: /assets/properties/languages/german.properties
12:42:57.270 [JavaFX Application Thread] DEBUG AssetLoader          - Loading from file system: /assets/properties/languages/russian.properties
12:42:57.274 [JavaFX Application Thread] DEBUG AssetLoader          - Loading from file system: /assets/properties/languages/hungarian.properties
12:42:57.277 [JavaFX Application Thread] DEBUG Engine               - Registering font factories
12:42:57.277 [JavaFX Application Thread] DEBUG AssetLoader          - Loading from file system: /assets/ui/fonts/VarelaRound-Regular.ttf
12:42:57.693 [JavaFX Application Thread] DEBUG AssetLoader          - Loading from file system: /assets/ui/fonts/Abel-Regular.ttf
12:42:57.697 [JavaFX Application Thread] DEBUG AssetLoader          - Loading from file system: /assets/ui/fonts/lucida_console.ttf
12:42:57.706 [JavaFX Application Thread] DEBUG AssetLoader          - Loading from file system: /assets/ui/fonts/Courier-Prime.ttf
12:42:57.711 [JavaFX Application Thread] DEBUG Engine               - Setting UI factory
12:42:57.834 [JavaFX Application Thread] DEBUG AssetLoader          - Loading from file system: /assets/textures/fxgl_logo.png
12:42:57.908 [JavaFX Application Thread] DEBUG MainWindow           - Creating a JavaFX scene
12:42:57.958 [JavaFX Application Thread] DEBUG MainWindow           - Target settings size: 900.0 x 800.0
12:42:57.959 [JavaFX Application Thread] DEBUG MainWindow           - Scaled scene size:    900.0 x 800.0
12:42:57.959 [JavaFX Application Thread] DEBUG MainWindow           - Scaled ratio: (1.0, 1.0)
12:42:57.960 [JavaFX Application Thread] DEBUG MainWindow           - Set initial scene to FXGLStartupScene
12:42:57.974 [JavaFX Application Thread] DEBUG AssetLoader          - Loading from file system: /assets/textures/enemy.png
12:42:57.975 [JavaFX Application Thread] WARN  AssetLoader          - Failed to load texture enemy.png Error: java.lang.IllegalArgumentException: Asset "/assets/textures/enemy.png" was not found!
12:42:58.054 [JavaFX Application Thread] DEBUG Engine               - Applying CSS: fxgl_dark.css
12:42:58.054 [JavaFX Application Thread] DEBUG AssetLoader          - Loading from file system: /assets/ui/css/fxgl_dark.css
12:42:58.057 [JavaFX Application Thread] DEBUG AssetLoader          - Loading from file system: /assets/ui/cursors/fxgl_default.png
12:42:58.060 [JavaFX Application Thread] DEBUG MainWindow           - Opening main window
12:42:58.230 [JavaFX Application Thread] DEBUG MainWindow           - Window border size: (14.4000244140625, 37.5999755859375)
12:42:58.231 [JavaFX Application Thread] DEBUG MainWindow           - Scaled size: 900.0 x 800.0
12:42:58.231 [JavaFX Application Thread] DEBUG MainWindow           - Scaled ratio: (1.0, 1.0)
12:42:58.231 [JavaFX Application Thread] DEBUG MainWindow           - Scene size: 900.0 x 800.0
12:42:58.231 [JavaFX Application Thread] DEBUG MainWindow           - Stage size: 914.4000244140625 x 837.5999755859375
12:42:58.255 [FXGL Background Thread 1 ] DEBUG FS                   - Loaded FSServiceImpl
12:42:58.256 [FXGL Background Thread 1 ] DEBUG Engine               - Loading FXGL system data
12:42:58.266 [FXGL Background Thread 1 ] DEBUG FSServiceImpl        - Reading from: C:\Users\Patrick\Desktop\FXGLSpencerGalaxies\system\fxgl.bundle
12:42:58.288 [FXGL Background Thread 1 ] DEBUG Engine               - Bundle FXGL: {}
12:42:58.289 [FXGL Background Thread 1 ] DEBUG Engine               - Initializing application scenes
12:42:58.328 [FXGL Background Thread 1 ] DEBUG GameWorld            - Game world initialized
12:42:58.421 [FXGL Background Thread 1 ] DEBUG PhysicsWorld         - Physics world initialized: appHeight=800, physics.ppm=50,0
12:42:58.423 [FXGL Background Thread 1 ] DEBUG GameScene            - Game scene initialized: 900x800
12:42:58.458 [FXGL Background Thread 1 ] DEBUG AssetLoader          - Loading from file system: /assets/textures/MainMenu.gif
12:42:58.874 [FXGL Background Thread 1 ] DEBUG AssetLoader          - Loading from file system: /assets/textures/GameMenu.gif
12:42:59.084 [FXGL Background Thread 1 ] DEBUG Engine               - Application scenes initialized
12:42:59.087 [JavaFX Application Thread] DEBUG Engine               - Running preInit()
12:42:59.098 [JavaFX Application Thread] DEBUG Input                - Registered new binding: Move Right - D
12:42:59.098 [JavaFX Application Thread] DEBUG Input                - Registered new binding: Move Left - A
12:42:59.098 [JavaFX Application Thread] DEBUG Input                - Registered new binding: Move Up - W
12:42:59.098 [JavaFX Application Thread] DEBUG Input                - Registered new binding: Move Down - S
12:42:59.099 [JavaFX Application Thread] DEBUG Input                - Registered new binding: Shoot - LMB
12:42:59.100 [JavaFX Application Thread] DEBUG Input                - Registered new binding: Screenshot - P
12:42:59.101 [JavaFX Application Thread] DEBUG Input                - Registered new binding: System info dump - CTRL+9
12:42:59.101 [JavaFX Application Thread] DEBUG Input                - Registered new binding: Restart - CTRL+R
12:42:59.101 [JavaFX Application Thread] DEBUG Engine               - generateDefaultProfile()
12:42:59.101 [JavaFX Application Thread] DEBUG Engine               - Creating default profile
12:42:59.101 [JavaFX Application Thread] DEBUG EventBus             - Firing event: SaveEvent
12:42:59.116 [JavaFX Application Thread] DEBUG AssetLoader          - Loading from file system: /assets/music/MainMenuMusic.mp3
12:42:59.243 [JavaFX Application Thread] DEBUG AudioPlayer          - Playing music com.almasb.fxgl.audio.Music@79bee2bf
12:42:59.244 [JavaFX Application Thread] INFO  Engine               - FXGL initialization took: 1,993 sec
12:42:59.244 [JavaFX Application Thread] DEBUG LoopRunner           - Starting loop
12:42:59.247 [JavaFX Application Thread] DEBUG FXGLStartupScene     - STARTUP
12:42:59.249 [JavaFX Application Thread] DEBUG Input                - Clearing active input actions
12:42:59.264 [JavaFX Application Thread] DEBUG Engine               - Removing overlay from FXGLStartupScene and adding to SpencerMainMenu
12:42:59.264 [JavaFX Application Thread] DEBUG MainWindow           - FXGLStartupScene -> SpencerMainMenu
12:43:04.782 [JavaFX Application Thread] FATAL Engine               - Uncaught Exception:

Fatal exception occurred: java.lang.NullPointerException : Input stream must not be null
E: javafx.graphics/javafx.scene.image.Image.validateInputStream(Image.java:1117)
E: javafx.graphics/javafx.scene.image.Image.<init>(Image.java:701)
E: main.Menues.SpencerMainMenu.showScores(SpencerMainMenu.java:129)
E: main.Menues.SpencerMainMenu.lambda$new$1(SpencerMainMenu.java:38)
E: main.Menues.SpencerMainMenu$PokeBounceButton.lambda$new$0(SpencerMainMenu.java:201)
E: javafx.base/com.sun.javafx.event.CompositeEventHandler.dispatchBubblingEvent(CompositeEventHandler.java:86)
E: javafx.base/com.sun.javafx.event.EventHandlerManager.dispatchBubblingEvent(EventHandlerManager.java:238)
E: javafx.base/com.sun.javafx.event.EventHandlerManager.dispatchBubblingEvent(EventHandlerManager.java:191)
E: javafx.base/com.sun.javafx.event.CompositeEventDispatcher.dispatchBubblingEvent(CompositeEventDispatcher.java:59)
E: javafx.base/com.sun.javafx.event.BasicEventDispatcher.dispatchEvent(BasicEventDispatcher.java:58)
E: javafx.base/com.sun.javafx.event.EventDispatchChainImpl.dispatchEvent(EventDispatchChainImpl.java:114)
E: javafx.base/com.sun.javafx.event.BasicEventDispatcher.dispatchEvent(BasicEventDispatcher.java:56)
E: javafx.base/com.sun.javafx.event.EventDispatchChainImpl.dispatchEvent(EventDispatchChainImpl.java:114)
E: javafx.base/com.sun.javafx.event.BasicEventDispatcher.dispatchEvent(BasicEventDispatcher.java:56)
E: javafx.base/com.sun.javafx.event.EventDispatchChainImpl.dispatchEvent(EventDispatchChainImpl.java:114)
E: javafx.base/com.sun.javafx.event.EventUtil.fireEventImpl(EventUtil.java:74)
E: javafx.base/com.sun.javafx.event.EventUtil.fireEvent(EventUtil.java:54)
E: javafx.base/javafx.event.Event.fireEvent(Event.java:198)
E: javafx.graphics/javafx.scene.Scene$ClickGenerator.postProcess(Scene.java:3589)
E: javafx.graphics/javafx.scene.Scene$ClickGenerator.access$8300(Scene.java:3517)
E: javafx.graphics/javafx.scene.Scene$MouseHandler.process(Scene.java:3885)
E: javafx.graphics/javafx.scene.Scene$MouseHandler.access$1300(Scene.java:3604)
E: javafx.graphics/javafx.scene.Scene.processMouseEvent(Scene.java:1874)
E: javafx.graphics/javafx.scene.Scene$ScenePeerListener.mouseEvent(Scene.java:2613)
E: javafx.graphics/com.sun.javafx.tk.quantum.GlassViewEventHandler$MouseEventNotification.run(GlassViewEventHandler.java:397)
E: javafx.graphics/com.sun.javafx.tk.quantum.GlassViewEventHandler$MouseEventNotification.run(GlassViewEventHandler.java:295)
E: java.base/java.security.AccessController.doPrivileged(Native Method)
E: javafx.graphics/com.sun.javafx.tk.quantum.GlassViewEventHandler.lambda$handleMouseEvent$2(GlassViewEventHandler.java:434)
E: javafx.graphics/com.sun.javafx.tk.quantum.QuantumToolkit.runWithoutRenderLock(QuantumToolkit.java:395)
E: javafx.graphics/com.sun.javafx.tk.quantum.GlassViewEventHandler.handleMouseEvent(GlassViewEventHandler.java:433)
E: javafx.graphics/com.sun.glass.ui.View.handleMouseEvent(View.java:556)
E: javafx.graphics/com.sun.glass.ui.View.notifyMouse(View.java:942)
E: javafx.graphics/com.sun.glass.ui.win.WinApplication._runLoop(Native Method)
E: javafx.graphics/com.sun.glass.ui.win.WinApplication.lambda$runLoop$3(WinApplication.java:175)
E: java.base/java.lang.Thread.run(Thread.java:834)

12:43:04.782 [JavaFX Application Thread] FATAL Engine               - Application will now exit
12:43:04.782 [JavaFX Application Thread] DEBUG LoopRunner           - Stopping loop
12:43:15.122 [JavaFX Application Thread] DEBUG Engine               - Exiting FXGL
12:43:15.122 [JavaFX Application Thread] DEBUG Engine               - Shutting down background threads
12:43:15.123 [JavaFX Application Thread] DEBUG Engine               - Saving FXGL system data
12:43:15.126 [JavaFX Application Thread] DEBUG FSServiceImpl        - Writing to: C:\Users\Patrick\Desktop\FXGLSpencerGalaxies\system\fxgl.bundle
12:43:15.128 [JavaFX Application Thread] DEBUG Engine               - Closing logger and exiting JavaFX
