12:37:19.851 [main                     ] DEBUG GameApplication      - Logger initialized
12:37:19.878 [main                     ] DEBUG GameApplication      - Logging settings
Title: SPENCER - Zealand
Version: 1.0
Width: 900
Height: 800
Fullscreen: false
Intro: false
Menus: true
Profiling: false
Single step:false
App Mode: DEVELOPER
Menu Key: ESCAPE
Stage Style: DECORATED
Scene Factory: class main.Control.BasicGameApp$1
Dialog Factory: class com.almasb.fxgl.ui.FXGLDialogFactory
UI Factory: class com.almasb.fxgl.ui.FXGLUIFactory

12:37:20.108 [JavaFX Application Thread] DEBUG Engine               - Initializing FXGL
12:37:20.108 [JavaFX Application Thread] INFO  Engine               - FXGL-11.7 (05.01.2020 09.46) on WINDOWS (J:11.0.4 FX:10.0.2-internal)
12:37:20.108 [JavaFX Application Thread] INFO  Engine               - Source code and latest versions at: https://github.com/AlmasB/FXGL
12:37:20.108 [JavaFX Application Thread] INFO  Engine               -              Join the FXGL chat at: https://gitter.im/AlmasB/FXGL
12:37:20.109 [JavaFX Application Thread] DEBUG Engine               - Initializing environment variables
12:37:20.110 [JavaFX Application Thread] DEBUG Engine               - Logging environment variables
12:37:20.110 [JavaFX Application Thread] DEBUG Engine               - achievements: []
12:37:20.111 [JavaFX Application Thread] DEBUG Engine               - sceneStack: com.almasb.fxgl.app.Engine@2e7efedd
12:37:20.111 [JavaFX Application Thread] DEBUG Engine               - language: ObjectProperty [value: ENGLISH]
12:37:20.111 [JavaFX Application Thread] DEBUG Engine               - isCloseConfirmation: false
12:37:20.111 [JavaFX Application Thread] DEBUG Engine               - isProfilingEnabled: false
12:37:20.111 [JavaFX Application Thread] DEBUG Engine               - soundNotification: core/notification.wav
12:37:20.111 [JavaFX Application Thread] DEBUG Engine               - devShowBBoxProperty: BooleanProperty [value: false]
12:37:20.112 [JavaFX Application Thread] DEBUG Engine               - pixelsPerMeter: 50.0
12:37:20.113 [JavaFX Application Thread] DEBUG Engine               - overlayRoot: Group@548b2503
12:37:20.113 [JavaFX Application Thread] DEBUG Engine               - appIcon: enemy.png
12:37:20.113 [JavaFX Application Thread] DEBUG Engine               - soundMenuBack: menu/back.wav
12:37:20.113 [JavaFX Application Thread] DEBUG Engine               - isFullScreenAllowed: false
12:37:20.113 [JavaFX Application Thread] DEBUG Engine               - isIntroEnabled: false
12:37:20.113 [JavaFX Application Thread] DEBUG Engine               - eventBus: com.almasb.fxgl.event.EventBus@63d880d7
12:37:20.113 [JavaFX Application Thread] DEBUG Engine               - fontMono: lucida_console.ttf
12:37:20.113 [JavaFX Application Thread] DEBUG Engine               - soundMenuSelect: menu/select.wav
12:37:20.113 [JavaFX Application Thread] DEBUG Engine               - isWindows: true
12:37:20.113 [JavaFX Application Thread] DEBUG Engine               - isMobile: false
12:37:20.114 [JavaFX Application Thread] DEBUG Engine               - height: 800
12:37:20.114 [JavaFX Application Thread] DEBUG Engine               - isExperimentalNative: false
12:37:20.114 [JavaFX Application Thread] DEBUG Engine               - isSingleStep: false
12:37:20.114 [JavaFX Application Thread] DEBUG Engine               - cSSList: [fxgl_dark.css]
12:37:20.114 [JavaFX Application Thread] DEBUG Engine               - fontGame: Abel-Regular.ttf
12:37:20.114 [JavaFX Application Thread] DEBUG Engine               - menuKey: ESCAPE
12:37:20.114 [JavaFX Application Thread] DEBUG Engine               - devShowPositionProperty: BooleanProperty [value: false]
12:37:20.114 [JavaFX Application Thread] DEBUG Engine               - versionCheckDays: 7
12:37:20.115 [JavaFX Application Thread] DEBUG Engine               - masterTimer: com.almasb.fxgl.time.Timer@3a890267
12:37:20.115 [JavaFX Application Thread] DEBUG Engine               - configClass: Optional.empty
12:37:20.115 [JavaFX Application Thread] DEBUG Engine               - isFullScreenFromStart: false
12:37:20.115 [JavaFX Application Thread] DEBUG Engine               - version: 1.0
12:37:20.115 [JavaFX Application Thread] DEBUG Engine               - fullScreen: BooleanProperty [value: false]
12:37:20.115 [JavaFX Application Thread] DEBUG Engine               - randomSeed: -1
12:37:20.115 [JavaFX Application Thread] DEBUG Engine               - dialogFactory: com.almasb.fxgl.ui.FXGLDialogFactory@5e40ae28
12:37:20.116 [JavaFX Application Thread] DEBUG Engine               - applicationMode: DEVELOPER
12:37:20.116 [JavaFX Application Thread] DEBUG Engine               - isMac: false
12:37:20.116 [JavaFX Application Thread] DEBUG Engine               - urlGoogleForms: https://goo.gl/forms/6wrMnOBxTE1fEpOy2
12:37:20.116 [JavaFX Application Thread] DEBUG Engine               - isMenuEnabled: true
12:37:20.116 [JavaFX Application Thread] DEBUG Engine               - urlPOM: https://raw.githubusercontent.com/AlmasB/FXGL/master/pom.xml
12:37:20.116 [JavaFX Application Thread] DEBUG Engine               - profileName: user.profile
12:37:20.116 [JavaFX Application Thread] DEBUG Engine               - notificationViewClass: class com.almasb.fxgl.notification.view.XboxNotificationView
12:37:20.116 [JavaFX Application Thread] DEBUG Engine               - devSensorColorProperty: ObjectProperty [value: 0xffff00ff]
12:37:20.116 [JavaFX Application Thread] DEBUG Engine               - sceneFactory: main.Control.BasicGameApp$1@53ee3bde
12:37:20.117 [JavaFX Application Thread] DEBUG Engine               - dataFileExt: .dat
12:37:20.117 [JavaFX Application Thread] DEBUG Engine               - stageStyle: DECORATED
12:37:20.117 [JavaFX Application Thread] DEBUG Engine               - isManualResizeEnabled: false
12:37:20.117 [JavaFX Application Thread] DEBUG Engine               - title: SPENCER - Zealand
12:37:20.117 [JavaFX Application Thread] DEBUG Engine               - platform: WINDOWS
12:37:20.117 [JavaFX Application Thread] DEBUG Engine               - devBBoxColorProperty: ObjectProperty [value: 0xff0000ff]
12:37:20.117 [JavaFX Application Thread] DEBUG Engine               - isDesktop: true
12:37:20.117 [JavaFX Application Thread] DEBUG Engine               - credits: []
12:37:20.117 [JavaFX Application Thread] DEBUG Engine               - globalMusicVolumeProperty: DoubleProperty [value: 0.5]
12:37:20.117 [JavaFX Application Thread] DEBUG Engine               - uIFactory: com.almasb.fxgl.ui.FXGLUIFactory@7417d74c
12:37:20.117 [JavaFX Application Thread] DEBUG Engine               - isPreserveResizeRatio: false
12:37:20.118 [JavaFX Application Thread] DEBUG Engine               - fontText: Courier-Prime.ttf
12:37:20.118 [JavaFX Application Thread] DEBUG Engine               - isExperimentalTiledLargeMap: false
12:37:20.118 [JavaFX Application Thread] DEBUG Engine               - secondsIn24h: 60
12:37:20.118 [JavaFX Application Thread] DEBUG Engine               - runtimeInfo: RuntimeInfo(platform=WINDOWS, version=11.7, build=05.01.2020 09.46)
12:37:20.118 [JavaFX Application Thread] DEBUG Engine               - isLinux: false
12:37:20.118 [JavaFX Application Thread] DEBUG Engine               - soundMenuPress: menu/press.wav
12:37:20.118 [JavaFX Application Thread] DEBUG Engine               - urlGithub: https://github.com/AlmasB/FXGL
12:37:20.118 [JavaFX Application Thread] DEBUG Engine               - profileDir: profiles/
12:37:20.118 [JavaFX Application Thread] DEBUG Engine               - isDeveloperMenuEnabled: false
12:37:20.119 [JavaFX Application Thread] DEBUG Engine               - globalSoundVolumeProperty: DoubleProperty [value: 0.5]
12:37:20.119 [JavaFX Application Thread] DEBUG Engine               - isBrowser: false
12:37:20.119 [JavaFX Application Thread] DEBUG Engine               - urlLeaderboard: http://fxgl-top.herokuapp.com/
12:37:20.119 [JavaFX Application Thread] DEBUG Engine               - globalSoundVolume: 0.5
12:37:20.119 [JavaFX Application Thread] DEBUG Engine               - saveDir: saves/
12:37:20.119 [JavaFX Application Thread] DEBUG Engine               - engineServices: [class com.almasb.fxgl.audio.AudioPlayer, class com.almasb.fxgl.notification.impl.NotificationServiceProvider, class com.almasb.fxgl.achievement.AchievementManager, class com.almasb.fxgl.cutscene.CutsceneService, class com.almasb.fxgl.minigames.MiniGameService]
12:37:20.119 [JavaFX Application Thread] DEBUG Engine               - globalMusicVolume: 0.5
12:37:20.119 [JavaFX Application Thread] DEBUG Engine               - width: 900
12:37:20.119 [JavaFX Application Thread] DEBUG Engine               - saveFileExt: .sav
12:37:20.120 [JavaFX Application Thread] DEBUG Engine               - isAndroid: false
12:37:20.120 [JavaFX Application Thread] DEBUG Engine               - fontUI: VarelaRound-Regular.ttf
12:37:20.120 [JavaFX Application Thread] DEBUG Engine               - enabledMenuItems: []
12:37:20.120 [JavaFX Application Thread] DEBUG Engine               - isIOS: false
12:37:20.122 [JavaFX Application Thread] DEBUG Engine               - Adding new engine service: class com.almasb.fxgl.audio.AudioPlayer
12:37:20.123 [JavaFX Application Thread] DEBUG Engine               - Adding new engine service: class com.almasb.fxgl.notification.impl.NotificationServiceProvider
12:37:20.123 [JavaFX Application Thread] DEBUG Engine               - Adding new engine service: class com.almasb.fxgl.achievement.AchievementManager
12:37:20.123 [JavaFX Application Thread] DEBUG Engine               - Adding new engine service: class com.almasb.fxgl.cutscene.CutsceneService
12:37:20.124 [JavaFX Application Thread] DEBUG Engine               - Adding new engine service: class com.almasb.fxgl.minigames.MiniGameService
12:37:20.126 [JavaFX Application Thread] DEBUG Engine               - Loading localizations
12:37:20.128 [JavaFX Application Thread] DEBUG AssetLoader          - Loading from file system: /assets/properties/languages/english.properties
12:37:20.130 [JavaFX Application Thread] DEBUG AssetLoader          - Loading from file system: /assets/properties/languages/french.properties
12:37:20.131 [JavaFX Application Thread] DEBUG AssetLoader          - Loading from file system: /assets/properties/languages/german.properties
12:37:20.132 [JavaFX Application Thread] DEBUG AssetLoader          - Loading from file system: /assets/properties/languages/russian.properties
12:37:20.133 [JavaFX Application Thread] DEBUG AssetLoader          - Loading from file system: /assets/properties/languages/hungarian.properties
12:37:20.134 [JavaFX Application Thread] DEBUG Engine               - Registering font factories
12:37:20.134 [JavaFX Application Thread] DEBUG AssetLoader          - Loading from file system: /assets/ui/fonts/VarelaRound-Regular.ttf
12:37:20.378 [JavaFX Application Thread] DEBUG AssetLoader          - Loading from file system: /assets/ui/fonts/Abel-Regular.ttf
12:37:20.382 [JavaFX Application Thread] DEBUG AssetLoader          - Loading from file system: /assets/ui/fonts/lucida_console.ttf
12:37:20.386 [JavaFX Application Thread] DEBUG AssetLoader          - Loading from file system: /assets/ui/fonts/Courier-Prime.ttf
12:37:20.390 [JavaFX Application Thread] DEBUG Engine               - Setting UI factory
12:37:20.465 [JavaFX Application Thread] DEBUG AssetLoader          - Loading from file system: /assets/textures/fxgl_logo.png
12:37:20.509 [JavaFX Application Thread] DEBUG MainWindow           - Creating a JavaFX scene
12:37:20.541 [JavaFX Application Thread] DEBUG MainWindow           - Target settings size: 900.0 x 800.0
12:37:20.541 [JavaFX Application Thread] DEBUG MainWindow           - Scaled scene size:    900.0 x 800.0
12:37:20.541 [JavaFX Application Thread] DEBUG MainWindow           - Scaled ratio: (1.0, 1.0)
12:37:20.543 [JavaFX Application Thread] DEBUG MainWindow           - Set initial scene to FXGLStartupScene
12:37:20.549 [JavaFX Application Thread] DEBUG AssetLoader          - Loading from file system: /assets/textures/enemy.png
12:37:20.550 [JavaFX Application Thread] WARN  AssetLoader          - Failed to load texture enemy.png Error: java.lang.IllegalArgumentException: Asset "/assets/textures/enemy.png" was not found!
12:37:20.598 [JavaFX Application Thread] DEBUG Engine               - Applying CSS: fxgl_dark.css
12:37:20.599 [JavaFX Application Thread] DEBUG AssetLoader          - Loading from file system: /assets/ui/css/fxgl_dark.css
12:37:20.601 [JavaFX Application Thread] DEBUG AssetLoader          - Loading from file system: /assets/ui/cursors/fxgl_default.png
12:37:20.602 [JavaFX Application Thread] DEBUG MainWindow           - Opening main window
12:37:20.708 [JavaFX Application Thread] DEBUG MainWindow           - Window border size: (14.4000244140625, 37.5999755859375)
12:37:20.708 [JavaFX Application Thread] DEBUG MainWindow           - Scaled size: 900.0 x 800.0
12:37:20.708 [JavaFX Application Thread] DEBUG MainWindow           - Scaled ratio: (1.0, 1.0)
12:37:20.709 [JavaFX Application Thread] DEBUG MainWindow           - Scene size: 900.0 x 800.0
12:37:20.709 [JavaFX Application Thread] DEBUG MainWindow           - Stage size: 914.4000244140625 x 837.5999755859375
12:37:20.727 [FXGL Background Thread 1 ] DEBUG FS                   - Loaded FSServiceImpl
12:37:20.727 [FXGL Background Thread 1 ] DEBUG Engine               - Loading FXGL system data
12:37:20.739 [FXGL Background Thread 1 ] DEBUG FSServiceImpl        - Reading from: C:\Users\Patrick\Desktop\FXGLSpencerGalaxies\system\fxgl.bundle
12:37:20.756 [FXGL Background Thread 1 ] DEBUG Engine               - Bundle FXGL: {}
12:37:20.756 [FXGL Background Thread 1 ] DEBUG Engine               - Initializing application scenes
12:37:20.783 [FXGL Background Thread 1 ] DEBUG GameWorld            - Game world initialized
12:37:20.842 [FXGL Background Thread 1 ] DEBUG PhysicsWorld         - Physics world initialized: appHeight=800, physics.ppm=50,0
12:37:20.844 [FXGL Background Thread 1 ] DEBUG GameScene            - Game scene initialized: 900x800
12:37:20.872 [FXGL Background Thread 1 ] DEBUG AssetLoader          - Loading from file system: /assets/textures/MainMenu.gif
12:37:21.149 [FXGL Background Thread 1 ] DEBUG AssetLoader          - Loading from file system: /assets/textures/GameMenu.gif
12:37:21.257 [FXGL Background Thread 1 ] DEBUG Engine               - Application scenes initialized
12:37:21.260 [JavaFX Application Thread] DEBUG Engine               - Running preInit()
12:37:21.267 [JavaFX Application Thread] DEBUG Input                - Registered new binding: Move Right - D
12:37:21.268 [JavaFX Application Thread] DEBUG Input                - Registered new binding: Move Left - A
12:37:21.268 [JavaFX Application Thread] DEBUG Input                - Registered new binding: Move Up - W
12:37:21.268 [JavaFX Application Thread] DEBUG Input                - Registered new binding: Move Down - S
12:37:21.268 [JavaFX Application Thread] DEBUG Input                - Registered new binding: Shoot - LMB
12:37:21.269 [JavaFX Application Thread] DEBUG Input                - Registered new binding: Screenshot - P
12:37:21.269 [JavaFX Application Thread] DEBUG Input                - Registered new binding: System info dump - CTRL+9
12:37:21.270 [JavaFX Application Thread] DEBUG Input                - Registered new binding: Restart - CTRL+R
12:37:21.270 [JavaFX Application Thread] DEBUG Engine               - generateDefaultProfile()
12:37:21.270 [JavaFX Application Thread] DEBUG Engine               - Creating default profile
12:37:21.270 [JavaFX Application Thread] DEBUG EventBus             - Firing event: SaveEvent
12:37:21.278 [JavaFX Application Thread] DEBUG AssetLoader          - Loading from file system: /assets/music/MainMenuMusic.mp3
12:37:21.360 [JavaFX Application Thread] DEBUG AudioPlayer          - Playing music com.almasb.fxgl.audio.Music@621ae561
12:37:21.361 [JavaFX Application Thread] INFO  Engine               - FXGL initialization took: 1,234 sec
12:37:21.361 [JavaFX Application Thread] DEBUG LoopRunner           - Starting loop
12:37:21.363 [JavaFX Application Thread] DEBUG FXGLStartupScene     - STARTUP
12:37:21.364 [JavaFX Application Thread] DEBUG Input                - Clearing active input actions
12:37:21.373 [JavaFX Application Thread] DEBUG Engine               - Removing overlay from FXGLStartupScene and adding to SpencerMainMenu
12:37:21.374 [JavaFX Application Thread] DEBUG MainWindow           - FXGLStartupScene -> SpencerMainMenu
12:37:21.939 [JavaFX Application Thread] DEBUG Menu                 - fireNewGame()
12:37:21.939 [JavaFX Application Thread] DEBUG Engine               - Starting new game
12:37:21.944 [JavaFX Application Thread] DEBUG Input                - Clearing active input actions
12:37:21.944 [FXGL Background Thread 1 ] DEBUG InitAppTask          - Clearing previous game
12:37:21.944 [FXGL Background Thread 1 ] DEBUG GameWorld            - Clearing game world
12:37:21.944 [FXGL Background Thread 1 ] DEBUG PhysicsWorld         - Clearing physics world
12:37:21.945 [FXGL Background Thread 1 ] DEBUG GameScene            - Clearing game scene
12:37:21.945 [FXGL Background Thread 1 ] DEBUG InitAppTask          - Initializing Game
12:37:21.945 [FXGL Background Thread 1 ] DEBUG AudioPlayer          - Stopping music com.almasb.fxgl.audio.Music@621ae561
12:37:21.946 [FXGL Background Thread 1 ] DEBUG AssetLoader          - Loading from file system: /assets/music/InGameMusic.mp3
12:37:21.956 [JavaFX Application Thread] DEBUG Engine               - Removing overlay from SpencerMainMenu and adding to LoadingScene
12:37:21.957 [JavaFX Application Thread] DEBUG MainWindow           - SpencerMainMenu -> LoadingScene
12:37:21.993 [FXGL Background Thread 1 ] DEBUG AudioPlayer          - Playing music com.almasb.fxgl.audio.Music@626fc4ef
12:37:22.010 [FXGL Background Thread 1 ] DEBUG AssetLoader          - Loading from file system: /assets/sounds/NewEvilPuffEntry.wav
12:37:22.021 [FXGL Background Thread 1 ] DEBUG AssetLoader          - Loading from file system: /assets/sounds/NewCoinEntry.wav
12:37:22.027 [FXGL Background Thread 1 ] DEBUG AssetLoader          - Loading from file system: /assets/sounds/PowerUpSpawn.wav
12:37:22.031 [FXGL Background Thread 1 ] DEBUG AssetLoader          - Loading from file system: /assets/sounds/FreezePowerSpawn.wav
12:37:22.040 [FXGL Background Thread 1 ] DEBUG AssetLoader          - Loading from file system: /assets/textures/enemy.gif
12:37:22.060 [FXGL Background Thread 1 ] DEBUG AssetLoader          - Loading from file system: /assets/textures/Ship.gif
12:37:22.063 [FXGL Background Thread 1 ] DEBUG AssetLoader          - Loading from file system: /assets/textures/spencerBackground.png
12:37:22.111 [FXGL Background Thread 1 ] DEBUG InitAppTask          - Initializing Physics
12:37:22.112 [FXGL Background Thread 1 ] DEBUG InitAppTask          - Initializing UI
12:37:22.115 [FXGL Background Thread 1 ] DEBUG InitAppTask          - Initialization Complete
12:37:22.115 [FXGL Background Thread 1 ] INFO  InitAppTask          - Game initialization took: 0,170 sec
12:37:22.845 [JavaFX Application Thread] DEBUG Input                - Clearing active input actions
12:37:22.853 [JavaFX Application Thread] DEBUG Engine               - Removing overlay from LoadingScene and adding to GameScene
12:37:22.853 [JavaFX Application Thread] DEBUG MainWindow           - LoadingScene -> GameScene
12:37:22.862 [JavaFX Application Thread] DEBUG AssetLoader          - Loading from cache: /assets/textures/enemy.gif
12:37:22.872 [JavaFX Application Thread] DEBUG AssetLoader          - Loading from cache: /assets/textures/Ship.gif
12:37:22.877 [JavaFX Application Thread] DEBUG AssetLoader          - Loading from cache: /assets/textures/enemy.gif
12:37:22.878 [JavaFX Application Thread] DEBUG AssetLoader          - Loading from cache: /assets/textures/Ship.gif
12:37:22.909 [JavaFX Application Thread] DEBUG AssetLoader          - Loading from cache: /assets/textures/enemy.gif
12:37:22.910 [JavaFX Application Thread] DEBUG AssetLoader          - Loading from cache: /assets/textures/Ship.gif
12:37:22.925 [JavaFX Application Thread] DEBUG AssetLoader          - Loading from cache: /assets/textures/enemy.gif
12:37:22.925 [JavaFX Application Thread] DEBUG AssetLoader          - Loading from cache: /assets/textures/Ship.gif
12:37:22.941 [JavaFX Application Thread] DEBUG AssetLoader          - Loading from cache: /assets/textures/enemy.gif
12:37:22.942 [JavaFX Application Thread] DEBUG AssetLoader          - Loading from cache: /assets/textures/Ship.gif
12:37:22.973 [JavaFX Application Thread] DEBUG AssetLoader          - Loading from cache: /assets/textures/enemy.gif
12:37:22.974 [JavaFX Application Thread] DEBUG AssetLoader          - Loading from cache: /assets/textures/Ship.gif
12:37:22.989 [JavaFX Application Thread] DEBUG AssetLoader          - Loading from cache: /assets/textures/enemy.gif
12:37:22.990 [JavaFX Application Thread] DEBUG AssetLoader          - Loading from cache: /assets/textures/Ship.gif
12:37:23.005 [JavaFX Application Thread] DEBUG AssetLoader          - Loading from cache: /assets/textures/enemy.gif
12:37:23.006 [JavaFX Application Thread] DEBUG AssetLoader          - Loading from cache: /assets/textures/Ship.gif
12:37:23.021 [JavaFX Application Thread] DEBUG AssetLoader          - Loading from cache: /assets/textures/enemy.gif
12:37:23.022 [JavaFX Application Thread] DEBUG AssetLoader          - Loading from cache: /assets/textures/Ship.gif
12:37:23.053 [JavaFX Application Thread] DEBUG AssetLoader          - Loading from cache: /assets/textures/enemy.gif
12:37:23.054 [JavaFX Application Thread] DEBUG AssetLoader          - Loading from cache: /assets/textures/Ship.gif
12:37:23.085 [JavaFX Application Thread] DEBUG AssetLoader          - Loading from cache: /assets/textures/enemy.gif
12:37:23.085 [JavaFX Application Thread] DEBUG AssetLoader          - Loading from cache: /assets/textures/Ship.gif
12:37:23.101 [JavaFX Application Thread] DEBUG AssetLoader          - Loading from cache: /assets/textures/enemy.gif
12:37:23.102 [JavaFX Application Thread] DEBUG AssetLoader          - Loading from cache: /assets/textures/Ship.gif
12:37:23.117 [JavaFX Application Thread] DEBUG AssetLoader          - Loading from cache: /assets/textures/enemy.gif
12:37:23.118 [JavaFX Application Thread] DEBUG AssetLoader          - Loading from cache: /assets/textures/Ship.gif
12:37:23.181 [JavaFX Application Thread] DEBUG AssetLoader          - Loading from cache: /assets/textures/enemy.gif
12:37:23.183 [JavaFX Application Thread] DEBUG AssetLoader          - Loading from cache: /assets/textures/Ship.gif
12:37:23.198 [JavaFX Application Thread] DEBUG AssetLoader          - Loading from cache: /assets/textures/enemy.gif
12:37:23.203 [JavaFX Application Thread] DEBUG AssetLoader          - Loading from cache: /assets/textures/Ship.gif
12:37:23.213 [JavaFX Application Thread] DEBUG AssetLoader          - Loading from cache: /assets/textures/enemy.gif
12:37:23.214 [JavaFX Application Thread] DEBUG AssetLoader          - Loading from cache: /assets/textures/Ship.gif
12:37:23.230 [JavaFX Application Thread] DEBUG AssetLoader          - Loading from cache: /assets/textures/enemy.gif
12:37:23.230 [JavaFX Application Thread] DEBUG AssetLoader          - Loading from cache: /assets/textures/Ship.gif
12:37:23.245 [JavaFX Application Thread] DEBUG AssetLoader          - Loading from cache: /assets/textures/enemy.gif
12:37:23.246 [JavaFX Application Thread] DEBUG AssetLoader          - Loading from cache: /assets/textures/Ship.gif
12:37:23.261 [JavaFX Application Thread] DEBUG AssetLoader          - Loading from cache: /assets/textures/enemy.gif
12:37:23.262 [JavaFX Application Thread] DEBUG AssetLoader          - Loading from cache: /assets/textures/Ship.gif
12:37:23.282 [JavaFX Application Thread] DEBUG AssetLoader          - Loading from cache: /assets/textures/enemy.gif
12:37:23.283 [JavaFX Application Thread] DEBUG AssetLoader          - Loading from cache: /assets/textures/Ship.gif
12:37:23.293 [JavaFX Application Thread] DEBUG AssetLoader          - Loading from cache: /assets/textures/enemy.gif
12:37:23.294 [JavaFX Application Thread] DEBUG AssetLoader          - Loading from cache: /assets/textures/Ship.gif
12:37:23.309 [JavaFX Application Thread] DEBUG AssetLoader          - Loading from cache: /assets/textures/enemy.gif
12:37:23.310 [JavaFX Application Thread] DEBUG AssetLoader          - Loading from cache: /assets/textures/Ship.gif
12:37:23.332 [JavaFX Application Thread] DEBUG AssetLoader          - Loading from cache: /assets/textures/enemy.gif
12:37:23.333 [JavaFX Application Thread] DEBUG AssetLoader          - Loading from cache: /assets/textures/Ship.gif
12:37:23.341 [JavaFX Application Thread] DEBUG AssetLoader          - Loading from cache: /assets/textures/enemy.gif
12:37:23.342 [JavaFX Application Thread] DEBUG AssetLoader          - Loading from cache: /assets/textures/Ship.gif
12:37:23.357 [JavaFX Application Thread] DEBUG AssetLoader          - Loading from cache: /assets/textures/enemy.gif
12:37:23.357 [JavaFX Application Thread] DEBUG AssetLoader          - Loading from cache: /assets/textures/Ship.gif
12:37:23.373 [JavaFX Application Thread] DEBUG AssetLoader          - Loading from cache: /assets/textures/enemy.gif
12:37:23.374 [JavaFX Application Thread] DEBUG AssetLoader          - Loading from cache: /assets/textures/Ship.gif
12:37:23.389 [JavaFX Application Thread] DEBUG AssetLoader          - Loading from cache: /assets/textures/enemy.gif
12:37:23.390 [JavaFX Application Thread] DEBUG AssetLoader          - Loading from cache: /assets/textures/Ship.gif
12:37:23.405 [JavaFX Application Thread] DEBUG AssetLoader          - Loading from cache: /assets/textures/enemy.gif
12:37:23.405 [JavaFX Application Thread] DEBUG AssetLoader          - Loading from cache: /assets/textures/Ship.gif
12:37:23.421 [JavaFX Application Thread] DEBUG AssetLoader          - Loading from cache: /assets/textures/enemy.gif
12:37:23.423 [JavaFX Application Thread] DEBUG AssetLoader          - Loading from cache: /assets/textures/Ship.gif
12:37:23.437 [JavaFX Application Thread] DEBUG AssetLoader          - Loading from cache: /assets/textures/enemy.gif
12:37:23.438 [JavaFX Application Thread] DEBUG AssetLoader          - Loading from cache: /assets/textures/Ship.gif
12:37:23.454 [JavaFX Application Thread] DEBUG AssetLoader          - Loading from cache: /assets/textures/enemy.gif
12:37:23.454 [JavaFX Application Thread] DEBUG AssetLoader          - Loading from cache: /assets/textures/Ship.gif
12:37:23.469 [JavaFX Application Thread] DEBUG AssetLoader          - Loading from cache: /assets/textures/enemy.gif
12:37:23.470 [JavaFX Application Thread] DEBUG AssetLoader          - Loading from cache: /assets/textures/Ship.gif
12:37:23.485 [JavaFX Application Thread] DEBUG AssetLoader          - Loading from cache: /assets/textures/enemy.gif
12:37:23.486 [JavaFX Application Thread] DEBUG AssetLoader          - Loading from cache: /assets/textures/Ship.gif
12:37:23.501 [JavaFX Application Thread] DEBUG AssetLoader          - Loading from cache: /assets/textures/enemy.gif
12:37:23.502 [JavaFX Application Thread] DEBUG AssetLoader          - Loading from cache: /assets/textures/Ship.gif
12:37:23.517 [JavaFX Application Thread] DEBUG AssetLoader          - Loading from cache: /assets/textures/enemy.gif
12:37:23.517 [JavaFX Application Thread] DEBUG AssetLoader          - Loading from cache: /assets/textures/Ship.gif
12:37:23.533 [JavaFX Application Thread] DEBUG AssetLoader          - Loading from cache: /assets/textures/enemy.gif
12:37:23.534 [JavaFX Application Thread] DEBUG AssetLoader          - Loading from cache: /assets/textures/Ship.gif
12:37:23.549 [JavaFX Application Thread] DEBUG AssetLoader          - Loading from cache: /assets/textures/enemy.gif
12:37:23.550 [JavaFX Application Thread] DEBUG AssetLoader          - Loading from cache: /assets/textures/Ship.gif
12:37:23.566 [JavaFX Application Thread] DEBUG AssetLoader          - Loading from cache: /assets/textures/enemy.gif
12:37:23.567 [JavaFX Application Thread] DEBUG AssetLoader          - Loading from cache: /assets/textures/Ship.gif
12:37:23.582 [JavaFX Application Thread] DEBUG AssetLoader          - Loading from cache: /assets/textures/enemy.gif
12:37:23.583 [JavaFX Application Thread] DEBUG AssetLoader          - Loading from cache: /assets/textures/Ship.gif
12:37:23.613 [JavaFX Application Thread] DEBUG AssetLoader          - Loading from cache: /assets/textures/enemy.gif
12:37:23.614 [JavaFX Application Thread] DEBUG AssetLoader          - Loading from cache: /assets/textures/Ship.gif
12:37:23.629 [JavaFX Application Thread] DEBUG AssetLoader          - Loading from cache: /assets/textures/enemy.gif
12:37:23.629 [JavaFX Application Thread] DEBUG AssetLoader          - Loading from cache: /assets/textures/Ship.gif
12:37:23.645 [JavaFX Application Thread] DEBUG AssetLoader          - Loading from cache: /assets/textures/enemy.gif
12:37:23.645 [JavaFX Application Thread] DEBUG AssetLoader          - Loading from cache: /assets/textures/Ship.gif
12:37:23.661 [JavaFX Application Thread] DEBUG AssetLoader          - Loading from cache: /assets/textures/enemy.gif
12:37:23.662 [JavaFX Application Thread] DEBUG AssetLoader          - Loading from cache: /assets/textures/Ship.gif
12:37:23.677 [JavaFX Application Thread] DEBUG AssetLoader          - Loading from cache: /assets/textures/enemy.gif
12:37:23.678 [JavaFX Application Thread] DEBUG AssetLoader          - Loading from cache: /assets/textures/Ship.gif
12:37:23.693 [JavaFX Application Thread] DEBUG AssetLoader          - Loading from cache: /assets/textures/enemy.gif
12:37:23.693 [JavaFX Application Thread] DEBUG AssetLoader          - Loading from cache: /assets/textures/Ship.gif
12:37:23.709 [JavaFX Application Thread] DEBUG AssetLoader          - Loading from cache: /assets/textures/enemy.gif
12:37:23.709 [JavaFX Application Thread] DEBUG AssetLoader          - Loading from cache: /assets/textures/Ship.gif
12:37:23.725 [JavaFX Application Thread] DEBUG AssetLoader          - Loading from cache: /assets/textures/enemy.gif
12:37:23.725 [JavaFX Application Thread] DEBUG AssetLoader          - Loading from cache: /assets/textures/Ship.gif
12:37:23.742 [JavaFX Application Thread] DEBUG AssetLoader          - Loading from cache: /assets/textures/enemy.gif
12:37:23.742 [JavaFX Application Thread] DEBUG AssetLoader          - Loading from cache: /assets/textures/Ship.gif
12:37:23.757 [JavaFX Application Thread] DEBUG AssetLoader          - Loading from cache: /assets/textures/enemy.gif
12:37:23.758 [JavaFX Application Thread] DEBUG AssetLoader          - Loading from cache: /assets/textures/Ship.gif
12:37:23.774 [JavaFX Application Thread] DEBUG AssetLoader          - Loading from cache: /assets/textures/enemy.gif
12:37:23.774 [JavaFX Application Thread] DEBUG AssetLoader          - Loading from cache: /assets/textures/Ship.gif
12:37:23.790 [JavaFX Application Thread] DEBUG AssetLoader          - Loading from cache: /assets/textures/enemy.gif
12:37:23.790 [JavaFX Application Thread] DEBUG AssetLoader          - Loading from cache: /assets/textures/Ship.gif
12:37:23.805 [JavaFX Application Thread] DEBUG AssetLoader          - Loading from cache: /assets/textures/enemy.gif
12:37:23.806 [JavaFX Application Thread] DEBUG AssetLoader          - Loading from cache: /assets/textures/Ship.gif
12:37:23.821 [JavaFX Application Thread] DEBUG AssetLoader          - Loading from cache: /assets/textures/enemy.gif
12:37:23.822 [JavaFX Application Thread] DEBUG AssetLoader          - Loading from cache: /assets/textures/Ship.gif
12:37:23.837 [JavaFX Application Thread] DEBUG AssetLoader          - Loading from cache: /assets/textures/enemy.gif
12:37:23.837 [JavaFX Application Thread] DEBUG AssetLoader          - Loading from cache: /assets/textures/Ship.gif
12:37:23.853 [JavaFX Application Thread] DEBUG AssetLoader          - Loading from cache: /assets/textures/enemy.gif
12:37:23.854 [JavaFX Application Thread] DEBUG AssetLoader          - Loading from cache: /assets/textures/Ship.gif
12:37:23.870 [JavaFX Application Thread] DEBUG AssetLoader          - Loading from cache: /assets/textures/enemy.gif
12:37:23.871 [JavaFX Application Thread] DEBUG AssetLoader          - Loading from cache: /assets/textures/Ship.gif
12:37:23.885 [JavaFX Application Thread] DEBUG AssetLoader          - Loading from cache: /assets/textures/enemy.gif
12:37:23.886 [JavaFX Application Thread] DEBUG AssetLoader          - Loading from cache: /assets/textures/Ship.gif
12:37:23.901 [JavaFX Application Thread] DEBUG AssetLoader          - Loading from cache: /assets/textures/enemy.gif
12:37:23.902 [JavaFX Application Thread] DEBUG AssetLoader          - Loading from cache: /assets/textures/Ship.gif
12:37:23.917 [JavaFX Application Thread] DEBUG AssetLoader          - Loading from cache: /assets/textures/enemy.gif
12:37:23.918 [JavaFX Application Thread] DEBUG AssetLoader          - Loading from cache: /assets/textures/Ship.gif
12:37:23.933 [JavaFX Application Thread] DEBUG AssetLoader          - Loading from cache: /assets/textures/enemy.gif
12:37:23.934 [JavaFX Application Thread] DEBUG AssetLoader          - Loading from cache: /assets/textures/Ship.gif
12:37:23.949 [JavaFX Application Thread] DEBUG AssetLoader          - Loading from cache: /assets/textures/enemy.gif
12:37:23.949 [JavaFX Application Thread] DEBUG AssetLoader          - Loading from cache: /assets/textures/Ship.gif
12:37:23.966 [JavaFX Application Thread] DEBUG AssetLoader          - Loading from cache: /assets/textures/enemy.gif
12:37:23.966 [JavaFX Application Thread] DEBUG AssetLoader          - Loading from cache: /assets/textures/Ship.gif
12:37:23.982 [JavaFX Application Thread] DEBUG AssetLoader          - Loading from cache: /assets/textures/enemy.gif
12:37:23.983 [JavaFX Application Thread] DEBUG AssetLoader          - Loading from cache: /assets/textures/Ship.gif
12:37:24.013 [JavaFX Application Thread] DEBUG AssetLoader          - Loading from cache: /assets/textures/enemy.gif
12:37:24.014 [JavaFX Application Thread] DEBUG AssetLoader          - Loading from cache: /assets/textures/Ship.gif
12:37:24.029 [JavaFX Application Thread] DEBUG AssetLoader          - Loading from cache: /assets/textures/enemy.gif
12:37:24.030 [JavaFX Application Thread] DEBUG AssetLoader          - Loading from cache: /assets/textures/Ship.gif
12:37:24.045 [JavaFX Application Thread] DEBUG AssetLoader          - Loading from cache: /assets/textures/enemy.gif
12:37:24.045 [JavaFX Application Thread] DEBUG AssetLoader          - Loading from cache: /assets/textures/Ship.gif
12:37:24.061 [JavaFX Application Thread] DEBUG AssetLoader          - Loading from cache: /assets/textures/enemy.gif
12:37:24.061 [JavaFX Application Thread] DEBUG AssetLoader          - Loading from cache: /assets/textures/Ship.gif
12:37:24.109 [JavaFX Application Thread] DEBUG AssetLoader          - Loading from cache: /assets/textures/enemy.gif
12:37:24.109 [JavaFX Application Thread] DEBUG AssetLoader          - Loading from cache: /assets/textures/Ship.gif
12:37:24.125 [JavaFX Application Thread] DEBUG AssetLoader          - Loading from cache: /assets/textures/enemy.gif
12:37:24.126 [JavaFX Application Thread] DEBUG AssetLoader          - Loading from cache: /assets/textures/Ship.gif
12:37:24.141 [JavaFX Application Thread] DEBUG AssetLoader          - Loading from cache: /assets/textures/enemy.gif
12:37:24.142 [JavaFX Application Thread] DEBUG AssetLoader          - Loading from cache: /assets/textures/Ship.gif
12:37:24.157 [JavaFX Application Thread] DEBUG AssetLoader          - Loading from cache: /assets/textures/enemy.gif
12:37:24.157 [JavaFX Application Thread] DEBUG AssetLoader          - Loading from cache: /assets/textures/Ship.gif
12:37:24.174 [JavaFX Application Thread] DEBUG AssetLoader          - Loading from cache: /assets/textures/enemy.gif
12:37:24.175 [JavaFX Application Thread] DEBUG AssetLoader          - Loading from cache: /assets/textures/Ship.gif
12:37:24.190 [JavaFX Application Thread] DEBUG AssetLoader          - Loading from cache: /assets/textures/enemy.gif
12:37:24.190 [JavaFX Application Thread] DEBUG AssetLoader          - Loading from cache: /assets/textures/Ship.gif
12:37:24.205 [JavaFX Application Thread] DEBUG AssetLoader          - Loading from cache: /assets/textures/enemy.gif
12:37:24.206 [JavaFX Application Thread] DEBUG AssetLoader          - Loading from cache: /assets/textures/Ship.gif
12:37:24.221 [JavaFX Application Thread] DEBUG AssetLoader          - Loading from cache: /assets/textures/enemy.gif
12:37:24.222 [JavaFX Application Thread] DEBUG AssetLoader          - Loading from cache: /assets/textures/Ship.gif
12:37:24.237 [JavaFX Application Thread] DEBUG AssetLoader          - Loading from cache: /assets/textures/enemy.gif
12:37:24.238 [JavaFX Application Thread] DEBUG AssetLoader          - Loading from cache: /assets/textures/Ship.gif
12:37:24.253 [JavaFX Application Thread] DEBUG AssetLoader          - Loading from cache: /assets/textures/enemy.gif
12:37:24.254 [JavaFX Application Thread] DEBUG AssetLoader          - Loading from cache: /assets/textures/Ship.gif
12:37:24.269 [JavaFX Application Thread] DEBUG AssetLoader          - Loading from cache: /assets/textures/enemy.gif
12:37:24.270 [JavaFX Application Thread] DEBUG AssetLoader          - Loading from cache: /assets/textures/Ship.gif
12:37:24.285 [JavaFX Application Thread] DEBUG AssetLoader          - Loading from cache: /assets/textures/enemy.gif
12:37:24.286 [JavaFX Application Thread] DEBUG AssetLoader          - Loading from cache: /assets/textures/Ship.gif
12:37:24.301 [JavaFX Application Thread] DEBUG AssetLoader          - Loading from cache: /assets/textures/enemy.gif
12:37:24.302 [JavaFX Application Thread] DEBUG AssetLoader          - Loading from cache: /assets/textures/Ship.gif
12:37:24.317 [JavaFX Application Thread] DEBUG AssetLoader          - Loading from cache: /assets/textures/enemy.gif
12:37:24.317 [JavaFX Application Thread] DEBUG AssetLoader          - Loading from cache: /assets/textures/Ship.gif
12:37:24.333 [JavaFX Application Thread] DEBUG AssetLoader          - Loading from cache: /assets/textures/enemy.gif
12:37:24.334 [JavaFX Application Thread] DEBUG AssetLoader          - Loading from cache: /assets/textures/Ship.gif
12:37:24.349 [JavaFX Application Thread] DEBUG AssetLoader          - Loading from cache: /assets/textures/enemy.gif
12:37:24.350 [JavaFX Application Thread] DEBUG AssetLoader          - Loading from cache: /assets/textures/Ship.gif
12:37:24.365 [JavaFX Application Thread] DEBUG AssetLoader          - Loading from cache: /assets/textures/enemy.gif
12:37:24.365 [JavaFX Application Thread] DEBUG AssetLoader          - Loading from cache: /assets/textures/Ship.gif
12:37:24.381 [JavaFX Application Thread] DEBUG AssetLoader          - Loading from cache: /assets/textures/enemy.gif
12:37:24.383 [JavaFX Application Thread] DEBUG AssetLoader          - Loading from cache: /assets/textures/Ship.gif
12:37:24.397 [JavaFX Application Thread] DEBUG AssetLoader          - Loading from cache: /assets/textures/enemy.gif
12:37:24.399 [JavaFX Application Thread] DEBUG AssetLoader          - Loading from cache: /assets/textures/Ship.gif
12:37:24.486 [JavaFX Application Thread] DEBUG AssetLoader          - Loading from cache: /assets/textures/enemy.gif
12:37:24.486 [JavaFX Application Thread] DEBUG AssetLoader          - Loading from cache: /assets/textures/Ship.gif
12:37:24.489 [JavaFX Application Thread] DEBUG AssetLoader          - Loading from cache: /assets/textures/enemy.gif
12:37:24.489 [JavaFX Application Thread] DEBUG AssetLoader          - Loading from cache: /assets/textures/Ship.gif
12:37:24.493 [JavaFX Application Thread] DEBUG AssetLoader          - Loading from cache: /assets/textures/enemy.gif
12:37:24.493 [JavaFX Application Thread] DEBUG AssetLoader          - Loading from cache: /assets/textures/Ship.gif
12:37:24.509 [JavaFX Application Thread] DEBUG AssetLoader          - Loading from cache: /assets/textures/enemy.gif
12:37:24.509 [JavaFX Application Thread] DEBUG AssetLoader          - Loading from cache: /assets/textures/Ship.gif
12:37:24.526 [JavaFX Application Thread] DEBUG AssetLoader          - Loading from cache: /assets/textures/enemy.gif
12:37:24.526 [JavaFX Application Thread] DEBUG AssetLoader          - Loading from cache: /assets/textures/Ship.gif
12:37:24.541 [JavaFX Application Thread] DEBUG AssetLoader          - Loading from cache: /assets/textures/enemy.gif
12:37:24.541 [JavaFX Application Thread] DEBUG AssetLoader          - Loading from cache: /assets/textures/Ship.gif
12:37:24.557 [JavaFX Application Thread] DEBUG AssetLoader          - Loading from cache: /assets/textures/enemy.gif
12:37:24.557 [JavaFX Application Thread] DEBUG AssetLoader          - Loading from cache: /assets/textures/Ship.gif
12:37:24.573 [JavaFX Application Thread] DEBUG AssetLoader          - Loading from cache: /assets/textures/enemy.gif
12:37:24.574 [JavaFX Application Thread] DEBUG AssetLoader          - Loading from cache: /assets/textures/Ship.gif
12:37:24.589 [JavaFX Application Thread] DEBUG AssetLoader          - Loading from cache: /assets/textures/enemy.gif
12:37:24.589 [JavaFX Application Thread] DEBUG AssetLoader          - Loading from cache: /assets/textures/Ship.gif
12:37:24.605 [JavaFX Application Thread] DEBUG AssetLoader          - Loading from cache: /assets/textures/enemy.gif
12:37:24.605 [JavaFX Application Thread] DEBUG AssetLoader          - Loading from cache: /assets/textures/Ship.gif
12:37:24.621 [JavaFX Application Thread] DEBUG AssetLoader          - Loading from cache: /assets/textures/enemy.gif
12:37:24.622 [JavaFX Application Thread] DEBUG AssetLoader          - Loading from cache: /assets/textures/Ship.gif
12:37:24.637 [JavaFX Application Thread] DEBUG AssetLoader          - Loading from cache: /assets/textures/enemy.gif
12:37:24.637 [JavaFX Application Thread] DEBUG AssetLoader          - Loading from cache: /assets/textures/Ship.gif
12:37:24.653 [JavaFX Application Thread] DEBUG AssetLoader          - Loading from cache: /assets/textures/enemy.gif
12:37:24.654 [JavaFX Application Thread] DEBUG AssetLoader          - Loading from cache: /assets/textures/Ship.gif
12:37:24.669 [JavaFX Application Thread] DEBUG AssetLoader          - Loading from cache: /assets/textures/enemy.gif
12:37:24.669 [JavaFX Application Thread] DEBUG AssetLoader          - Loading from cache: /assets/textures/Ship.gif
12:37:24.685 [JavaFX Application Thread] DEBUG AssetLoader          - Loading from cache: /assets/textures/enemy.gif
12:37:24.685 [JavaFX Application Thread] DEBUG AssetLoader          - Loading from cache: /assets/textures/Ship.gif
12:37:24.701 [JavaFX Application Thread] DEBUG AssetLoader          - Loading from cache: /assets/textures/enemy.gif
12:37:24.701 [JavaFX Application Thread] DEBUG AssetLoader          - Loading from cache: /assets/textures/Ship.gif
12:37:24.718 [JavaFX Application Thread] DEBUG AssetLoader          - Loading from cache: /assets/textures/enemy.gif
12:37:24.718 [JavaFX Application Thread] DEBUG AssetLoader          - Loading from cache: /assets/textures/Ship.gif
12:37:24.734 [JavaFX Application Thread] DEBUG AssetLoader          - Loading from cache: /assets/textures/enemy.gif
12:37:24.735 [JavaFX Application Thread] DEBUG AssetLoader          - Loading from cache: /assets/textures/Ship.gif
12:37:24.749 [JavaFX Application Thread] DEBUG AssetLoader          - Loading from cache: /assets/textures/enemy.gif
12:37:24.749 [JavaFX Application Thread] DEBUG AssetLoader          - Loading from cache: /assets/textures/Ship.gif
12:37:24.765 [JavaFX Application Thread] DEBUG AssetLoader          - Loading from cache: /assets/textures/enemy.gif
12:37:24.765 [JavaFX Application Thread] DEBUG AssetLoader          - Loading from cache: /assets/textures/Ship.gif
12:37:24.782 [JavaFX Application Thread] DEBUG AssetLoader          - Loading from cache: /assets/textures/enemy.gif
12:37:24.782 [JavaFX Application Thread] DEBUG AssetLoader          - Loading from cache: /assets/textures/Ship.gif
12:37:24.797 [JavaFX Application Thread] DEBUG AssetLoader          - Loading from cache: /assets/textures/enemy.gif
12:37:24.798 [JavaFX Application Thread] DEBUG AssetLoader          - Loading from cache: /assets/textures/Ship.gif
12:37:24.813 [JavaFX Application Thread] DEBUG AssetLoader          - Loading from cache: /assets/textures/enemy.gif
12:37:24.814 [JavaFX Application Thread] DEBUG AssetLoader          - Loading from cache: /assets/textures/Ship.gif
12:37:24.845 [JavaFX Application Thread] DEBUG AssetLoader          - Loading from cache: /assets/textures/enemy.gif
12:37:24.846 [JavaFX Application Thread] DEBUG AssetLoader          - Loading from cache: /assets/textures/Ship.gif
12:37:24.861 [JavaFX Application Thread] DEBUG AssetLoader          - Loading from cache: /assets/textures/enemy.gif
12:37:24.861 [JavaFX Application Thread] DEBUG AssetLoader          - Loading from cache: /assets/textures/Ship.gif
12:37:24.877 [JavaFX Application Thread] DEBUG AssetLoader          - Loading from cache: /assets/textures/enemy.gif
12:37:24.877 [JavaFX Application Thread] DEBUG AssetLoader          - Loading from cache: /assets/textures/Ship.gif
12:37:24.893 [JavaFX Application Thread] DEBUG AssetLoader          - Loading from cache: /assets/textures/enemy.gif
12:37:24.894 [JavaFX Application Thread] DEBUG AssetLoader          - Loading from cache: /assets/textures/Ship.gif
12:37:24.909 [JavaFX Application Thread] DEBUG AssetLoader          - Loading from cache: /assets/textures/enemy.gif
12:37:24.909 [JavaFX Application Thread] DEBUG AssetLoader          - Loading from cache: /assets/textures/Ship.gif
12:37:24.925 [JavaFX Application Thread] DEBUG AssetLoader          - Loading from cache: /assets/textures/enemy.gif
12:37:24.926 [JavaFX Application Thread] DEBUG AssetLoader          - Loading from cache: /assets/textures/Ship.gif
12:37:24.941 [JavaFX Application Thread] DEBUG AssetLoader          - Loading from cache: /assets/textures/enemy.gif
12:37:24.941 [JavaFX Application Thread] DEBUG AssetLoader          - Loading from cache: /assets/textures/Ship.gif
12:37:24.957 [JavaFX Application Thread] DEBUG AssetLoader          - Loading from cache: /assets/textures/enemy.gif
12:37:24.957 [JavaFX Application Thread] DEBUG AssetLoader          - Loading from cache: /assets/textures/Ship.gif
12:37:24.973 [JavaFX Application Thread] DEBUG AssetLoader          - Loading from cache: /assets/textures/enemy.gif
12:37:24.974 [JavaFX Application Thread] DEBUG AssetLoader          - Loading from cache: /assets/textures/Ship.gif
12:37:24.989 [JavaFX Application Thread] DEBUG AssetLoader          - Loading from cache: /assets/textures/enemy.gif
12:37:24.989 [JavaFX Application Thread] DEBUG AssetLoader          - Loading from cache: /assets/textures/Ship.gif
12:37:25.005 [JavaFX Application Thread] DEBUG AssetLoader          - Loading from cache: /assets/textures/enemy.gif
12:37:25.005 [JavaFX Application Thread] DEBUG AssetLoader          - Loading from cache: /assets/textures/Ship.gif
12:37:25.021 [JavaFX Application Thread] DEBUG AssetLoader          - Loading from cache: /assets/textures/enemy.gif
12:37:25.021 [JavaFX Application Thread] DEBUG AssetLoader          - Loading from cache: /assets/textures/Ship.gif
12:37:25.037 [JavaFX Application Thread] DEBUG AssetLoader          - Loading from cache: /assets/textures/enemy.gif
12:37:25.037 [JavaFX Application Thread] DEBUG AssetLoader          - Loading from cache: /assets/textures/Ship.gif
12:37:25.053 [JavaFX Application Thread] DEBUG AssetLoader          - Loading from cache: /assets/textures/enemy.gif
12:37:25.053 [JavaFX Application Thread] DEBUG AssetLoader          - Loading from cache: /assets/textures/Ship.gif
12:37:25.069 [JavaFX Application Thread] DEBUG AssetLoader          - Loading from cache: /assets/textures/enemy.gif
12:37:25.069 [JavaFX Application Thread] DEBUG AssetLoader          - Loading from cache: /assets/textures/Ship.gif
12:37:25.085 [JavaFX Application Thread] DEBUG AssetLoader          - Loading from cache: /assets/textures/enemy.gif
12:37:25.085 [JavaFX Application Thread] DEBUG AssetLoader          - Loading from cache: /assets/textures/Ship.gif
12:37:25.101 [JavaFX Application Thread] DEBUG AssetLoader          - Loading from cache: /assets/textures/enemy.gif
12:37:25.101 [JavaFX Application Thread] DEBUG AssetLoader          - Loading from cache: /assets/textures/Ship.gif
12:37:25.117 [JavaFX Application Thread] DEBUG AssetLoader          - Loading from cache: /assets/textures/enemy.gif
12:37:25.118 [JavaFX Application Thread] DEBUG AssetLoader          - Loading from cache: /assets/textures/Ship.gif
12:37:25.134 [JavaFX Application Thread] DEBUG AssetLoader          - Loading from cache: /assets/textures/enemy.gif
12:37:25.135 [JavaFX Application Thread] DEBUG AssetLoader          - Loading from cache: /assets/textures/Ship.gif
12:37:25.149 [JavaFX Application Thread] DEBUG AssetLoader          - Loading from cache: /assets/textures/enemy.gif
12:37:25.150 [JavaFX Application Thread] DEBUG AssetLoader          - Loading from cache: /assets/textures/Ship.gif
12:37:25.165 [JavaFX Application Thread] DEBUG AssetLoader          - Loading from cache: /assets/textures/enemy.gif
12:37:25.166 [JavaFX Application Thread] DEBUG AssetLoader          - Loading from cache: /assets/textures/Ship.gif
12:37:25.181 [JavaFX Application Thread] DEBUG AssetLoader          - Loading from cache: /assets/textures/enemy.gif
12:37:25.181 [JavaFX Application Thread] DEBUG AssetLoader          - Loading from cache: /assets/textures/Ship.gif
12:37:25.197 [JavaFX Application Thread] DEBUG AssetLoader          - Loading from cache: /assets/textures/enemy.gif
12:37:25.197 [JavaFX Application Thread] DEBUG AssetLoader          - Loading from cache: /assets/textures/Ship.gif
12:37:25.214 [JavaFX Application Thread] DEBUG AssetLoader          - Loading from cache: /assets/textures/enemy.gif
12:37:25.215 [JavaFX Application Thread] DEBUG AssetLoader          - Loading from cache: /assets/textures/Ship.gif
12:37:25.245 [JavaFX Application Thread] DEBUG AssetLoader          - Loading from cache: /assets/textures/enemy.gif
12:37:25.245 [JavaFX Application Thread] DEBUG AssetLoader          - Loading from cache: /assets/textures/Ship.gif
12:37:25.261 [JavaFX Application Thread] DEBUG AssetLoader          - Loading from cache: /assets/textures/enemy.gif
12:37:25.262 [JavaFX Application Thread] DEBUG AssetLoader          - Loading from cache: /assets/textures/Ship.gif
12:37:25.277 [JavaFX Application Thread] DEBUG AssetLoader          - Loading from cache: /assets/textures/enemy.gif
12:37:25.277 [JavaFX Application Thread] DEBUG AssetLoader          - Loading from cache: /assets/textures/Ship.gif
12:37:25.293 [JavaFX Application Thread] DEBUG AssetLoader          - Loading from cache: /assets/textures/enemy.gif
12:37:25.293 [JavaFX Application Thread] DEBUG AssetLoader          - Loading from cache: /assets/textures/Ship.gif
12:37:25.309 [JavaFX Application Thread] DEBUG AssetLoader          - Loading from cache: /assets/textures/enemy.gif
12:37:25.309 [JavaFX Application Thread] DEBUG AssetLoader          - Loading from cache: /assets/textures/Ship.gif
12:37:25.326 [JavaFX Application Thread] DEBUG AssetLoader          - Loading from cache: /assets/textures/enemy.gif
12:37:25.327 [JavaFX Application Thread] DEBUG AssetLoader          - Loading from cache: /assets/textures/Ship.gif
12:37:25.341 [JavaFX Application Thread] DEBUG AssetLoader          - Loading from cache: /assets/textures/enemy.gif
12:37:25.342 [JavaFX Application Thread] DEBUG AssetLoader          - Loading from cache: /assets/textures/Ship.gif
12:37:25.357 [JavaFX Application Thread] DEBUG AssetLoader          - Loading from cache: /assets/textures/enemy.gif
12:37:25.358 [JavaFX Application Thread] DEBUG AssetLoader          - Loading from cache: /assets/textures/Ship.gif
12:37:25.373 [JavaFX Application Thread] DEBUG AssetLoader          - Loading from cache: /assets/textures/enemy.gif
12:37:25.373 [JavaFX Application Thread] DEBUG AssetLoader          - Loading from cache: /assets/textures/Ship.gif
12:37:25.389 [JavaFX Application Thread] DEBUG AssetLoader          - Loading from cache: /assets/textures/enemy.gif
12:37:25.390 [JavaFX Application Thread] DEBUG AssetLoader          - Loading from cache: /assets/textures/Ship.gif
12:37:25.405 [JavaFX Application Thread] DEBUG AssetLoader          - Loading from cache: /assets/textures/enemy.gif
12:37:25.405 [JavaFX Application Thread] DEBUG AssetLoader          - Loading from cache: /assets/textures/Ship.gif
12:37:25.421 [JavaFX Application Thread] DEBUG AssetLoader          - Loading from cache: /assets/textures/enemy.gif
12:37:25.421 [JavaFX Application Thread] DEBUG AssetLoader          - Loading from cache: /assets/textures/Ship.gif
12:37:25.437 [JavaFX Application Thread] DEBUG AssetLoader          - Loading from cache: /assets/textures/enemy.gif
12:37:25.437 [JavaFX Application Thread] DEBUG AssetLoader          - Loading from cache: /assets/textures/Ship.gif
12:37:25.453 [JavaFX Application Thread] DEBUG AssetLoader          - Loading from cache: /assets/textures/enemy.gif
12:37:25.453 [JavaFX Application Thread] DEBUG AssetLoader          - Loading from cache: /assets/textures/Ship.gif
12:37:25.470 [JavaFX Application Thread] DEBUG AssetLoader          - Loading from cache: /assets/textures/enemy.gif
12:37:25.470 [JavaFX Application Thread] DEBUG AssetLoader          - Loading from cache: /assets/textures/Ship.gif
12:37:25.485 [JavaFX Application Thread] DEBUG AssetLoader          - Loading from cache: /assets/textures/enemy.gif
12:37:25.485 [JavaFX Application Thread] DEBUG AssetLoader          - Loading from cache: /assets/textures/Ship.gif
12:37:25.501 [JavaFX Application Thread] DEBUG AssetLoader          - Loading from cache: /assets/textures/enemy.gif
12:37:25.501 [JavaFX Application Thread] DEBUG AssetLoader          - Loading from cache: /assets/textures/Ship.gif
12:37:25.517 [JavaFX Application Thread] DEBUG AssetLoader          - Loading from cache: /assets/textures/enemy.gif
12:37:25.517 [JavaFX Application Thread] DEBUG AssetLoader          - Loading from cache: /assets/textures/Ship.gif
12:37:25.533 [JavaFX Application Thread] DEBUG AssetLoader          - Loading from cache: /assets/textures/enemy.gif
12:37:25.534 [JavaFX Application Thread] DEBUG AssetLoader          - Loading from cache: /assets/textures/Ship.gif
12:37:25.549 [JavaFX Application Thread] DEBUG AssetLoader          - Loading from cache: /assets/textures/enemy.gif
12:37:25.550 [JavaFX Application Thread] DEBUG AssetLoader          - Loading from cache: /assets/textures/Ship.gif
12:37:25.565 [JavaFX Application Thread] DEBUG AssetLoader          - Loading from cache: /assets/textures/enemy.gif
12:37:25.565 [JavaFX Application Thread] DEBUG AssetLoader          - Loading from cache: /assets/textures/Ship.gif
12:37:25.581 [JavaFX Application Thread] DEBUG AssetLoader          - Loading from cache: /assets/textures/enemy.gif
12:37:25.582 [JavaFX Application Thread] DEBUG AssetLoader          - Loading from cache: /assets/textures/Ship.gif
12:37:25.597 [JavaFX Application Thread] DEBUG AssetLoader          - Loading from cache: /assets/textures/enemy.gif
12:37:25.597 [JavaFX Application Thread] DEBUG AssetLoader          - Loading from cache: /assets/textures/Ship.gif
12:37:25.613 [JavaFX Application Thread] DEBUG AssetLoader          - Loading from cache: /assets/textures/enemy.gif
12:37:25.614 [JavaFX Application Thread] DEBUG AssetLoader          - Loading from cache: /assets/textures/Ship.gif
12:37:25.645 [JavaFX Application Thread] DEBUG AssetLoader          - Loading from cache: /assets/textures/enemy.gif
12:37:25.646 [JavaFX Application Thread] DEBUG AssetLoader          - Loading from cache: /assets/textures/Ship.gif
12:37:25.661 [JavaFX Application Thread] DEBUG AssetLoader          - Loading from cache: /assets/textures/enemy.gif
12:37:25.661 [JavaFX Application Thread] DEBUG AssetLoader          - Loading from cache: /assets/textures/Ship.gif
12:37:25.677 [JavaFX Application Thread] DEBUG AssetLoader          - Loading from cache: /assets/textures/enemy.gif
12:37:25.677 [JavaFX Application Thread] DEBUG AssetLoader          - Loading from cache: /assets/textures/Ship.gif
12:37:25.693 [JavaFX Application Thread] DEBUG AssetLoader          - Loading from cache: /assets/textures/enemy.gif
12:37:25.693 [JavaFX Application Thread] DEBUG AssetLoader          - Loading from cache: /assets/textures/Ship.gif
12:37:25.709 [JavaFX Application Thread] DEBUG AssetLoader          - Loading from cache: /assets/textures/enemy.gif
12:37:25.709 [JavaFX Application Thread] DEBUG AssetLoader          - Loading from cache: /assets/textures/Ship.gif
12:37:25.725 [JavaFX Application Thread] DEBUG AssetLoader          - Loading from cache: /assets/textures/enemy.gif
12:37:25.725 [JavaFX Application Thread] DEBUG AssetLoader          - Loading from cache: /assets/textures/Ship.gif
12:37:25.741 [JavaFX Application Thread] DEBUG AssetLoader          - Loading from cache: /assets/textures/enemy.gif
12:37:25.741 [JavaFX Application Thread] DEBUG AssetLoader          - Loading from cache: /assets/textures/Ship.gif
12:37:25.757 [JavaFX Application Thread] DEBUG AssetLoader          - Loading from cache: /assets/textures/enemy.gif
12:37:25.757 [JavaFX Application Thread] DEBUG AssetLoader          - Loading from cache: /assets/textures/Ship.gif
12:37:25.773 [JavaFX Application Thread] DEBUG AssetLoader          - Loading from cache: /assets/textures/enemy.gif
12:37:25.773 [JavaFX Application Thread] DEBUG AssetLoader          - Loading from cache: /assets/textures/Ship.gif
12:37:25.789 [JavaFX Application Thread] DEBUG AssetLoader          - Loading from cache: /assets/textures/enemy.gif
12:37:25.789 [JavaFX Application Thread] DEBUG AssetLoader          - Loading from cache: /assets/textures/Ship.gif
12:37:25.805 [JavaFX Application Thread] DEBUG AssetLoader          - Loading from cache: /assets/textures/enemy.gif
12:37:25.805 [JavaFX Application Thread] DEBUG AssetLoader          - Loading from cache: /assets/textures/Ship.gif
12:37:25.824 [JavaFX Application Thread] DEBUG AssetLoader          - Loading from cache: /assets/textures/enemy.gif
12:37:25.825 [JavaFX Application Thread] DEBUG AssetLoader          - Loading from cache: /assets/textures/Ship.gif
12:37:25.837 [JavaFX Application Thread] DEBUG AssetLoader          - Loading from cache: /assets/textures/enemy.gif
12:37:25.837 [JavaFX Application Thread] DEBUG AssetLoader          - Loading from cache: /assets/textures/Ship.gif
12:37:25.853 [JavaFX Application Thread] DEBUG AssetLoader          - Loading from cache: /assets/textures/enemy.gif
12:37:25.853 [JavaFX Application Thread] DEBUG AssetLoader          - Loading from cache: /assets/textures/Ship.gif
12:37:25.869 [JavaFX Application Thread] DEBUG AssetLoader          - Loading from cache: /assets/textures/enemy.gif
12:37:25.869 [JavaFX Application Thread] DEBUG AssetLoader          - Loading from cache: /assets/textures/Ship.gif
12:37:25.885 [JavaFX Application Thread] DEBUG AssetLoader          - Loading from cache: /assets/textures/enemy.gif
12:37:25.885 [JavaFX Application Thread] DEBUG AssetLoader          - Loading from cache: /assets/textures/Ship.gif
12:37:25.901 [JavaFX Application Thread] DEBUG AssetLoader          - Loading from cache: /assets/textures/enemy.gif
12:37:25.901 [JavaFX Application Thread] DEBUG AssetLoader          - Loading from cache: /assets/textures/Ship.gif
12:37:25.917 [JavaFX Application Thread] DEBUG AssetLoader          - Loading from cache: /assets/textures/enemy.gif
12:37:25.917 [JavaFX Application Thread] DEBUG AssetLoader          - Loading from cache: /assets/textures/Ship.gif
12:37:25.933 [JavaFX Application Thread] DEBUG AssetLoader          - Loading from cache: /assets/textures/enemy.gif
12:37:25.933 [JavaFX Application Thread] DEBUG AssetLoader          - Loading from cache: /assets/textures/Ship.gif
12:37:25.949 [JavaFX Application Thread] DEBUG AssetLoader          - Loading from cache: /assets/textures/enemy.gif
12:37:25.950 [JavaFX Application Thread] DEBUG AssetLoader          - Loading from cache: /assets/textures/Ship.gif
12:37:25.965 [JavaFX Application Thread] DEBUG AssetLoader          - Loading from cache: /assets/textures/enemy.gif
12:37:25.966 [JavaFX Application Thread] DEBUG AssetLoader          - Loading from cache: /assets/textures/Ship.gif
12:37:25.981 [JavaFX Application Thread] DEBUG AssetLoader          - Loading from cache: /assets/textures/enemy.gif
12:37:25.981 [JavaFX Application Thread] DEBUG AssetLoader          - Loading from cache: /assets/textures/Ship.gif
12:37:25.997 [JavaFX Application Thread] DEBUG AssetLoader          - Loading from cache: /assets/textures/enemy.gif
12:37:25.998 [JavaFX Application Thread] DEBUG AssetLoader          - Loading from cache: /assets/textures/Ship.gif
12:37:26.013 [JavaFX Application Thread] DEBUG AssetLoader          - Loading from cache: /assets/textures/enemy.gif
12:37:26.014 [JavaFX Application Thread] DEBUG AssetLoader          - Loading from cache: /assets/textures/Ship.gif
12:37:26.045 [JavaFX Application Thread] DEBUG AssetLoader          - Loading from cache: /assets/textures/enemy.gif
12:37:26.046 [JavaFX Application Thread] DEBUG AssetLoader          - Loading from cache: /assets/textures/Ship.gif
12:37:26.061 [JavaFX Application Thread] DEBUG AssetLoader          - Loading from cache: /assets/textures/enemy.gif
12:37:26.062 [JavaFX Application Thread] DEBUG AssetLoader          - Loading from cache: /assets/textures/Ship.gif
12:37:26.077 [JavaFX Application Thread] DEBUG AssetLoader          - Loading from cache: /assets/textures/enemy.gif
12:37:26.077 [JavaFX Application Thread] DEBUG AssetLoader          - Loading from cache: /assets/textures/Ship.gif
12:37:26.093 [JavaFX Application Thread] DEBUG AssetLoader          - Loading from cache: /assets/textures/enemy.gif
12:37:26.093 [JavaFX Application Thread] DEBUG AssetLoader          - Loading from cache: /assets/textures/Ship.gif
12:37:26.109 [JavaFX Application Thread] DEBUG AssetLoader          - Loading from cache: /assets/textures/enemy.gif
12:37:26.109 [JavaFX Application Thread] DEBUG AssetLoader          - Loading from cache: /assets/textures/Ship.gif
12:37:26.125 [JavaFX Application Thread] DEBUG AssetLoader          - Loading from cache: /assets/textures/enemy.gif
12:37:26.125 [JavaFX Application Thread] DEBUG AssetLoader          - Loading from cache: /assets/textures/Ship.gif
12:37:26.141 [JavaFX Application Thread] DEBUG AssetLoader          - Loading from cache: /assets/textures/enemy.gif
12:37:26.141 [JavaFX Application Thread] DEBUG AssetLoader          - Loading from cache: /assets/textures/Ship.gif
12:37:26.157 [JavaFX Application Thread] DEBUG AssetLoader          - Loading from cache: /assets/textures/enemy.gif
12:37:26.158 [JavaFX Application Thread] DEBUG AssetLoader          - Loading from cache: /assets/textures/Ship.gif
12:37:26.173 [JavaFX Application Thread] DEBUG AssetLoader          - Loading from cache: /assets/textures/enemy.gif
12:37:26.174 [JavaFX Application Thread] DEBUG AssetLoader          - Loading from cache: /assets/textures/Ship.gif
12:37:26.189 [JavaFX Application Thread] DEBUG AssetLoader          - Loading from cache: /assets/textures/enemy.gif
12:37:26.189 [JavaFX Application Thread] DEBUG AssetLoader          - Loading from cache: /assets/textures/Ship.gif
12:37:26.205 [JavaFX Application Thread] DEBUG AssetLoader          - Loading from cache: /assets/textures/enemy.gif
12:37:26.205 [JavaFX Application Thread] DEBUG AssetLoader          - Loading from cache: /assets/textures/Ship.gif
12:37:26.221 [JavaFX Application Thread] DEBUG AssetLoader          - Loading from cache: /assets/textures/enemy.gif
12:37:26.221 [JavaFX Application Thread] DEBUG AssetLoader          - Loading from cache: /assets/textures/Ship.gif
12:37:26.237 [JavaFX Application Thread] DEBUG AssetLoader          - Loading from cache: /assets/textures/enemy.gif
12:37:26.237 [JavaFX Application Thread] DEBUG AssetLoader          - Loading from cache: /assets/textures/Ship.gif
12:37:26.253 [JavaFX Application Thread] DEBUG AssetLoader          - Loading from cache: /assets/textures/enemy.gif
12:37:26.253 [JavaFX Application Thread] DEBUG AssetLoader          - Loading from cache: /assets/textures/Ship.gif
12:37:26.269 [JavaFX Application Thread] DEBUG AssetLoader          - Loading from cache: /assets/textures/enemy.gif
12:37:26.269 [JavaFX Application Thread] DEBUG AssetLoader          - Loading from cache: /assets/textures/Ship.gif
12:37:26.285 [JavaFX Application Thread] DEBUG AssetLoader          - Loading from cache: /assets/textures/enemy.gif
12:37:26.285 [JavaFX Application Thread] DEBUG AssetLoader          - Loading from cache: /assets/textures/Ship.gif
12:37:26.301 [JavaFX Application Thread] DEBUG AssetLoader          - Loading from cache: /assets/textures/enemy.gif
12:37:26.301 [JavaFX Application Thread] DEBUG AssetLoader          - Loading from cache: /assets/textures/Ship.gif
12:37:26.318 [JavaFX Application Thread] DEBUG AssetLoader          - Loading from cache: /assets/textures/enemy.gif
12:37:26.318 [JavaFX Application Thread] DEBUG AssetLoader          - Loading from cache: /assets/textures/Ship.gif
12:37:26.333 [JavaFX Application Thread] DEBUG AssetLoader          - Loading from cache: /assets/textures/enemy.gif
12:37:26.333 [JavaFX Application Thread] DEBUG AssetLoader          - Loading from cache: /assets/textures/Ship.gif
12:37:26.349 [JavaFX Application Thread] DEBUG AssetLoader          - Loading from cache: /assets/textures/enemy.gif
12:37:26.350 [JavaFX Application Thread] DEBUG AssetLoader          - Loading from cache: /assets/textures/Ship.gif
12:37:26.365 [JavaFX Application Thread] DEBUG AssetLoader          - Loading from cache: /assets/textures/enemy.gif
12:37:26.366 [JavaFX Application Thread] DEBUG AssetLoader          - Loading from cache: /assets/textures/Ship.gif
12:37:26.381 [JavaFX Application Thread] DEBUG AssetLoader          - Loading from cache: /assets/textures/enemy.gif
12:37:26.381 [JavaFX Application Thread] DEBUG AssetLoader          - Loading from cache: /assets/textures/Ship.gif
12:37:26.397 [JavaFX Application Thread] DEBUG AssetLoader          - Loading from cache: /assets/textures/enemy.gif
12:37:26.397 [JavaFX Application Thread] DEBUG AssetLoader          - Loading from cache: /assets/textures/Ship.gif
12:37:26.414 [JavaFX Application Thread] DEBUG AssetLoader          - Loading from cache: /assets/textures/enemy.gif
12:37:26.414 [JavaFX Application Thread] DEBUG AssetLoader          - Loading from cache: /assets/textures/Ship.gif
12:37:26.445 [JavaFX Application Thread] DEBUG AssetLoader          - Loading from cache: /assets/textures/enemy.gif
12:37:26.445 [JavaFX Application Thread] DEBUG AssetLoader          - Loading from cache: /assets/textures/Ship.gif
12:37:26.461 [JavaFX Application Thread] DEBUG AssetLoader          - Loading from cache: /assets/textures/enemy.gif
12:37:26.461 [JavaFX Application Thread] DEBUG AssetLoader          - Loading from cache: /assets/textures/Ship.gif
12:37:26.477 [JavaFX Application Thread] DEBUG AssetLoader          - Loading from cache: /assets/textures/enemy.gif
12:37:26.477 [JavaFX Application Thread] DEBUG AssetLoader          - Loading from cache: /assets/textures/Ship.gif
12:37:26.493 [JavaFX Application Thread] DEBUG AssetLoader          - Loading from cache: /assets/textures/enemy.gif
12:37:26.493 [JavaFX Application Thread] DEBUG AssetLoader          - Loading from cache: /assets/textures/Ship.gif
12:37:26.509 [JavaFX Application Thread] DEBUG AssetLoader          - Loading from cache: /assets/textures/enemy.gif
12:37:26.509 [JavaFX Application Thread] DEBUG AssetLoader          - Loading from cache: /assets/textures/Ship.gif
12:37:26.525 [JavaFX Application Thread] DEBUG AssetLoader          - Loading from cache: /assets/textures/enemy.gif
12:37:26.525 [JavaFX Application Thread] DEBUG AssetLoader          - Loading from cache: /assets/textures/Ship.gif
12:37:26.541 [JavaFX Application Thread] DEBUG AssetLoader          - Loading from cache: /assets/textures/enemy.gif
12:37:26.541 [JavaFX Application Thread] DEBUG AssetLoader          - Loading from cache: /assets/textures/Ship.gif
12:37:26.557 [JavaFX Application Thread] DEBUG AssetLoader          - Loading from cache: /assets/textures/enemy.gif
12:37:26.557 [JavaFX Application Thread] DEBUG AssetLoader          - Loading from cache: /assets/textures/Ship.gif
12:37:26.574 [JavaFX Application Thread] DEBUG AssetLoader          - Loading from file system: /assets/textures/coin.gif
12:37:26.577 [JavaFX Application Thread] DEBUG AssetLoader          - Loading from cache: /assets/textures/enemy.gif
12:37:26.578 [JavaFX Application Thread] DEBUG AssetLoader          - Loading from cache: /assets/textures/Ship.gif
12:37:26.590 [JavaFX Application Thread] DEBUG AssetLoader          - Loading from cache: /assets/textures/enemy.gif
12:37:26.590 [JavaFX Application Thread] DEBUG AssetLoader          - Loading from cache: /assets/textures/Ship.gif
12:37:26.605 [JavaFX Application Thread] DEBUG AssetLoader          - Loading from cache: /assets/textures/enemy.gif
12:37:26.605 [JavaFX Application Thread] DEBUG AssetLoader          - Loading from cache: /assets/textures/Ship.gif
12:37:26.621 [JavaFX Application Thread] DEBUG AssetLoader          - Loading from cache: /assets/textures/enemy.gif
12:37:26.621 [JavaFX Application Thread] DEBUG AssetLoader          - Loading from cache: /assets/textures/Ship.gif
12:37:26.637 [JavaFX Application Thread] DEBUG AssetLoader          - Loading from cache: /assets/textures/enemy.gif
12:37:26.637 [JavaFX Application Thread] DEBUG AssetLoader          - Loading from cache: /assets/textures/Ship.gif
12:37:26.653 [JavaFX Application Thread] DEBUG AssetLoader          - Loading from cache: /assets/textures/enemy.gif
12:37:26.653 [JavaFX Application Thread] DEBUG AssetLoader          - Loading from cache: /assets/textures/Ship.gif
12:37:26.669 [JavaFX Application Thread] DEBUG AssetLoader          - Loading from cache: /assets/textures/enemy.gif
12:37:26.669 [JavaFX Application Thread] DEBUG AssetLoader          - Loading from cache: /assets/textures/Ship.gif
12:37:26.685 [JavaFX Application Thread] DEBUG AssetLoader          - Loading from cache: /assets/textures/enemy.gif
12:37:26.685 [JavaFX Application Thread] DEBUG AssetLoader          - Loading from cache: /assets/textures/Ship.gif
12:37:26.701 [JavaFX Application Thread] DEBUG AssetLoader          - Loading from cache: /assets/textures/enemy.gif
12:37:26.701 [JavaFX Application Thread] DEBUG AssetLoader          - Loading from cache: /assets/textures/Ship.gif
12:37:26.717 [JavaFX Application Thread] DEBUG AssetLoader          - Loading from cache: /assets/textures/enemy.gif
12:37:26.717 [JavaFX Application Thread] DEBUG AssetLoader          - Loading from cache: /assets/textures/Ship.gif
12:37:26.733 [JavaFX Application Thread] DEBUG AssetLoader          - Loading from cache: /assets/textures/enemy.gif
12:37:26.733 [JavaFX Application Thread] DEBUG AssetLoader          - Loading from cache: /assets/textures/Ship.gif
12:37:26.749 [JavaFX Application Thread] DEBUG AssetLoader          - Loading from cache: /assets/textures/enemy.gif
12:37:26.750 [JavaFX Application Thread] DEBUG AssetLoader          - Loading from cache: /assets/textures/Ship.gif
12:37:26.765 [JavaFX Application Thread] DEBUG AssetLoader          - Loading from cache: /assets/textures/enemy.gif
12:37:26.766 [JavaFX Application Thread] DEBUG AssetLoader          - Loading from cache: /assets/textures/Ship.gif
12:37:26.781 [JavaFX Application Thread] DEBUG AssetLoader          - Loading from cache: /assets/textures/enemy.gif
12:37:26.781 [JavaFX Application Thread] DEBUG AssetLoader          - Loading from cache: /assets/textures/Ship.gif
12:37:26.798 [JavaFX Application Thread] DEBUG AssetLoader          - Loading from cache: /assets/textures/enemy.gif
12:37:26.799 [JavaFX Application Thread] DEBUG AssetLoader          - Loading from cache: /assets/textures/Ship.gif
12:37:26.813 [JavaFX Application Thread] DEBUG AssetLoader          - Loading from cache: /assets/textures/enemy.gif
12:37:26.814 [JavaFX Application Thread] DEBUG AssetLoader          - Loading from cache: /assets/textures/Ship.gif
12:37:26.845 [JavaFX Application Thread] DEBUG AssetLoader          - Loading from cache: /assets/textures/enemy.gif
12:37:26.845 [JavaFX Application Thread] DEBUG AssetLoader          - Loading from cache: /assets/textures/Ship.gif
12:37:26.861 [JavaFX Application Thread] DEBUG AssetLoader          - Loading from cache: /assets/textures/enemy.gif
12:37:26.861 [JavaFX Application Thread] DEBUG AssetLoader          - Loading from cache: /assets/textures/Ship.gif
12:37:26.877 [JavaFX Application Thread] DEBUG AssetLoader          - Loading from cache: /assets/textures/enemy.gif
12:37:26.877 [JavaFX Application Thread] DEBUG AssetLoader          - Loading from cache: /assets/textures/Ship.gif
12:37:26.893 [JavaFX Application Thread] DEBUG AssetLoader          - Loading from cache: /assets/textures/enemy.gif
12:37:26.893 [JavaFX Application Thread] DEBUG AssetLoader          - Loading from cache: /assets/textures/Ship.gif
12:37:26.909 [JavaFX Application Thread] DEBUG AssetLoader          - Loading from cache: /assets/textures/enemy.gif
12:37:26.909 [JavaFX Application Thread] DEBUG AssetLoader          - Loading from cache: /assets/textures/Ship.gif
12:37:26.926 [JavaFX Application Thread] DEBUG AssetLoader          - Loading from cache: /assets/textures/enemy.gif
12:37:26.926 [JavaFX Application Thread] DEBUG AssetLoader          - Loading from cache: /assets/textures/Ship.gif
12:37:26.941 [JavaFX Application Thread] DEBUG AssetLoader          - Loading from cache: /assets/textures/enemy.gif
12:37:26.941 [JavaFX Application Thread] DEBUG AssetLoader          - Loading from cache: /assets/textures/Ship.gif
12:37:26.957 [JavaFX Application Thread] DEBUG AssetLoader          - Loading from cache: /assets/textures/enemy.gif
12:37:26.957 [JavaFX Application Thread] DEBUG AssetLoader          - Loading from cache: /assets/textures/Ship.gif
12:37:26.973 [JavaFX Application Thread] DEBUG AssetLoader          - Loading from cache: /assets/textures/enemy.gif
12:37:26.973 [JavaFX Application Thread] DEBUG AssetLoader          - Loading from cache: /assets/textures/Ship.gif
12:37:26.989 [JavaFX Application Thread] DEBUG AssetLoader          - Loading from cache: /assets/textures/enemy.gif
12:37:26.989 [JavaFX Application Thread] DEBUG AssetLoader          - Loading from cache: /assets/textures/Ship.gif
12:37:27.005 [JavaFX Application Thread] DEBUG AssetLoader          - Loading from cache: /assets/textures/enemy.gif
12:37:27.005 [JavaFX Application Thread] DEBUG AssetLoader          - Loading from cache: /assets/textures/Ship.gif
12:37:27.021 [JavaFX Application Thread] DEBUG AssetLoader          - Loading from cache: /assets/textures/enemy.gif
12:37:27.021 [JavaFX Application Thread] DEBUG AssetLoader          - Loading from cache: /assets/textures/Ship.gif
12:37:27.037 [JavaFX Application Thread] DEBUG AssetLoader          - Loading from cache: /assets/textures/enemy.gif
12:37:27.037 [JavaFX Application Thread] DEBUG AssetLoader          - Loading from cache: /assets/textures/Ship.gif
12:37:27.053 [JavaFX Application Thread] DEBUG AssetLoader          - Loading from cache: /assets/textures/enemy.gif
12:37:27.053 [JavaFX Application Thread] DEBUG AssetLoader          - Loading from cache: /assets/textures/Ship.gif
12:37:27.069 [JavaFX Application Thread] DEBUG AssetLoader          - Loading from cache: /assets/textures/enemy.gif
12:37:27.069 [JavaFX Application Thread] DEBUG AssetLoader          - Loading from cache: /assets/textures/Ship.gif
12:37:27.085 [JavaFX Application Thread] DEBUG AssetLoader          - Loading from cache: /assets/textures/enemy.gif
12:37:27.085 [JavaFX Application Thread] DEBUG AssetLoader          - Loading from cache: /assets/textures/Ship.gif
12:37:27.101 [JavaFX Application Thread] DEBUG AssetLoader          - Loading from cache: /assets/textures/enemy.gif
12:37:27.101 [JavaFX Application Thread] DEBUG AssetLoader          - Loading from cache: /assets/textures/Ship.gif
12:37:27.133 [JavaFX Application Thread] DEBUG AssetLoader          - Loading from cache: /assets/textures/enemy.gif
12:37:27.133 [JavaFX Application Thread] DEBUG AssetLoader          - Loading from cache: /assets/textures/Ship.gif
12:37:27.149 [JavaFX Application Thread] DEBUG AssetLoader          - Loading from cache: /assets/textures/enemy.gif
12:37:27.149 [JavaFX Application Thread] DEBUG AssetLoader          - Loading from cache: /assets/textures/Ship.gif
12:37:27.165 [JavaFX Application Thread] DEBUG AssetLoader          - Loading from cache: /assets/textures/enemy.gif
12:37:27.165 [JavaFX Application Thread] DEBUG AssetLoader          - Loading from cache: /assets/textures/Ship.gif
12:37:27.181 [JavaFX Application Thread] DEBUG AssetLoader          - Loading from cache: /assets/textures/enemy.gif
12:37:27.182 [JavaFX Application Thread] DEBUG AssetLoader          - Loading from cache: /assets/textures/Ship.gif
12:37:27.197 [JavaFX Application Thread] DEBUG AssetLoader          - Loading from cache: /assets/textures/enemy.gif
12:37:27.198 [JavaFX Application Thread] DEBUG AssetLoader          - Loading from cache: /assets/textures/Ship.gif
12:37:27.213 [JavaFX Application Thread] DEBUG AssetLoader          - Loading from cache: /assets/textures/enemy.gif
12:37:27.215 [JavaFX Application Thread] DEBUG AssetLoader          - Loading from cache: /assets/textures/Ship.gif
12:37:27.245 [JavaFX Application Thread] DEBUG AssetLoader          - Loading from cache: /assets/textures/enemy.gif
12:37:27.245 [JavaFX Application Thread] DEBUG AssetLoader          - Loading from cache: /assets/textures/Ship.gif
12:37:27.261 [JavaFX Application Thread] DEBUG AssetLoader          - Loading from cache: /assets/textures/enemy.gif
12:37:27.261 [JavaFX Application Thread] DEBUG AssetLoader          - Loading from cache: /assets/textures/Ship.gif
12:37:27.277 [JavaFX Application Thread] DEBUG AssetLoader          - Loading from cache: /assets/textures/enemy.gif
12:37:27.277 [JavaFX Application Thread] DEBUG AssetLoader          - Loading from cache: /assets/textures/Ship.gif
12:37:27.294 [JavaFX Application Thread] DEBUG AssetLoader          - Loading from cache: /assets/textures/enemy.gif
12:37:27.294 [JavaFX Application Thread] DEBUG AssetLoader          - Loading from cache: /assets/textures/Ship.gif
12:37:27.309 [JavaFX Application Thread] DEBUG AssetLoader          - Loading from cache: /assets/textures/enemy.gif
12:37:27.309 [JavaFX Application Thread] DEBUG AssetLoader          - Loading from cache: /assets/textures/Ship.gif
12:37:27.325 [JavaFX Application Thread] DEBUG AssetLoader          - Loading from cache: /assets/textures/enemy.gif
12:37:27.325 [JavaFX Application Thread] DEBUG AssetLoader          - Loading from cache: /assets/textures/Ship.gif
12:37:27.341 [JavaFX Application Thread] DEBUG AssetLoader          - Loading from cache: /assets/textures/enemy.gif
12:37:27.341 [JavaFX Application Thread] DEBUG AssetLoader          - Loading from cache: /assets/textures/Ship.gif
12:37:27.357 [JavaFX Application Thread] DEBUG AssetLoader          - Loading from cache: /assets/textures/enemy.gif
12:37:27.357 [JavaFX Application Thread] DEBUG AssetLoader          - Loading from cache: /assets/textures/Ship.gif
12:37:27.373 [JavaFX Application Thread] DEBUG AssetLoader          - Loading from cache: /assets/textures/enemy.gif
12:37:27.373 [JavaFX Application Thread] DEBUG AssetLoader          - Loading from cache: /assets/textures/Ship.gif
12:37:27.389 [JavaFX Application Thread] DEBUG AssetLoader          - Loading from cache: /assets/textures/enemy.gif
12:37:27.389 [JavaFX Application Thread] DEBUG AssetLoader          - Loading from cache: /assets/textures/Ship.gif
12:37:27.405 [JavaFX Application Thread] DEBUG AssetLoader          - Loading from cache: /assets/textures/enemy.gif
12:37:27.405 [JavaFX Application Thread] DEBUG AssetLoader          - Loading from cache: /assets/textures/Ship.gif
12:37:27.421 [JavaFX Application Thread] DEBUG AssetLoader          - Loading from cache: /assets/textures/enemy.gif
12:37:27.421 [JavaFX Application Thread] DEBUG AssetLoader          - Loading from cache: /assets/textures/Ship.gif
12:37:27.437 [JavaFX Application Thread] DEBUG AssetLoader          - Loading from cache: /assets/textures/enemy.gif
12:37:27.437 [JavaFX Application Thread] DEBUG AssetLoader          - Loading from cache: /assets/textures/Ship.gif
12:37:27.453 [JavaFX Application Thread] DEBUG AssetLoader          - Loading from cache: /assets/textures/enemy.gif
12:37:27.453 [JavaFX Application Thread] DEBUG AssetLoader          - Loading from cache: /assets/textures/Ship.gif
12:37:27.469 [JavaFX Application Thread] DEBUG AssetLoader          - Loading from cache: /assets/textures/enemy.gif
12:37:27.469 [JavaFX Application Thread] DEBUG AssetLoader          - Loading from cache: /assets/textures/Ship.gif
12:37:27.485 [JavaFX Application Thread] DEBUG AssetLoader          - Loading from cache: /assets/textures/enemy.gif
12:37:27.485 [JavaFX Application Thread] DEBUG AssetLoader          - Loading from cache: /assets/textures/Ship.gif
12:37:27.501 [JavaFX Application Thread] DEBUG AssetLoader          - Loading from cache: /assets/textures/enemy.gif
12:37:27.501 [JavaFX Application Thread] DEBUG AssetLoader          - Loading from cache: /assets/textures/Ship.gif
12:37:27.517 [JavaFX Application Thread] DEBUG AssetLoader          - Loading from cache: /assets/textures/enemy.gif
12:37:27.517 [JavaFX Application Thread] DEBUG AssetLoader          - Loading from cache: /assets/textures/Ship.gif
12:37:27.533 [JavaFX Application Thread] DEBUG AssetLoader          - Loading from cache: /assets/textures/enemy.gif
12:37:27.533 [JavaFX Application Thread] DEBUG AssetLoader          - Loading from cache: /assets/textures/Ship.gif
12:37:27.549 [JavaFX Application Thread] DEBUG AssetLoader          - Loading from cache: /assets/textures/enemy.gif
12:37:27.550 [JavaFX Application Thread] DEBUG AssetLoader          - Loading from cache: /assets/textures/Ship.gif
12:37:27.565 [JavaFX Application Thread] DEBUG AssetLoader          - Loading from cache: /assets/textures/enemy.gif
12:37:27.565 [JavaFX Application Thread] DEBUG AssetLoader          - Loading from cache: /assets/textures/Ship.gif
12:37:27.582 [JavaFX Application Thread] DEBUG AssetLoader          - Loading from cache: /assets/textures/enemy.gif
12:37:27.582 [JavaFX Application Thread] DEBUG AssetLoader          - Loading from cache: /assets/textures/enemy.gif
12:37:27.583 [JavaFX Application Thread] DEBUG AssetLoader          - Loading from cache: /assets/textures/enemy.gif
12:37:27.583 [JavaFX Application Thread] DEBUG AssetLoader          - Loading from cache: /assets/textures/Ship.gif
12:37:27.597 [JavaFX Application Thread] DEBUG AssetLoader          - Loading from cache: /assets/textures/enemy.gif
12:37:27.597 [JavaFX Application Thread] DEBUG AssetLoader          - Loading from cache: /assets/textures/enemy.gif
12:37:27.597 [JavaFX Application Thread] DEBUG AssetLoader          - Loading from cache: /assets/textures/Ship.gif
12:37:27.613 [JavaFX Application Thread] DEBUG AssetLoader          - Loading from cache: /assets/textures/enemy.gif
12:37:27.614 [JavaFX Application Thread] DEBUG AssetLoader          - Loading from cache: /assets/textures/enemy.gif
12:37:27.614 [JavaFX Application Thread] DEBUG AssetLoader          - Loading from cache: /assets/textures/Ship.gif
12:37:27.629 [JavaFX Application Thread] DEBUG AssetLoader          - Loading from cache: /assets/textures/enemy.gif
12:37:27.630 [JavaFX Application Thread] DEBUG AssetLoader          - Loading from cache: /assets/textures/enemy.gif
12:37:27.630 [JavaFX Application Thread] DEBUG AssetLoader          - Loading from cache: /assets/textures/Ship.gif
12:37:27.661 [JavaFX Application Thread] DEBUG AssetLoader          - Loading from cache: /assets/textures/enemy.gif
12:37:27.661 [JavaFX Application Thread] DEBUG AssetLoader          - Loading from cache: /assets/textures/enemy.gif
12:37:27.661 [JavaFX Application Thread] DEBUG AssetLoader          - Loading from cache: /assets/textures/Ship.gif
12:37:27.677 [JavaFX Application Thread] DEBUG AssetLoader          - Loading from cache: /assets/textures/enemy.gif
12:37:27.677 [JavaFX Application Thread] DEBUG AssetLoader          - Loading from cache: /assets/textures/enemy.gif
12:37:27.677 [JavaFX Application Thread] DEBUG AssetLoader          - Loading from cache: /assets/textures/Ship.gif
12:37:27.693 [JavaFX Application Thread] DEBUG AssetLoader          - Loading from cache: /assets/textures/enemy.gif
12:37:27.693 [JavaFX Application Thread] DEBUG AssetLoader          - Loading from cache: /assets/textures/enemy.gif
12:37:27.694 [JavaFX Application Thread] DEBUG AssetLoader          - Loading from cache: /assets/textures/Ship.gif
12:37:27.709 [JavaFX Application Thread] DEBUG AssetLoader          - Loading from cache: /assets/textures/enemy.gif
12:37:27.710 [JavaFX Application Thread] DEBUG AssetLoader          - Loading from cache: /assets/textures/enemy.gif
12:37:27.710 [JavaFX Application Thread] DEBUG AssetLoader          - Loading from cache: /assets/textures/Ship.gif
12:37:27.725 [JavaFX Application Thread] DEBUG AssetLoader          - Loading from cache: /assets/textures/enemy.gif
12:37:27.725 [JavaFX Application Thread] DEBUG AssetLoader          - Loading from cache: /assets/textures/enemy.gif
12:37:27.725 [JavaFX Application Thread] DEBUG AssetLoader          - Loading from cache: /assets/textures/Ship.gif
12:37:27.741 [JavaFX Application Thread] DEBUG AssetLoader          - Loading from cache: /assets/textures/enemy.gif
12:37:27.741 [JavaFX Application Thread] DEBUG AssetLoader          - Loading from cache: /assets/textures/enemy.gif
12:37:27.741 [JavaFX Application Thread] DEBUG AssetLoader          - Loading from cache: /assets/textures/Ship.gif
12:37:27.757 [JavaFX Application Thread] DEBUG AssetLoader          - Loading from cache: /assets/textures/enemy.gif
12:37:27.757 [JavaFX Application Thread] DEBUG AssetLoader          - Loading from cache: /assets/textures/enemy.gif
12:37:27.757 [JavaFX Application Thread] DEBUG AssetLoader          - Loading from cache: /assets/textures/Ship.gif
12:37:27.773 [JavaFX Application Thread] DEBUG AssetLoader          - Loading from cache: /assets/textures/enemy.gif
12:37:27.773 [JavaFX Application Thread] DEBUG AssetLoader          - Loading from cache: /assets/textures/enemy.gif
12:37:27.773 [JavaFX Application Thread] DEBUG AssetLoader          - Loading from cache: /assets/textures/Ship.gif
12:37:27.789 [JavaFX Application Thread] DEBUG AssetLoader          - Loading from cache: /assets/textures/enemy.gif
12:37:27.789 [JavaFX Application Thread] DEBUG AssetLoader          - Loading from cache: /assets/textures/enemy.gif
12:37:27.789 [JavaFX Application Thread] DEBUG AssetLoader          - Loading from cache: /assets/textures/Ship.gif
12:37:27.805 [JavaFX Application Thread] DEBUG AssetLoader          - Loading from cache: /assets/textures/enemy.gif
12:37:27.805 [JavaFX Application Thread] DEBUG AssetLoader          - Loading from cache: /assets/textures/enemy.gif
12:37:27.805 [JavaFX Application Thread] DEBUG AssetLoader          - Loading from cache: /assets/textures/Ship.gif
12:37:27.821 [JavaFX Application Thread] DEBUG AssetLoader          - Loading from cache: /assets/textures/enemy.gif
12:37:27.821 [JavaFX Application Thread] DEBUG AssetLoader          - Loading from cache: /assets/textures/enemy.gif
12:37:27.821 [JavaFX Application Thread] DEBUG AssetLoader          - Loading from cache: /assets/textures/Ship.gif
12:37:27.881 [JavaFX Application Thread] DEBUG Engine               - Exiting FXGL
12:37:27.881 [JavaFX Application Thread] DEBUG Engine               - Shutting down background threads
12:37:27.881 [JavaFX Application Thread] DEBUG Engine               - Saving FXGL system data
12:37:27.884 [JavaFX Application Thread] DEBUG FSServiceImpl        - Writing to: C:\Users\Patrick\Desktop\FXGLSpencerGalaxies\system\fxgl.bundle
12:37:27.886 [JavaFX Application Thread] DEBUG Engine               - Closing logger and exiting JavaFX
