16:51:35.816 [main                     ] DEBUG GameApplication      - Logger initialized
16:51:35.829 [main                     ] DEBUG GameApplication      - Logging settings
Title: SPENCER - Zealand
Version: 1.0
Width: 900
Height: 800
Fullscreen: false
Intro: false
Menus: true
Profiling: false
Single step:false
App Mode: DEVELOPER
Menu Key: ESCAPE
Stage Style: DECORATED
Scene Factory: class main.Control.BasicGameApp$1
Dialog Factory: class com.almasb.fxgl.ui.FXGLDialogFactory
UI Factory: class com.almasb.fxgl.ui.FXGLUIFactory

16:51:36.931 [JavaFX Application Thread] DEBUG Engine               - Initializing FXGL
16:51:36.931 [JavaFX Application Thread] INFO  Engine               - FXGL-11.7 (05.01.2020 09.46) on WINDOWS (J:13 FX:11.0.2)
16:51:36.932 [JavaFX Application Thread] INFO  Engine               - Source code and latest versions at: https://github.com/AlmasB/FXGL
16:51:36.932 [JavaFX Application Thread] INFO  Engine               -              Join the FXGL chat at: https://gitter.im/AlmasB/FXGL
16:51:36.932 [JavaFX Application Thread] DEBUG Engine               - Initializing environment variables
16:51:36.935 [JavaFX Application Thread] DEBUG Engine               - Logging environment variables
16:51:36.936 [JavaFX Application Thread] DEBUG Engine               - achievements: []
16:51:36.936 [JavaFX Application Thread] DEBUG Engine               - sceneStack: com.almasb.fxgl.app.Engine@13fdeb19
16:51:36.936 [JavaFX Application Thread] DEBUG Engine               - language: ObjectProperty [value: ENGLISH]
16:51:36.936 [JavaFX Application Thread] DEBUG Engine               - isCloseConfirmation: false
16:51:36.936 [JavaFX Application Thread] DEBUG Engine               - isProfilingEnabled: false
16:51:36.937 [JavaFX Application Thread] DEBUG Engine               - soundNotification: core/notification.wav
16:51:36.937 [JavaFX Application Thread] DEBUG Engine               - devShowBBoxProperty: BooleanProperty [value: false]
16:51:36.937 [JavaFX Application Thread] DEBUG Engine               - pixelsPerMeter: 50.0
16:51:36.938 [JavaFX Application Thread] DEBUG Engine               - overlayRoot: Group@53d72935
16:51:36.938 [JavaFX Application Thread] DEBUG Engine               - soundMenuBack: menu/back.wav
16:51:36.938 [JavaFX Application Thread] DEBUG Engine               - appIcon: enemy.png
16:51:36.938 [JavaFX Application Thread] DEBUG Engine               - isFullScreenAllowed: false
16:51:36.938 [JavaFX Application Thread] DEBUG Engine               - isIntroEnabled: false
16:51:36.938 [JavaFX Application Thread] DEBUG Engine               - eventBus: com.almasb.fxgl.event.EventBus@15958b0e
16:51:36.938 [JavaFX Application Thread] DEBUG Engine               - fontMono: lucida_console.ttf
16:51:36.939 [JavaFX Application Thread] DEBUG Engine               - soundMenuSelect: menu/select.wav
16:51:36.939 [JavaFX Application Thread] DEBUG Engine               - isWindows: true
16:51:36.939 [JavaFX Application Thread] DEBUG Engine               - isMobile: false
16:51:36.939 [JavaFX Application Thread] DEBUG Engine               - height: 800
16:51:36.939 [JavaFX Application Thread] DEBUG Engine               - isExperimentalNative: false
16:51:36.939 [JavaFX Application Thread] DEBUG Engine               - isSingleStep: false
16:51:36.939 [JavaFX Application Thread] DEBUG Engine               - cSSList: [fxgl_dark.css]
16:51:36.939 [JavaFX Application Thread] DEBUG Engine               - fontGame: Abel-Regular.ttf
16:51:36.940 [JavaFX Application Thread] DEBUG Engine               - menuKey: ESCAPE
16:51:36.940 [JavaFX Application Thread] DEBUG Engine               - devShowPositionProperty: BooleanProperty [value: false]
16:51:36.940 [JavaFX Application Thread] DEBUG Engine               - versionCheckDays: 7
16:51:36.940 [JavaFX Application Thread] DEBUG Engine               - masterTimer: com.almasb.fxgl.time.Timer@694c0f86
16:51:36.940 [JavaFX Application Thread] DEBUG Engine               - configClass: Optional.empty
16:51:36.940 [JavaFX Application Thread] DEBUG Engine               - isFullScreenFromStart: false
16:51:36.940 [JavaFX Application Thread] DEBUG Engine               - version: 1.0
16:51:36.941 [JavaFX Application Thread] DEBUG Engine               - fullScreen: BooleanProperty [value: false]
16:51:36.941 [JavaFX Application Thread] DEBUG Engine               - randomSeed: -1
16:51:36.941 [JavaFX Application Thread] DEBUG Engine               - dialogFactory: com.almasb.fxgl.ui.FXGLDialogFactory@4fd4f6be
16:51:36.941 [JavaFX Application Thread] DEBUG Engine               - applicationMode: DEVELOPER
16:51:36.941 [JavaFX Application Thread] DEBUG Engine               - isMac: false
16:51:36.942 [JavaFX Application Thread] DEBUG Engine               - urlGoogleForms: https://goo.gl/forms/6wrMnOBxTE1fEpOy2
16:51:36.942 [JavaFX Application Thread] DEBUG Engine               - isMenuEnabled: true
16:51:36.942 [JavaFX Application Thread] DEBUG Engine               - urlPOM: https://raw.githubusercontent.com/AlmasB/FXGL/master/pom.xml
16:51:36.942 [JavaFX Application Thread] DEBUG Engine               - profileName: user.profile
16:51:36.942 [JavaFX Application Thread] DEBUG Engine               - notificationViewClass: class com.almasb.fxgl.notification.view.XboxNotificationView
16:51:36.943 [JavaFX Application Thread] DEBUG Engine               - devSensorColorProperty: ObjectProperty [value: 0xffff00ff]
16:51:36.943 [JavaFX Application Thread] DEBUG Engine               - sceneFactory: main.Control.BasicGameApp$1@25a0e0f0
16:51:36.943 [JavaFX Application Thread] DEBUG Engine               - dataFileExt: .dat
16:51:36.943 [JavaFX Application Thread] DEBUG Engine               - stageStyle: DECORATED
16:51:36.943 [JavaFX Application Thread] DEBUG Engine               - isManualResizeEnabled: false
16:51:36.944 [JavaFX Application Thread] DEBUG Engine               - title: SPENCER - Zealand
16:51:36.944 [JavaFX Application Thread] DEBUG Engine               - platform: WINDOWS
16:51:36.944 [JavaFX Application Thread] DEBUG Engine               - devBBoxColorProperty: ObjectProperty [value: 0xff0000ff]
16:51:36.944 [JavaFX Application Thread] DEBUG Engine               - isDesktop: true
16:51:36.944 [JavaFX Application Thread] DEBUG Engine               - credits: []
16:51:36.945 [JavaFX Application Thread] DEBUG Engine               - globalMusicVolumeProperty: DoubleProperty [value: 0.5]
16:51:36.945 [JavaFX Application Thread] DEBUG Engine               - uIFactory: com.almasb.fxgl.ui.FXGLUIFactory@1cd4c2b1
16:51:36.945 [JavaFX Application Thread] DEBUG Engine               - isPreserveResizeRatio: false
16:51:36.945 [JavaFX Application Thread] DEBUG Engine               - fontText: Courier-Prime.ttf
16:51:36.945 [JavaFX Application Thread] DEBUG Engine               - isExperimentalTiledLargeMap: false
16:51:36.945 [JavaFX Application Thread] DEBUG Engine               - secondsIn24h: 60
16:51:36.946 [JavaFX Application Thread] DEBUG Engine               - runtimeInfo: RuntimeInfo(platform=WINDOWS, version=11.7, build=05.01.2020 09.46)
16:51:36.946 [JavaFX Application Thread] DEBUG Engine               - isLinux: false
16:51:36.946 [JavaFX Application Thread] DEBUG Engine               - soundMenuPress: menu/press.wav
16:51:36.946 [JavaFX Application Thread] DEBUG Engine               - urlGithub: https://github.com/AlmasB/FXGL
16:51:36.946 [JavaFX Application Thread] DEBUG Engine               - profileDir: profiles/
16:51:36.946 [JavaFX Application Thread] DEBUG Engine               - isDeveloperMenuEnabled: false
16:51:36.947 [JavaFX Application Thread] DEBUG Engine               - globalSoundVolumeProperty: DoubleProperty [value: 0.5]
16:51:36.947 [JavaFX Application Thread] DEBUG Engine               - isBrowser: false
16:51:36.947 [JavaFX Application Thread] DEBUG Engine               - globalSoundVolume: 0.5
16:51:36.947 [JavaFX Application Thread] DEBUG Engine               - urlLeaderboard: http://fxgl-top.herokuapp.com/
16:51:36.947 [JavaFX Application Thread] DEBUG Engine               - saveDir: saves/
16:51:36.947 [JavaFX Application Thread] DEBUG Engine               - engineServices: [class com.almasb.fxgl.audio.AudioPlayer, class com.almasb.fxgl.notification.impl.NotificationServiceProvider, class com.almasb.fxgl.achievement.AchievementManager, class com.almasb.fxgl.cutscene.CutsceneService, class com.almasb.fxgl.minigames.MiniGameService]
16:51:36.948 [JavaFX Application Thread] DEBUG Engine               - globalMusicVolume: 0.5
16:51:36.948 [JavaFX Application Thread] DEBUG Engine               - width: 900
16:51:36.948 [JavaFX Application Thread] DEBUG Engine               - saveFileExt: .sav
16:51:36.948 [JavaFX Application Thread] DEBUG Engine               - isAndroid: false
16:51:36.948 [JavaFX Application Thread] DEBUG Engine               - fontUI: VarelaRound-Regular.ttf
16:51:36.948 [JavaFX Application Thread] DEBUG Engine               - enabledMenuItems: []
16:51:36.949 [JavaFX Application Thread] DEBUG Engine               - isIOS: false
16:51:36.952 [JavaFX Application Thread] DEBUG Engine               - Adding new engine service: class com.almasb.fxgl.audio.AudioPlayer
16:51:36.953 [JavaFX Application Thread] DEBUG Engine               - Adding new engine service: class com.almasb.fxgl.notification.impl.NotificationServiceProvider
16:51:36.953 [JavaFX Application Thread] DEBUG Engine               - Adding new engine service: class com.almasb.fxgl.achievement.AchievementManager
16:51:36.954 [JavaFX Application Thread] DEBUG Engine               - Adding new engine service: class com.almasb.fxgl.cutscene.CutsceneService
16:51:36.954 [JavaFX Application Thread] DEBUG Engine               - Adding new engine service: class com.almasb.fxgl.minigames.MiniGameService
16:51:36.957 [JavaFX Application Thread] DEBUG Engine               - Loading localizations
16:51:36.960 [JavaFX Application Thread] DEBUG AssetLoader          - Loading from file system: /assets/properties/languages/english.properties
16:51:36.963 [JavaFX Application Thread] DEBUG AssetLoader          - Loading from file system: /assets/properties/languages/french.properties
16:51:36.966 [JavaFX Application Thread] DEBUG AssetLoader          - Loading from file system: /assets/properties/languages/german.properties
16:51:36.968 [JavaFX Application Thread] DEBUG AssetLoader          - Loading from file system: /assets/properties/languages/russian.properties
16:51:36.970 [JavaFX Application Thread] DEBUG AssetLoader          - Loading from file system: /assets/properties/languages/hungarian.properties
16:51:36.972 [JavaFX Application Thread] DEBUG Engine               - Registering font factories
16:51:36.973 [JavaFX Application Thread] DEBUG AssetLoader          - Loading from file system: /assets/ui/fonts/VarelaRound-Regular.ttf
16:51:37.181 [JavaFX Application Thread] DEBUG AssetLoader          - Loading from file system: /assets/ui/fonts/Abel-Regular.ttf
16:51:37.184 [JavaFX Application Thread] DEBUG AssetLoader          - Loading from file system: /assets/ui/fonts/lucida_console.ttf
16:51:37.188 [JavaFX Application Thread] DEBUG AssetLoader          - Loading from file system: /assets/ui/fonts/Courier-Prime.ttf
16:51:37.193 [JavaFX Application Thread] DEBUG Engine               - Setting UI factory
16:51:37.261 [JavaFX Application Thread] DEBUG AssetLoader          - Loading from file system: /assets/textures/fxgl_logo.png
16:51:37.317 [JavaFX Application Thread] DEBUG MainWindow           - Creating a JavaFX scene
16:51:37.355 [JavaFX Application Thread] DEBUG MainWindow           - Target settings size: 900.0 x 800.0
16:51:37.355 [JavaFX Application Thread] DEBUG MainWindow           - Scaled scene size:    900.0 x 800.0
16:51:37.356 [JavaFX Application Thread] DEBUG MainWindow           - Scaled ratio: (1.0, 1.0)
16:51:37.357 [JavaFX Application Thread] DEBUG MainWindow           - Set initial scene to FXGLStartupScene
16:51:37.362 [JavaFX Application Thread] DEBUG AssetLoader          - Loading from file system: /assets/textures/enemy.png
16:51:37.363 [JavaFX Application Thread] WARN  AssetLoader          - Failed to load texture enemy.png Error: java.lang.IllegalArgumentException: Asset "/assets/textures/enemy.png" was not found!
16:51:37.402 [JavaFX Application Thread] DEBUG Engine               - Applying CSS: fxgl_dark.css
16:51:37.403 [JavaFX Application Thread] DEBUG AssetLoader          - Loading from file system: /assets/ui/css/fxgl_dark.css
16:51:37.405 [JavaFX Application Thread] DEBUG AssetLoader          - Loading from file system: /assets/ui/cursors/fxgl_default.png
16:51:37.407 [JavaFX Application Thread] DEBUG MainWindow           - Opening main window
16:51:37.548 [JavaFX Application Thread] DEBUG MainWindow           - Window border size: (16.0, 39.0)
16:51:37.548 [JavaFX Application Thread] DEBUG MainWindow           - Scaled size: 900.0 x 800.0
16:51:37.548 [JavaFX Application Thread] DEBUG MainWindow           - Scaled ratio: (1.0, 1.0)
16:51:37.548 [JavaFX Application Thread] DEBUG MainWindow           - Scene size: 900.0 x 800.0
16:51:37.549 [JavaFX Application Thread] DEBUG MainWindow           - Stage size: 916.0 x 839.0
16:51:37.558 [FXGL Background Thread 1 ] DEBUG FS                   - Loaded FSServiceImpl
16:51:37.559 [FXGL Background Thread 1 ] DEBUG Engine               - Loading FXGL system data
16:51:37.566 [FXGL Background Thread 1 ] DEBUG FSServiceImpl        - Reading from: C:\Users\Patrick\Desktop\FXGLSpencerGalaxies\system\fxgl.bundle
16:51:37.578 [FXGL Background Thread 1 ] DEBUG Engine               - Bundle FXGL: {}
16:51:37.578 [FXGL Background Thread 1 ] DEBUG Engine               - Initializing application scenes
16:51:37.621 [FXGL Background Thread 1 ] DEBUG GameWorld            - Game world initialized
16:51:37.671 [FXGL Background Thread 1 ] DEBUG PhysicsWorld         - Physics world initialized: appHeight=800, physics.ppm=50,0
16:51:37.673 [FXGL Background Thread 1 ] DEBUG GameScene            - Game scene initialized: 900x800
16:51:37.706 [FXGL Background Thread 1 ] DEBUG AssetLoader          - Loading from file system: /assets/textures/MainMenu.gif
16:51:38.005 [FXGL Background Thread 1 ] DEBUG AssetLoader          - Loading from file system: /assets/textures/GameMenu.gif
16:51:38.115 [FXGL Background Thread 1 ] DEBUG Engine               - Application scenes initialized
16:51:38.116 [JavaFX Application Thread] DEBUG Engine               - Running preInit()
16:51:38.122 [JavaFX Application Thread] DEBUG Input                - Registered new binding: Move Right - D
16:51:38.122 [JavaFX Application Thread] DEBUG Input                - Registered new binding: Move Left - A
16:51:38.122 [JavaFX Application Thread] DEBUG Input                - Registered new binding: Move Up - W
16:51:38.122 [JavaFX Application Thread] DEBUG Input                - Registered new binding: Move Down - S
16:51:38.123 [JavaFX Application Thread] DEBUG Input                - Registered new binding: Shoot - LMB
16:51:38.123 [JavaFX Application Thread] DEBUG Input                - Registered new binding: Screenshot - P
16:51:38.124 [JavaFX Application Thread] DEBUG Input                - Registered new binding: System info dump - CTRL+9
16:51:38.124 [JavaFX Application Thread] DEBUG Input                - Registered new binding: Restart - CTRL+R
16:51:38.124 [JavaFX Application Thread] DEBUG Engine               - generateDefaultProfile()
16:51:38.124 [JavaFX Application Thread] DEBUG Engine               - Creating default profile
16:51:38.124 [JavaFX Application Thread] DEBUG EventBus             - Firing event: SaveEvent
16:51:38.133 [JavaFX Application Thread] DEBUG AssetLoader          - Loading from file system: /assets/music/MainMenuMusic.mp3
16:51:38.238 [JavaFX Application Thread] DEBUG AudioPlayer          - Playing music com.almasb.fxgl.audio.Music@a9cfff4
16:51:38.238 [JavaFX Application Thread] INFO  Engine               - FXGL initialization took: 1,281 sec
16:51:38.239 [JavaFX Application Thread] DEBUG LoopRunner           - Starting loop
16:51:38.241 [JavaFX Application Thread] DEBUG FXGLStartupScene     - STARTUP
16:51:38.243 [JavaFX Application Thread] DEBUG Input                - Clearing active input actions
16:51:38.261 [JavaFX Application Thread] DEBUG Engine               - Removing overlay from FXGLStartupScene and adding to SpencerMainMenu
16:51:38.261 [JavaFX Application Thread] DEBUG MainWindow           - FXGLStartupScene -> SpencerMainMenu
16:51:58.874 [JavaFX Application Thread] DEBUG Menu                 - fireNewGame()
16:51:58.874 [JavaFX Application Thread] DEBUG Engine               - Starting new game
16:51:58.881 [JavaFX Application Thread] DEBUG Input                - Clearing active input actions
16:51:58.881 [FXGL Background Thread 1 ] DEBUG InitAppTask          - Clearing previous game
16:51:58.881 [FXGL Background Thread 1 ] DEBUG GameWorld            - Clearing game world
16:51:58.882 [FXGL Background Thread 1 ] DEBUG PhysicsWorld         - Clearing physics world
16:51:58.882 [FXGL Background Thread 1 ] DEBUG GameScene            - Clearing game scene
16:51:58.882 [FXGL Background Thread 1 ] DEBUG InitAppTask          - Initializing Game
16:51:58.883 [FXGL Background Thread 1 ] DEBUG AudioPlayer          - Stopping music com.almasb.fxgl.audio.Music@a9cfff4
16:51:58.884 [FXGL Background Thread 1 ] DEBUG AssetLoader          - Loading from file system: /assets/music/InGameMusic.mp3
16:51:58.888 [JavaFX Application Thread] DEBUG Engine               - Removing overlay from SpencerMainMenu and adding to LoadingScene
16:51:58.889 [JavaFX Application Thread] DEBUG MainWindow           - SpencerMainMenu -> LoadingScene
16:51:58.893 [FXGL Background Thread 1 ] DEBUG AudioPlayer          - Playing music com.almasb.fxgl.audio.Music@4200ce19
16:51:58.905 [FXGL Background Thread 1 ] DEBUG AssetLoader          - Loading from file system: /assets/sounds/NewEvilPuffEntry.wav
16:51:58.913 [FXGL Background Thread 1 ] DEBUG AssetLoader          - Loading from file system: /assets/sounds/NewCoinEntry.wav
16:51:58.918 [FXGL Background Thread 1 ] DEBUG AssetLoader          - Loading from file system: /assets/sounds/PowerUpSpawn.wav
16:51:58.922 [FXGL Background Thread 1 ] DEBUG AssetLoader          - Loading from file system: /assets/sounds/FreezePowerSpawn.wav
16:51:58.928 [FXGL Background Thread 1 ] DEBUG AssetLoader          - Loading from file system: /assets/textures/enemy.gif
16:51:58.958 [FXGL Background Thread 1 ] DEBUG AssetLoader          - Loading from file system: /assets/textures/Ship.gif
16:51:58.961 [FXGL Background Thread 1 ] DEBUG AssetLoader          - Loading from file system: /assets/textures/spencerBackground.png
16:51:59.003 [FXGL Background Thread 1 ] DEBUG InitAppTask          - Initializing Physics
16:51:59.004 [FXGL Background Thread 1 ] DEBUG InitAppTask          - Initializing UI
16:51:59.005 [FXGL Background Thread 1 ] DEBUG InitAppTask          - Initialization Complete
16:51:59.006 [FXGL Background Thread 1 ] INFO  InitAppTask          - Game initialization took: 0,124 sec
16:51:59.014 [JavaFX Application Thread] DEBUG Input                - Clearing active input actions
16:51:59.024 [JavaFX Application Thread] DEBUG Engine               - Removing overlay from LoadingScene and adding to GameScene
16:51:59.025 [JavaFX Application Thread] DEBUG MainWindow           - LoadingScene -> GameScene
16:51:59.032 [JavaFX Application Thread] DEBUG AssetLoader          - Loading from cache: /assets/textures/enemy.gif
16:51:59.043 [JavaFX Application Thread] DEBUG AssetLoader          - Loading from cache: /assets/textures/Ship.gif
16:51:59.094 [JavaFX Application Thread] DEBUG AssetLoader          - Loading from cache: /assets/textures/enemy.gif
16:51:59.095 [JavaFX Application Thread] DEBUG AssetLoader          - Loading from cache: /assets/textures/Ship.gif
16:51:59.108 [JavaFX Application Thread] DEBUG AssetLoader          - Loading from cache: /assets/textures/enemy.gif
16:51:59.109 [JavaFX Application Thread] DEBUG AssetLoader          - Loading from cache: /assets/textures/Ship.gif
16:51:59.110 [JavaFX Application Thread] DEBUG AssetLoader          - Loading from cache: /assets/textures/enemy.gif
16:51:59.111 [JavaFX Application Thread] DEBUG AssetLoader          - Loading from cache: /assets/textures/Ship.gif
16:51:59.126 [JavaFX Application Thread] DEBUG AssetLoader          - Loading from cache: /assets/textures/enemy.gif
16:51:59.127 [JavaFX Application Thread] DEBUG AssetLoader          - Loading from cache: /assets/textures/Ship.gif
16:51:59.142 [JavaFX Application Thread] DEBUG AssetLoader          - Loading from cache: /assets/textures/enemy.gif
16:51:59.144 [JavaFX Application Thread] DEBUG AssetLoader          - Loading from cache: /assets/textures/Ship.gif
16:51:59.158 [JavaFX Application Thread] DEBUG AssetLoader          - Loading from cache: /assets/textures/enemy.gif
16:51:59.160 [JavaFX Application Thread] DEBUG AssetLoader          - Loading from cache: /assets/textures/Ship.gif
16:51:59.190 [JavaFX Application Thread] DEBUG AssetLoader          - Loading from cache: /assets/textures/enemy.gif
16:51:59.191 [JavaFX Application Thread] DEBUG AssetLoader          - Loading from cache: /assets/textures/Ship.gif
16:51:59.206 [JavaFX Application Thread] DEBUG AssetLoader          - Loading from cache: /assets/textures/enemy.gif
16:51:59.207 [JavaFX Application Thread] DEBUG AssetLoader          - Loading from cache: /assets/textures/Ship.gif
16:51:59.222 [JavaFX Application Thread] DEBUG AssetLoader          - Loading from cache: /assets/textures/enemy.gif
16:51:59.223 [JavaFX Application Thread] DEBUG AssetLoader          - Loading from cache: /assets/textures/Ship.gif
16:51:59.238 [JavaFX Application Thread] DEBUG AssetLoader          - Loading from cache: /assets/textures/enemy.gif
16:51:59.239 [JavaFX Application Thread] DEBUG AssetLoader          - Loading from cache: /assets/textures/Ship.gif
16:51:59.254 [JavaFX Application Thread] DEBUG AssetLoader          - Loading from cache: /assets/textures/enemy.gif
16:51:59.254 [JavaFX Application Thread] DEBUG AssetLoader          - Loading from cache: /assets/textures/Ship.gif
16:51:59.270 [JavaFX Application Thread] DEBUG AssetLoader          - Loading from cache: /assets/textures/enemy.gif
16:51:59.271 [JavaFX Application Thread] DEBUG AssetLoader          - Loading from cache: /assets/textures/Ship.gif
16:51:59.286 [JavaFX Application Thread] DEBUG AssetLoader          - Loading from cache: /assets/textures/enemy.gif
16:51:59.286 [JavaFX Application Thread] DEBUG AssetLoader          - Loading from cache: /assets/textures/Ship.gif
16:51:59.302 [JavaFX Application Thread] DEBUG AssetLoader          - Loading from cache: /assets/textures/enemy.gif
16:51:59.304 [JavaFX Application Thread] DEBUG AssetLoader          - Loading from cache: /assets/textures/Ship.gif
16:51:59.318 [JavaFX Application Thread] DEBUG AssetLoader          - Loading from cache: /assets/textures/enemy.gif
16:51:59.319 [JavaFX Application Thread] DEBUG AssetLoader          - Loading from cache: /assets/textures/Ship.gif
16:51:59.335 [JavaFX Application Thread] DEBUG AssetLoader          - Loading from cache: /assets/textures/enemy.gif
16:51:59.335 [JavaFX Application Thread] DEBUG AssetLoader          - Loading from cache: /assets/textures/Ship.gif
16:51:59.350 [JavaFX Application Thread] DEBUG AssetLoader          - Loading from cache: /assets/textures/enemy.gif
16:51:59.351 [JavaFX Application Thread] DEBUG AssetLoader          - Loading from cache: /assets/textures/Ship.gif
16:51:59.366 [JavaFX Application Thread] DEBUG AssetLoader          - Loading from cache: /assets/textures/enemy.gif
16:51:59.366 [JavaFX Application Thread] DEBUG AssetLoader          - Loading from cache: /assets/textures/Ship.gif
16:51:59.382 [JavaFX Application Thread] DEBUG AssetLoader          - Loading from cache: /assets/textures/enemy.gif
16:51:59.383 [JavaFX Application Thread] DEBUG AssetLoader          - Loading from cache: /assets/textures/Ship.gif
16:51:59.398 [JavaFX Application Thread] DEBUG AssetLoader          - Loading from cache: /assets/textures/enemy.gif
16:51:59.399 [JavaFX Application Thread] DEBUG AssetLoader          - Loading from cache: /assets/textures/Ship.gif
16:51:59.425 [JavaFX Application Thread] DEBUG AssetLoader          - Loading from cache: /assets/textures/enemy.gif
16:51:59.426 [JavaFX Application Thread] DEBUG AssetLoader          - Loading from cache: /assets/textures/Ship.gif
16:51:59.430 [JavaFX Application Thread] DEBUG AssetLoader          - Loading from cache: /assets/textures/enemy.gif
16:51:59.431 [JavaFX Application Thread] DEBUG AssetLoader          - Loading from cache: /assets/textures/Ship.gif
16:51:59.446 [JavaFX Application Thread] DEBUG AssetLoader          - Loading from cache: /assets/textures/enemy.gif
16:51:59.446 [JavaFX Application Thread] DEBUG AssetLoader          - Loading from cache: /assets/textures/Ship.gif
16:51:59.462 [JavaFX Application Thread] DEBUG AssetLoader          - Loading from cache: /assets/textures/enemy.gif
16:51:59.463 [JavaFX Application Thread] DEBUG AssetLoader          - Loading from cache: /assets/textures/Ship.gif
16:51:59.477 [JavaFX Application Thread] DEBUG Input                - Clearing active input actions
16:51:59.481 [JavaFX Application Thread] DEBUG Engine               - Removing overlay from GameScene and adding to SpencerGameMenu
16:51:59.481 [JavaFX Application Thread] DEBUG MainWindow           - GameScene -> SpencerGameMenu
16:52:01.461 [JavaFX Application Thread] DEBUG MainWindow           - Push state: DialogSubState
16:52:01.461 [JavaFX Application Thread] DEBUG Input                - Clearing active input actions
16:52:01.471 [JavaFX Application Thread] DEBUG Engine               - Removing overlay from SpencerGameMenu and adding to DialogSubState
16:52:01.472 [JavaFX Application Thread] DEBUG MainWindow           - SpencerGameMenu -> DialogSubState
16:52:02.212 [JavaFX Application Thread] DEBUG MainWindow           - Pop state: DialogSubState
16:52:02.212 [JavaFX Application Thread] DEBUG Input                - Clearing active input actions
16:52:02.212 [JavaFX Application Thread] DEBUG Engine               - Removing overlay from DialogSubState and adding to SpencerGameMenu
16:52:02.213 [JavaFX Application Thread] DEBUG MainWindow           - SpencerGameMenu <- DialogSubState
16:52:02.213 [JavaFX Application Thread] DEBUG Input                - Clearing active input actions
16:52:02.217 [JavaFX Application Thread] DEBUG Engine               - Removing overlay from SpencerGameMenu and adding to SpencerMainMenu
16:52:02.217 [JavaFX Application Thread] DEBUG MainWindow           - SpencerGameMenu -> SpencerMainMenu
16:52:02.217 [JavaFX Application Thread] DEBUG AudioPlayer          - Stopping music com.almasb.fxgl.audio.Music@4200ce19
16:52:02.218 [JavaFX Application Thread] DEBUG AudioPlayer          - Playing music com.almasb.fxgl.audio.Music@a9cfff4
16:52:05.331 [JavaFX Application Thread] DEBUG Menu                 - fireExit()
16:52:05.332 [JavaFX Application Thread] DEBUG MainWindow           - Push state: DialogSubState
16:52:05.333 [JavaFX Application Thread] DEBUG Input                - Clearing active input actions
16:52:05.336 [JavaFX Application Thread] DEBUG Engine               - Removing overlay from SpencerMainMenu and adding to DialogSubState
16:52:05.336 [JavaFX Application Thread] DEBUG MainWindow           - SpencerMainMenu -> DialogSubState
16:52:06.525 [JavaFX Application Thread] DEBUG MainWindow           - Pop state: DialogSubState
16:52:06.525 [JavaFX Application Thread] DEBUG Input                - Clearing active input actions
16:52:06.525 [JavaFX Application Thread] DEBUG Engine               - Removing overlay from DialogSubState and adding to SpencerMainMenu
16:52:06.525 [JavaFX Application Thread] DEBUG MainWindow           - SpencerMainMenu <- DialogSubState
16:52:06.525 [JavaFX Application Thread] DEBUG Engine               - Exiting FXGL
16:52:06.525 [JavaFX Application Thread] DEBUG Engine               - Shutting down background threads
16:52:06.526 [JavaFX Application Thread] DEBUG Engine               - Saving FXGL system data
16:52:06.527 [JavaFX Application Thread] DEBUG FSServiceImpl        - Writing to: C:\Users\Patrick\Desktop\FXGLSpencerGalaxies\system\fxgl.bundle
16:52:06.529 [JavaFX Application Thread] DEBUG Engine               - Closing logger and exiting JavaFX
