13:32:28.056 [main                     ] DEBUG GameApplication      - Logger initialized
13:32:28.178 [main                     ] DEBUG GameApplication      - Logging settings
Title: SPENCER - Zealand
Version: 1.0
Width: 900
Height: 800
Fullscreen: false
Intro: false
Menus: true
Profiling: false
Single step:false
App Mode: DEVELOPER
Menu Key: ESCAPE
Stage Style: DECORATED
Scene Factory: class main.Control.BasicGameApp$1
Dialog Factory: class com.almasb.fxgl.ui.FXGLDialogFactory
UI Factory: class com.almasb.fxgl.ui.FXGLUIFactory

13:32:29.584 [JavaFX Application Thread] DEBUG Engine               - Initializing FXGL
13:32:29.584 [JavaFX Application Thread] INFO  Engine               - FXGL-11.7 (05.01.2020 09.46) on WINDOWS (J:13 FX:11.0.2)
13:32:29.585 [JavaFX Application Thread] INFO  Engine               - Source code and latest versions at: https://github.com/AlmasB/FXGL
13:32:29.585 [JavaFX Application Thread] INFO  Engine               -              Join the FXGL chat at: https://gitter.im/AlmasB/FXGL
13:32:29.586 [JavaFX Application Thread] DEBUG Engine               - Initializing environment variables
13:32:29.594 [JavaFX Application Thread] DEBUG Engine               - Logging environment variables
13:32:29.594 [JavaFX Application Thread] DEBUG Engine               - achievements: []
13:32:29.595 [JavaFX Application Thread] DEBUG Engine               - sceneStack: com.almasb.fxgl.app.Engine@335dbe89
13:32:29.595 [JavaFX Application Thread] DEBUG Engine               - language: ObjectProperty [value: ENGLISH]
13:32:29.596 [JavaFX Application Thread] DEBUG Engine               - isCloseConfirmation: false
13:32:29.596 [JavaFX Application Thread] DEBUG Engine               - isProfilingEnabled: false
13:32:29.596 [JavaFX Application Thread] DEBUG Engine               - soundNotification: core/notification.wav
13:32:29.597 [JavaFX Application Thread] DEBUG Engine               - devShowBBoxProperty: BooleanProperty [value: false]
13:32:29.600 [JavaFX Application Thread] DEBUG Engine               - pixelsPerMeter: 50.0
13:32:29.601 [JavaFX Application Thread] DEBUG Engine               - overlayRoot: Group@541d3de1
13:32:29.602 [JavaFX Application Thread] DEBUG Engine               - appIcon: enemy.png
13:32:29.604 [JavaFX Application Thread] DEBUG Engine               - soundMenuBack: menu/back.wav
13:32:29.605 [JavaFX Application Thread] DEBUG Engine               - isFullScreenAllowed: false
13:32:29.606 [JavaFX Application Thread] DEBUG Engine               - isIntroEnabled: false
13:32:29.607 [JavaFX Application Thread] DEBUG Engine               - eventBus: com.almasb.fxgl.event.EventBus@1b02198
13:32:29.609 [JavaFX Application Thread] DEBUG Engine               - fontMono: lucida_console.ttf
13:32:29.610 [JavaFX Application Thread] DEBUG Engine               - soundMenuSelect: menu/select.wav
13:32:29.611 [JavaFX Application Thread] DEBUG Engine               - isWindows: true
13:32:29.611 [JavaFX Application Thread] DEBUG Engine               - isMobile: false
13:32:29.612 [JavaFX Application Thread] DEBUG Engine               - height: 800
13:32:29.613 [JavaFX Application Thread] DEBUG Engine               - isExperimentalNative: false
13:32:29.615 [JavaFX Application Thread] DEBUG Engine               - isSingleStep: false
13:32:29.621 [JavaFX Application Thread] DEBUG Engine               - cSSList: [fxgl_dark.css]
13:32:29.621 [JavaFX Application Thread] DEBUG Engine               - fontGame: Abel-Regular.ttf
13:32:29.622 [JavaFX Application Thread] DEBUG Engine               - menuKey: ESCAPE
13:32:29.622 [JavaFX Application Thread] DEBUG Engine               - devShowPositionProperty: BooleanProperty [value: false]
13:32:29.622 [JavaFX Application Thread] DEBUG Engine               - versionCheckDays: 7
13:32:29.626 [JavaFX Application Thread] DEBUG Engine               - masterTimer: com.almasb.fxgl.time.Timer@5fc76ed1
13:32:29.626 [JavaFX Application Thread] DEBUG Engine               - configClass: Optional.empty
13:32:29.628 [JavaFX Application Thread] DEBUG Engine               - isFullScreenFromStart: false
13:32:29.635 [JavaFX Application Thread] DEBUG Engine               - version: 1.0
13:32:29.636 [JavaFX Application Thread] DEBUG Engine               - fullScreen: BooleanProperty [value: false]
13:32:29.640 [JavaFX Application Thread] DEBUG Engine               - randomSeed: -1
13:32:29.652 [JavaFX Application Thread] DEBUG Engine               - dialogFactory: com.almasb.fxgl.ui.FXGLDialogFactory@285369cd
13:32:29.660 [JavaFX Application Thread] DEBUG Engine               - applicationMode: DEVELOPER
13:32:29.662 [JavaFX Application Thread] DEBUG Engine               - isMac: false
13:32:29.667 [JavaFX Application Thread] DEBUG Engine               - urlGoogleForms: https://goo.gl/forms/6wrMnOBxTE1fEpOy2
13:32:29.667 [JavaFX Application Thread] DEBUG Engine               - isMenuEnabled: true
13:32:29.670 [JavaFX Application Thread] DEBUG Engine               - profileName: user.profile
13:32:29.676 [JavaFX Application Thread] DEBUG Engine               - urlPOM: https://raw.githubusercontent.com/AlmasB/FXGL/master/pom.xml
13:32:29.676 [JavaFX Application Thread] DEBUG Engine               - notificationViewClass: class com.almasb.fxgl.notification.view.XboxNotificationView
13:32:29.677 [JavaFX Application Thread] DEBUG Engine               - devSensorColorProperty: ObjectProperty [value: 0xffff00ff]
13:32:29.678 [JavaFX Application Thread] DEBUG Engine               - sceneFactory: main.Control.BasicGameApp$1@159cab13
13:32:29.678 [JavaFX Application Thread] DEBUG Engine               - dataFileExt: .dat
13:32:29.678 [JavaFX Application Thread] DEBUG Engine               - stageStyle: DECORATED
13:32:29.678 [JavaFX Application Thread] DEBUG Engine               - isManualResizeEnabled: false
13:32:29.679 [JavaFX Application Thread] DEBUG Engine               - title: SPENCER - Zealand
13:32:29.679 [JavaFX Application Thread] DEBUG Engine               - platform: WINDOWS
13:32:29.679 [JavaFX Application Thread] DEBUG Engine               - devBBoxColorProperty: ObjectProperty [value: 0xff0000ff]
13:32:29.679 [JavaFX Application Thread] DEBUG Engine               - isDesktop: true
13:32:29.680 [JavaFX Application Thread] DEBUG Engine               - credits: []
13:32:29.680 [JavaFX Application Thread] DEBUG Engine               - globalMusicVolumeProperty: DoubleProperty [value: 0.5]
13:32:29.681 [JavaFX Application Thread] DEBUG Engine               - uIFactory: com.almasb.fxgl.ui.FXGLUIFactory@1520f4d9
13:32:29.681 [JavaFX Application Thread] DEBUG Engine               - isPreserveResizeRatio: false
13:32:29.681 [JavaFX Application Thread] DEBUG Engine               - fontText: Courier-Prime.ttf
13:32:29.681 [JavaFX Application Thread] DEBUG Engine               - isExperimentalTiledLargeMap: false
13:32:29.681 [JavaFX Application Thread] DEBUG Engine               - secondsIn24h: 60
13:32:29.683 [JavaFX Application Thread] DEBUG Engine               - runtimeInfo: RuntimeInfo(platform=WINDOWS, version=11.7, build=05.01.2020 09.46)
13:32:29.683 [JavaFX Application Thread] DEBUG Engine               - isLinux: false
13:32:29.683 [JavaFX Application Thread] DEBUG Engine               - soundMenuPress: menu/press.wav
13:32:29.683 [JavaFX Application Thread] DEBUG Engine               - urlGithub: https://github.com/AlmasB/FXGL
13:32:29.683 [JavaFX Application Thread] DEBUG Engine               - profileDir: profiles/
13:32:29.683 [JavaFX Application Thread] DEBUG Engine               - isDeveloperMenuEnabled: false
13:32:29.683 [JavaFX Application Thread] DEBUG Engine               - globalSoundVolumeProperty: DoubleProperty [value: 0.5]
13:32:29.685 [JavaFX Application Thread] DEBUG Engine               - isBrowser: false
13:32:29.685 [JavaFX Application Thread] DEBUG Engine               - urlLeaderboard: http://fxgl-top.herokuapp.com/
13:32:29.685 [JavaFX Application Thread] DEBUG Engine               - globalSoundVolume: 0.5
13:32:29.685 [JavaFX Application Thread] DEBUG Engine               - saveDir: saves/
13:32:29.686 [JavaFX Application Thread] DEBUG Engine               - engineServices: [class com.almasb.fxgl.audio.AudioPlayer, class com.almasb.fxgl.notification.impl.NotificationServiceProvider, class com.almasb.fxgl.achievement.AchievementManager, class com.almasb.fxgl.cutscene.CutsceneService, class com.almasb.fxgl.minigames.MiniGameService]
13:32:29.686 [JavaFX Application Thread] DEBUG Engine               - globalMusicVolume: 0.5
13:32:29.686 [JavaFX Application Thread] DEBUG Engine               - width: 900
13:32:29.686 [JavaFX Application Thread] DEBUG Engine               - saveFileExt: .sav
13:32:29.687 [JavaFX Application Thread] DEBUG Engine               - isAndroid: false
13:32:29.687 [JavaFX Application Thread] DEBUG Engine               - fontUI: VarelaRound-Regular.ttf
13:32:29.687 [JavaFX Application Thread] DEBUG Engine               - enabledMenuItems: []
13:32:29.687 [JavaFX Application Thread] DEBUG Engine               - isIOS: false
13:32:29.710 [JavaFX Application Thread] DEBUG Engine               - Adding new engine service: class com.almasb.fxgl.audio.AudioPlayer
13:32:29.713 [JavaFX Application Thread] DEBUG Engine               - Adding new engine service: class com.almasb.fxgl.notification.impl.NotificationServiceProvider
13:32:29.714 [JavaFX Application Thread] DEBUG Engine               - Adding new engine service: class com.almasb.fxgl.achievement.AchievementManager
13:32:29.718 [JavaFX Application Thread] DEBUG Engine               - Adding new engine service: class com.almasb.fxgl.cutscene.CutsceneService
13:32:29.726 [JavaFX Application Thread] DEBUG Engine               - Adding new engine service: class com.almasb.fxgl.minigames.MiniGameService
13:32:29.838 [JavaFX Application Thread] DEBUG Engine               - Loading localizations
13:32:29.843 [JavaFX Application Thread] DEBUG AssetLoader          - Loading from file system: /assets/properties/languages/english.properties
13:32:29.892 [JavaFX Application Thread] DEBUG AssetLoader          - Loading from file system: /assets/properties/languages/french.properties
13:32:29.895 [JavaFX Application Thread] DEBUG AssetLoader          - Loading from file system: /assets/properties/languages/german.properties
13:32:29.898 [JavaFX Application Thread] DEBUG AssetLoader          - Loading from file system: /assets/properties/languages/russian.properties
13:32:29.901 [JavaFX Application Thread] DEBUG AssetLoader          - Loading from file system: /assets/properties/languages/hungarian.properties
13:32:29.904 [JavaFX Application Thread] DEBUG Engine               - Registering font factories
13:32:29.905 [JavaFX Application Thread] DEBUG AssetLoader          - Loading from file system: /assets/ui/fonts/VarelaRound-Regular.ttf
13:32:32.467 [JavaFX Application Thread] DEBUG AssetLoader          - Loading from file system: /assets/ui/fonts/Abel-Regular.ttf
13:32:32.524 [JavaFX Application Thread] DEBUG AssetLoader          - Loading from file system: /assets/ui/fonts/lucida_console.ttf
13:32:32.607 [JavaFX Application Thread] DEBUG AssetLoader          - Loading from file system: /assets/ui/fonts/Courier-Prime.ttf
13:32:32.614 [JavaFX Application Thread] DEBUG Engine               - Setting UI factory
13:32:32.747 [JavaFX Application Thread] DEBUG AssetLoader          - Loading from file system: /assets/textures/fxgl_logo.png
13:32:33.091 [JavaFX Application Thread] DEBUG MainWindow           - Creating a JavaFX scene
13:32:33.944 [JavaFX Application Thread] DEBUG MainWindow           - Target settings size: 900.0 x 800.0
13:32:33.945 [JavaFX Application Thread] DEBUG MainWindow           - Scaled scene size:    900.0 x 800.0
13:32:33.945 [JavaFX Application Thread] DEBUG MainWindow           - Scaled ratio: (1.0, 1.0)
13:32:33.947 [JavaFX Application Thread] DEBUG MainWindow           - Set initial scene to FXGLStartupScene
13:32:33.973 [JavaFX Application Thread] DEBUG AssetLoader          - Loading from file system: /assets/textures/enemy.png
13:32:33.975 [JavaFX Application Thread] WARN  AssetLoader          - Failed to load texture enemy.png Error: java.lang.IllegalArgumentException: Asset "/assets/textures/enemy.png" was not found!
13:32:34.097 [JavaFX Application Thread] DEBUG Engine               - Applying CSS: fxgl_dark.css
13:32:34.097 [JavaFX Application Thread] DEBUG AssetLoader          - Loading from file system: /assets/ui/css/fxgl_dark.css
13:32:34.102 [JavaFX Application Thread] DEBUG AssetLoader          - Loading from file system: /assets/ui/cursors/fxgl_default.png
13:32:34.104 [JavaFX Application Thread] DEBUG MainWindow           - Opening main window
13:32:34.356 [JavaFX Application Thread] DEBUG MainWindow           - Window border size: (16.0, 39.0)
13:32:34.356 [JavaFX Application Thread] DEBUG MainWindow           - Scaled size: 900.0 x 800.0
13:32:34.357 [JavaFX Application Thread] DEBUG MainWindow           - Scaled ratio: (1.0, 1.0)
13:32:34.357 [JavaFX Application Thread] DEBUG MainWindow           - Scene size: 900.0 x 800.0
13:32:34.357 [JavaFX Application Thread] DEBUG MainWindow           - Stage size: 916.0 x 839.0
13:32:34.421 [FXGL Background Thread 1 ] DEBUG FS                   - Loaded FSServiceImpl
13:32:34.422 [FXGL Background Thread 1 ] DEBUG Engine               - Loading FXGL system data
13:32:34.432 [FXGL Background Thread 1 ] DEBUG FSServiceImpl        - Reading from: C:\Users\Patrick\Desktop\FXGLSpencerGalaxies\system\fxgl.bundle
13:32:34.451 [FXGL Background Thread 1 ] DEBUG Engine               - Bundle FXGL: {}
13:32:34.451 [FXGL Background Thread 1 ] DEBUG Engine               - Initializing application scenes
13:32:34.566 [FXGL Background Thread 1 ] DEBUG GameWorld            - Game world initialized
13:32:34.701 [FXGL Background Thread 1 ] DEBUG PhysicsWorld         - Physics world initialized: appHeight=800, physics.ppm=50,0
13:32:34.704 [FXGL Background Thread 1 ] DEBUG GameScene            - Game scene initialized: 900x800
13:32:34.796 [FXGL Background Thread 1 ] DEBUG AssetLoader          - Loading from file system: /assets/textures/MainMenu.gif
13:32:35.328 [FXGL Background Thread 1 ] DEBUG AssetLoader          - Loading from file system: /assets/textures/GameMenu.gif
13:32:35.544 [FXGL Background Thread 1 ] DEBUG Engine               - Application scenes initialized
13:32:35.550 [JavaFX Application Thread] DEBUG Engine               - Running preInit()
13:32:35.561 [JavaFX Application Thread] DEBUG Input                - Registered new binding: Move Right - D
13:32:35.561 [JavaFX Application Thread] DEBUG Input                - Registered new binding: Move Left - A
13:32:35.561 [JavaFX Application Thread] DEBUG Input                - Registered new binding: Move Up - W
13:32:35.562 [JavaFX Application Thread] DEBUG Input                - Registered new binding: Move Down - S
13:32:35.563 [JavaFX Application Thread] DEBUG Input                - Registered new binding: Shoot - LMB
13:32:35.565 [JavaFX Application Thread] DEBUG Input                - Registered new binding: Screenshot - P
13:32:35.565 [JavaFX Application Thread] DEBUG Input                - Registered new binding: System info dump - CTRL+9
13:32:35.566 [JavaFX Application Thread] DEBUG Input                - Registered new binding: Restart - CTRL+R
13:32:35.566 [JavaFX Application Thread] DEBUG Engine               - generateDefaultProfile()
13:32:35.567 [JavaFX Application Thread] DEBUG Engine               - Creating default profile
13:32:35.567 [JavaFX Application Thread] DEBUG EventBus             - Firing event: SaveEvent
13:32:35.588 [JavaFX Application Thread] DEBUG AssetLoader          - Loading from file system: /assets/music/MainMenuMusic.mp3
13:32:35.872 [JavaFX Application Thread] DEBUG AudioPlayer          - Playing music com.almasb.fxgl.audio.Music@7275fb25
13:32:35.873 [JavaFX Application Thread] INFO  Engine               - FXGL initialization took: 6,035 sec
13:32:35.874 [JavaFX Application Thread] DEBUG LoopRunner           - Starting loop
13:32:35.891 [JavaFX Application Thread] DEBUG FXGLStartupScene     - STARTUP
13:32:35.896 [JavaFX Application Thread] DEBUG Input                - Clearing active input actions
13:32:35.915 [JavaFX Application Thread] DEBUG Engine               - Removing overlay from FXGLStartupScene and adding to SpencerMainMenu
13:32:35.915 [JavaFX Application Thread] DEBUG MainWindow           - FXGLStartupScene -> SpencerMainMenu
13:32:40.728 [JavaFX Application Thread] DEBUG Menu                 - fireNewGame()
13:32:40.728 [JavaFX Application Thread] DEBUG Engine               - Starting new game
13:32:40.740 [JavaFX Application Thread] DEBUG Input                - Clearing active input actions
13:32:40.740 [FXGL Background Thread 1 ] DEBUG InitAppTask          - Clearing previous game
13:32:40.740 [FXGL Background Thread 1 ] DEBUG GameWorld            - Clearing game world
13:32:40.740 [FXGL Background Thread 1 ] DEBUG PhysicsWorld         - Clearing physics world
13:32:40.740 [FXGL Background Thread 1 ] DEBUG GameScene            - Clearing game scene
13:32:40.740 [FXGL Background Thread 1 ] DEBUG InitAppTask          - Initializing Game
13:32:40.742 [FXGL Background Thread 1 ] DEBUG AudioPlayer          - Stopping music com.almasb.fxgl.audio.Music@7275fb25
13:32:40.745 [FXGL Background Thread 1 ] DEBUG AssetLoader          - Loading from file system: /assets/music/InGameMusic.mp3
13:32:40.757 [FXGL Background Thread 1 ] DEBUG AudioPlayer          - Playing music com.almasb.fxgl.audio.Music@1d6e4655
13:32:40.758 [JavaFX Application Thread] DEBUG Engine               - Removing overlay from SpencerMainMenu and adding to LoadingScene
13:32:40.758 [JavaFX Application Thread] DEBUG MainWindow           - SpencerMainMenu -> LoadingScene
13:32:40.780 [FXGL Background Thread 1 ] DEBUG AssetLoader          - Loading from file system: /assets/sounds/NewEvilPuffEntry.wav
13:32:40.796 [FXGL Background Thread 1 ] DEBUG AssetLoader          - Loading from file system: /assets/sounds/NewCoinEntry.wav
13:32:40.803 [FXGL Background Thread 1 ] DEBUG AssetLoader          - Loading from file system: /assets/sounds/PowerUpSpawn.wav
13:32:40.811 [FXGL Background Thread 1 ] DEBUG AssetLoader          - Loading from file system: /assets/sounds/FreezePowerSpawn.wav
13:32:40.832 [FXGL Background Thread 1 ] DEBUG AssetLoader          - Loading from file system: /assets/textures/enemy.gif
13:32:40.899 [FXGL Background Thread 1 ] DEBUG AssetLoader          - Loading from file system: /assets/textures/Ship.gif
13:32:40.905 [FXGL Background Thread 1 ] DEBUG AssetLoader          - Loading from file system: /assets/textures/spencerBackground.png
13:32:41.000 [FXGL Background Thread 1 ] DEBUG InitAppTask          - Initializing Physics
13:32:41.002 [FXGL Background Thread 1 ] DEBUG InitAppTask          - Initializing UI
13:32:41.013 [FXGL Background Thread 1 ] DEBUG InitAppTask          - Initialization Complete
13:32:41.015 [FXGL Background Thread 1 ] INFO  InitAppTask          - Game initialization took: 0,275 sec
13:32:41.027 [JavaFX Application Thread] DEBUG Input                - Clearing active input actions
13:32:41.041 [JavaFX Application Thread] DEBUG Engine               - Removing overlay from LoadingScene and adding to GameScene
13:32:41.042 [JavaFX Application Thread] DEBUG MainWindow           - LoadingScene -> GameScene
13:32:41.060 [JavaFX Application Thread] DEBUG AssetLoader          - Loading from cache: /assets/textures/enemy.gif
13:32:41.133 [JavaFX Application Thread] DEBUG AssetLoader          - Loading from cache: /assets/textures/Ship.gif
13:32:41.139 [JavaFX Application Thread] DEBUG AssetLoader          - Loading from cache: /assets/textures/enemy.gif
13:32:41.140 [JavaFX Application Thread] DEBUG AssetLoader          - Loading from cache: /assets/textures/Ship.gif
13:32:41.170 [JavaFX Application Thread] DEBUG AssetLoader          - Loading from cache: /assets/textures/enemy.gif
13:32:41.172 [JavaFX Application Thread] DEBUG AssetLoader          - Loading from cache: /assets/textures/Ship.gif
13:32:41.187 [JavaFX Application Thread] DEBUG AssetLoader          - Loading from cache: /assets/textures/enemy.gif
13:32:41.189 [JavaFX Application Thread] DEBUG AssetLoader          - Loading from cache: /assets/textures/Ship.gif
13:32:41.203 [JavaFX Application Thread] DEBUG AssetLoader          - Loading from cache: /assets/textures/enemy.gif
13:32:41.205 [JavaFX Application Thread] DEBUG AssetLoader          - Loading from cache: /assets/textures/Ship.gif
13:32:41.219 [JavaFX Application Thread] DEBUG AssetLoader          - Loading from cache: /assets/textures/enemy.gif
13:32:41.220 [JavaFX Application Thread] DEBUG AssetLoader          - Loading from cache: /assets/textures/Ship.gif
13:32:41.363 [JavaFX Application Thread] DEBUG AssetLoader          - Loading from cache: /assets/textures/enemy.gif
13:32:41.365 [JavaFX Application Thread] DEBUG AssetLoader          - Loading from cache: /assets/textures/Ship.gif
13:32:41.379 [JavaFX Application Thread] DEBUG AssetLoader          - Loading from cache: /assets/textures/enemy.gif
13:32:41.381 [JavaFX Application Thread] DEBUG AssetLoader          - Loading from cache: /assets/textures/Ship.gif
13:32:41.394 [JavaFX Application Thread] DEBUG AssetLoader          - Loading from cache: /assets/textures/enemy.gif
13:32:41.395 [JavaFX Application Thread] DEBUG AssetLoader          - Loading from cache: /assets/textures/Ship.gif
13:32:41.410 [JavaFX Application Thread] DEBUG AssetLoader          - Loading from cache: /assets/textures/enemy.gif
13:32:41.412 [JavaFX Application Thread] DEBUG AssetLoader          - Loading from cache: /assets/textures/Ship.gif
13:32:41.427 [JavaFX Application Thread] DEBUG AssetLoader          - Loading from cache: /assets/textures/enemy.gif
13:32:41.428 [JavaFX Application Thread] DEBUG AssetLoader          - Loading from cache: /assets/textures/Ship.gif
13:32:41.443 [JavaFX Application Thread] DEBUG AssetLoader          - Loading from cache: /assets/textures/enemy.gif
13:32:41.444 [JavaFX Application Thread] DEBUG AssetLoader          - Loading from cache: /assets/textures/Ship.gif
13:32:41.459 [JavaFX Application Thread] DEBUG AssetLoader          - Loading from cache: /assets/textures/enemy.gif
13:32:41.460 [JavaFX Application Thread] DEBUG AssetLoader          - Loading from cache: /assets/textures/Ship.gif
13:32:41.475 [JavaFX Application Thread] DEBUG AssetLoader          - Loading from cache: /assets/textures/enemy.gif
13:32:41.476 [JavaFX Application Thread] DEBUG AssetLoader          - Loading from cache: /assets/textures/Ship.gif
13:32:41.490 [JavaFX Application Thread] DEBUG AssetLoader          - Loading from cache: /assets/textures/enemy.gif
13:32:41.494 [JavaFX Application Thread] DEBUG AssetLoader          - Loading from cache: /assets/textures/Ship.gif
13:32:41.512 [JavaFX Application Thread] DEBUG AssetLoader          - Loading from cache: /assets/textures/enemy.gif
13:32:41.514 [JavaFX Application Thread] DEBUG AssetLoader          - Loading from cache: /assets/textures/Ship.gif
13:32:41.524 [JavaFX Application Thread] DEBUG AssetLoader          - Loading from cache: /assets/textures/enemy.gif
13:32:41.527 [JavaFX Application Thread] DEBUG AssetLoader          - Loading from cache: /assets/textures/Ship.gif
13:32:41.587 [JavaFX Application Thread] DEBUG AssetLoader          - Loading from cache: /assets/textures/enemy.gif
13:32:41.588 [JavaFX Application Thread] DEBUG AssetLoader          - Loading from cache: /assets/textures/Ship.gif
13:32:41.602 [JavaFX Application Thread] DEBUG AssetLoader          - Loading from cache: /assets/textures/enemy.gif
13:32:41.605 [JavaFX Application Thread] DEBUG AssetLoader          - Loading from cache: /assets/textures/Ship.gif
13:32:41.619 [JavaFX Application Thread] DEBUG AssetLoader          - Loading from cache: /assets/textures/enemy.gif
13:32:41.620 [JavaFX Application Thread] DEBUG AssetLoader          - Loading from cache: /assets/textures/Ship.gif
13:32:41.635 [JavaFX Application Thread] DEBUG AssetLoader          - Loading from cache: /assets/textures/enemy.gif
13:32:41.636 [JavaFX Application Thread] DEBUG AssetLoader          - Loading from cache: /assets/textures/Ship.gif
13:32:41.650 [JavaFX Application Thread] DEBUG AssetLoader          - Loading from cache: /assets/textures/enemy.gif
13:32:41.651 [JavaFX Application Thread] DEBUG AssetLoader          - Loading from cache: /assets/textures/Ship.gif
13:32:41.699 [JavaFX Application Thread] DEBUG AssetLoader          - Loading from cache: /assets/textures/enemy.gif
13:32:41.700 [JavaFX Application Thread] DEBUG AssetLoader          - Loading from cache: /assets/textures/Ship.gif
13:32:41.716 [JavaFX Application Thread] DEBUG AssetLoader          - Loading from cache: /assets/textures/enemy.gif
13:32:41.717 [JavaFX Application Thread] DEBUG AssetLoader          - Loading from cache: /assets/textures/Ship.gif
13:32:41.730 [JavaFX Application Thread] DEBUG AssetLoader          - Loading from cache: /assets/textures/enemy.gif
13:32:41.731 [JavaFX Application Thread] DEBUG AssetLoader          - Loading from cache: /assets/textures/Ship.gif
13:32:41.746 [JavaFX Application Thread] DEBUG AssetLoader          - Loading from cache: /assets/textures/enemy.gif
13:32:41.748 [JavaFX Application Thread] DEBUG AssetLoader          - Loading from cache: /assets/textures/Ship.gif
13:32:41.763 [JavaFX Application Thread] DEBUG AssetLoader          - Loading from cache: /assets/textures/enemy.gif
13:32:41.764 [JavaFX Application Thread] DEBUG AssetLoader          - Loading from cache: /assets/textures/Ship.gif
13:32:41.778 [JavaFX Application Thread] DEBUG AssetLoader          - Loading from cache: /assets/textures/enemy.gif
13:32:41.779 [JavaFX Application Thread] DEBUG AssetLoader          - Loading from cache: /assets/textures/Ship.gif
13:32:41.795 [JavaFX Application Thread] DEBUG AssetLoader          - Loading from cache: /assets/textures/enemy.gif
13:32:41.797 [JavaFX Application Thread] DEBUG AssetLoader          - Loading from cache: /assets/textures/Ship.gif
13:32:41.811 [JavaFX Application Thread] DEBUG AssetLoader          - Loading from cache: /assets/textures/enemy.gif
13:32:41.812 [JavaFX Application Thread] DEBUG AssetLoader          - Loading from cache: /assets/textures/Ship.gif
13:32:41.827 [JavaFX Application Thread] DEBUG AssetLoader          - Loading from cache: /assets/textures/enemy.gif
13:32:41.828 [JavaFX Application Thread] DEBUG AssetLoader          - Loading from cache: /assets/textures/Ship.gif
13:32:41.843 [JavaFX Application Thread] DEBUG AssetLoader          - Loading from cache: /assets/textures/enemy.gif
13:32:41.844 [JavaFX Application Thread] DEBUG AssetLoader          - Loading from cache: /assets/textures/Ship.gif
13:32:41.859 [JavaFX Application Thread] DEBUG AssetLoader          - Loading from cache: /assets/textures/enemy.gif
13:32:41.861 [JavaFX Application Thread] DEBUG AssetLoader          - Loading from cache: /assets/textures/Ship.gif
13:32:41.874 [JavaFX Application Thread] DEBUG AssetLoader          - Loading from cache: /assets/textures/enemy.gif
13:32:41.876 [JavaFX Application Thread] DEBUG AssetLoader          - Loading from cache: /assets/textures/Ship.gif
13:32:41.890 [JavaFX Application Thread] DEBUG AssetLoader          - Loading from cache: /assets/textures/enemy.gif
13:32:41.891 [JavaFX Application Thread] DEBUG AssetLoader          - Loading from cache: /assets/textures/Ship.gif
13:32:41.908 [JavaFX Application Thread] DEBUG AssetLoader          - Loading from cache: /assets/textures/enemy.gif
13:32:41.908 [JavaFX Application Thread] DEBUG AssetLoader          - Loading from cache: /assets/textures/Ship.gif
13:32:41.923 [JavaFX Application Thread] DEBUG AssetLoader          - Loading from cache: /assets/textures/enemy.gif
13:32:41.924 [JavaFX Application Thread] DEBUG AssetLoader          - Loading from cache: /assets/textures/Ship.gif
13:32:41.939 [JavaFX Application Thread] DEBUG AssetLoader          - Loading from cache: /assets/textures/enemy.gif
13:32:41.940 [JavaFX Application Thread] DEBUG AssetLoader          - Loading from cache: /assets/textures/Ship.gif
13:32:41.955 [JavaFX Application Thread] DEBUG AssetLoader          - Loading from cache: /assets/textures/enemy.gif
13:32:41.957 [JavaFX Application Thread] DEBUG AssetLoader          - Loading from cache: /assets/textures/Ship.gif
13:32:41.987 [JavaFX Application Thread] DEBUG AssetLoader          - Loading from cache: /assets/textures/enemy.gif
13:32:41.990 [JavaFX Application Thread] DEBUG AssetLoader          - Loading from cache: /assets/textures/Ship.gif
13:32:42.004 [JavaFX Application Thread] DEBUG AssetLoader          - Loading from cache: /assets/textures/enemy.gif
13:32:42.005 [JavaFX Application Thread] DEBUG AssetLoader          - Loading from cache: /assets/textures/Ship.gif
13:32:42.020 [JavaFX Application Thread] DEBUG AssetLoader          - Loading from cache: /assets/textures/enemy.gif
13:32:42.022 [JavaFX Application Thread] DEBUG AssetLoader          - Loading from cache: /assets/textures/Ship.gif
13:32:42.035 [JavaFX Application Thread] DEBUG AssetLoader          - Loading from cache: /assets/textures/enemy.gif
13:32:42.038 [JavaFX Application Thread] DEBUG AssetLoader          - Loading from cache: /assets/textures/Ship.gif
13:32:42.051 [JavaFX Application Thread] DEBUG AssetLoader          - Loading from cache: /assets/textures/enemy.gif
13:32:42.052 [JavaFX Application Thread] DEBUG AssetLoader          - Loading from cache: /assets/textures/Ship.gif
13:32:42.067 [JavaFX Application Thread] DEBUG AssetLoader          - Loading from cache: /assets/textures/enemy.gif
13:32:42.068 [JavaFX Application Thread] DEBUG AssetLoader          - Loading from cache: /assets/textures/Ship.gif
13:32:42.083 [JavaFX Application Thread] DEBUG AssetLoader          - Loading from cache: /assets/textures/enemy.gif
13:32:42.084 [JavaFX Application Thread] DEBUG AssetLoader          - Loading from cache: /assets/textures/Ship.gif
13:32:42.098 [JavaFX Application Thread] DEBUG AssetLoader          - Loading from cache: /assets/textures/enemy.gif
13:32:42.099 [JavaFX Application Thread] DEBUG AssetLoader          - Loading from cache: /assets/textures/Ship.gif
13:32:42.115 [JavaFX Application Thread] DEBUG AssetLoader          - Loading from cache: /assets/textures/enemy.gif
13:32:42.116 [JavaFX Application Thread] DEBUG AssetLoader          - Loading from cache: /assets/textures/Ship.gif
13:32:42.131 [JavaFX Application Thread] DEBUG AssetLoader          - Loading from cache: /assets/textures/enemy.gif
13:32:42.132 [JavaFX Application Thread] DEBUG AssetLoader          - Loading from cache: /assets/textures/Ship.gif
13:32:42.147 [JavaFX Application Thread] DEBUG AssetLoader          - Loading from cache: /assets/textures/enemy.gif
13:32:42.149 [JavaFX Application Thread] DEBUG AssetLoader          - Loading from cache: /assets/textures/Ship.gif
13:32:42.162 [JavaFX Application Thread] DEBUG AssetLoader          - Loading from cache: /assets/textures/enemy.gif
13:32:42.163 [JavaFX Application Thread] DEBUG AssetLoader          - Loading from cache: /assets/textures/Ship.gif
13:32:42.179 [JavaFX Application Thread] DEBUG AssetLoader          - Loading from cache: /assets/textures/enemy.gif
13:32:42.180 [JavaFX Application Thread] DEBUG AssetLoader          - Loading from cache: /assets/textures/Ship.gif
13:32:42.195 [JavaFX Application Thread] DEBUG AssetLoader          - Loading from cache: /assets/textures/enemy.gif
13:32:42.198 [JavaFX Application Thread] DEBUG AssetLoader          - Loading from cache: /assets/textures/Ship.gif
13:32:42.210 [JavaFX Application Thread] DEBUG AssetLoader          - Loading from cache: /assets/textures/enemy.gif
13:32:42.211 [JavaFX Application Thread] DEBUG AssetLoader          - Loading from cache: /assets/textures/Ship.gif
13:32:42.227 [JavaFX Application Thread] DEBUG AssetLoader          - Loading from cache: /assets/textures/enemy.gif
13:32:42.228 [JavaFX Application Thread] DEBUG AssetLoader          - Loading from cache: /assets/textures/Ship.gif
13:32:42.243 [JavaFX Application Thread] DEBUG AssetLoader          - Loading from cache: /assets/textures/enemy.gif
13:32:42.245 [JavaFX Application Thread] DEBUG AssetLoader          - Loading from cache: /assets/textures/Ship.gif
13:32:42.259 [JavaFX Application Thread] DEBUG AssetLoader          - Loading from cache: /assets/textures/enemy.gif
13:32:42.261 [JavaFX Application Thread] DEBUG AssetLoader          - Loading from cache: /assets/textures/Ship.gif
13:32:42.275 [JavaFX Application Thread] DEBUG AssetLoader          - Loading from cache: /assets/textures/enemy.gif
13:32:42.277 [JavaFX Application Thread] DEBUG AssetLoader          - Loading from cache: /assets/textures/Ship.gif
13:32:42.291 [JavaFX Application Thread] DEBUG AssetLoader          - Loading from cache: /assets/textures/enemy.gif
13:32:42.292 [JavaFX Application Thread] DEBUG AssetLoader          - Loading from cache: /assets/textures/Ship.gif
13:32:42.307 [JavaFX Application Thread] DEBUG AssetLoader          - Loading from cache: /assets/textures/enemy.gif
13:32:42.309 [JavaFX Application Thread] DEBUG AssetLoader          - Loading from cache: /assets/textures/Ship.gif
13:32:42.323 [JavaFX Application Thread] DEBUG AssetLoader          - Loading from cache: /assets/textures/enemy.gif
13:32:42.324 [JavaFX Application Thread] DEBUG AssetLoader          - Loading from cache: /assets/textures/Ship.gif
13:32:42.339 [JavaFX Application Thread] DEBUG AssetLoader          - Loading from cache: /assets/textures/enemy.gif
13:32:42.340 [JavaFX Application Thread] DEBUG AssetLoader          - Loading from cache: /assets/textures/Ship.gif
13:32:42.356 [JavaFX Application Thread] DEBUG AssetLoader          - Loading from cache: /assets/textures/enemy.gif
13:32:42.357 [JavaFX Application Thread] DEBUG AssetLoader          - Loading from cache: /assets/textures/Ship.gif
13:32:42.451 [JavaFX Application Thread] DEBUG AssetLoader          - Loading from cache: /assets/textures/enemy.gif
13:32:42.452 [JavaFX Application Thread] DEBUG AssetLoader          - Loading from cache: /assets/textures/Ship.gif
13:32:42.467 [JavaFX Application Thread] DEBUG AssetLoader          - Loading from cache: /assets/textures/enemy.gif
13:32:42.468 [JavaFX Application Thread] DEBUG AssetLoader          - Loading from cache: /assets/textures/Ship.gif
13:32:42.482 [JavaFX Application Thread] DEBUG AssetLoader          - Loading from cache: /assets/textures/enemy.gif
13:32:42.483 [JavaFX Application Thread] DEBUG AssetLoader          - Loading from cache: /assets/textures/Ship.gif
13:32:42.499 [JavaFX Application Thread] DEBUG AssetLoader          - Loading from cache: /assets/textures/enemy.gif
13:32:42.500 [JavaFX Application Thread] DEBUG AssetLoader          - Loading from cache: /assets/textures/Ship.gif
13:32:42.515 [JavaFX Application Thread] DEBUG AssetLoader          - Loading from cache: /assets/textures/enemy.gif
13:32:42.516 [JavaFX Application Thread] DEBUG AssetLoader          - Loading from cache: /assets/textures/Ship.gif
13:32:42.531 [JavaFX Application Thread] DEBUG AssetLoader          - Loading from cache: /assets/textures/enemy.gif
13:32:42.532 [JavaFX Application Thread] DEBUG AssetLoader          - Loading from cache: /assets/textures/Ship.gif
13:32:42.548 [JavaFX Application Thread] DEBUG AssetLoader          - Loading from cache: /assets/textures/enemy.gif
13:32:42.548 [JavaFX Application Thread] DEBUG AssetLoader          - Loading from cache: /assets/textures/Ship.gif
13:32:42.562 [JavaFX Application Thread] DEBUG AssetLoader          - Loading from cache: /assets/textures/enemy.gif
13:32:42.563 [JavaFX Application Thread] DEBUG AssetLoader          - Loading from cache: /assets/textures/Ship.gif
13:32:42.580 [JavaFX Application Thread] DEBUG AssetLoader          - Loading from cache: /assets/textures/enemy.gif
13:32:42.580 [JavaFX Application Thread] DEBUG AssetLoader          - Loading from cache: /assets/textures/Ship.gif
13:32:42.595 [JavaFX Application Thread] DEBUG AssetLoader          - Loading from cache: /assets/textures/enemy.gif
13:32:42.596 [JavaFX Application Thread] DEBUG AssetLoader          - Loading from cache: /assets/textures/Ship.gif
13:32:42.611 [JavaFX Application Thread] DEBUG AssetLoader          - Loading from cache: /assets/textures/enemy.gif
13:32:42.612 [JavaFX Application Thread] DEBUG AssetLoader          - Loading from cache: /assets/textures/Ship.gif
13:32:42.627 [JavaFX Application Thread] DEBUG AssetLoader          - Loading from cache: /assets/textures/enemy.gif
13:32:42.628 [JavaFX Application Thread] DEBUG AssetLoader          - Loading from cache: /assets/textures/Ship.gif
13:32:42.642 [JavaFX Application Thread] DEBUG AssetLoader          - Loading from cache: /assets/textures/enemy.gif
13:32:42.642 [JavaFX Application Thread] DEBUG AssetLoader          - Loading from cache: /assets/textures/Ship.gif
13:32:42.659 [JavaFX Application Thread] DEBUG AssetLoader          - Loading from cache: /assets/textures/enemy.gif
13:32:42.660 [JavaFX Application Thread] DEBUG AssetLoader          - Loading from cache: /assets/textures/Ship.gif
13:32:42.675 [JavaFX Application Thread] DEBUG AssetLoader          - Loading from cache: /assets/textures/enemy.gif
13:32:42.676 [JavaFX Application Thread] DEBUG AssetLoader          - Loading from cache: /assets/textures/Ship.gif
13:32:42.691 [JavaFX Application Thread] DEBUG AssetLoader          - Loading from cache: /assets/textures/enemy.gif
13:32:42.692 [JavaFX Application Thread] DEBUG AssetLoader          - Loading from cache: /assets/textures/Ship.gif
13:32:42.706 [JavaFX Application Thread] DEBUG AssetLoader          - Loading from cache: /assets/textures/enemy.gif
13:32:42.707 [JavaFX Application Thread] DEBUG AssetLoader          - Loading from cache: /assets/textures/Ship.gif
13:32:42.723 [JavaFX Application Thread] DEBUG AssetLoader          - Loading from cache: /assets/textures/enemy.gif
13:32:42.725 [JavaFX Application Thread] DEBUG AssetLoader          - Loading from cache: /assets/textures/Ship.gif
13:32:42.739 [JavaFX Application Thread] DEBUG AssetLoader          - Loading from cache: /assets/textures/enemy.gif
13:32:42.740 [JavaFX Application Thread] DEBUG AssetLoader          - Loading from cache: /assets/textures/Ship.gif
13:32:42.756 [JavaFX Application Thread] DEBUG AssetLoader          - Loading from cache: /assets/textures/enemy.gif
13:32:42.757 [JavaFX Application Thread] DEBUG AssetLoader          - Loading from cache: /assets/textures/Ship.gif
13:32:42.771 [JavaFX Application Thread] DEBUG AssetLoader          - Loading from cache: /assets/textures/enemy.gif
13:32:42.772 [JavaFX Application Thread] DEBUG AssetLoader          - Loading from cache: /assets/textures/Ship.gif
13:32:42.787 [JavaFX Application Thread] DEBUG AssetLoader          - Loading from cache: /assets/textures/enemy.gif
13:32:42.789 [JavaFX Application Thread] DEBUG AssetLoader          - Loading from cache: /assets/textures/Ship.gif
13:32:42.804 [JavaFX Application Thread] DEBUG AssetLoader          - Loading from cache: /assets/textures/enemy.gif
13:32:42.806 [JavaFX Application Thread] DEBUG AssetLoader          - Loading from cache: /assets/textures/Ship.gif
13:32:42.835 [JavaFX Application Thread] DEBUG AssetLoader          - Loading from cache: /assets/textures/enemy.gif
13:32:42.837 [JavaFX Application Thread] DEBUG AssetLoader          - Loading from cache: /assets/textures/Ship.gif
13:32:42.850 [JavaFX Application Thread] DEBUG AssetLoader          - Loading from cache: /assets/textures/enemy.gif
13:32:42.851 [JavaFX Application Thread] DEBUG AssetLoader          - Loading from cache: /assets/textures/Ship.gif
13:32:42.867 [JavaFX Application Thread] DEBUG AssetLoader          - Loading from cache: /assets/textures/enemy.gif
13:32:42.868 [JavaFX Application Thread] DEBUG AssetLoader          - Loading from cache: /assets/textures/Ship.gif
13:32:42.883 [JavaFX Application Thread] DEBUG AssetLoader          - Loading from cache: /assets/textures/enemy.gif
13:32:42.883 [JavaFX Application Thread] DEBUG AssetLoader          - Loading from cache: /assets/textures/Ship.gif
13:32:42.898 [JavaFX Application Thread] DEBUG AssetLoader          - Loading from cache: /assets/textures/enemy.gif
13:32:42.899 [JavaFX Application Thread] DEBUG AssetLoader          - Loading from cache: /assets/textures/Ship.gif
13:32:42.915 [JavaFX Application Thread] DEBUG AssetLoader          - Loading from cache: /assets/textures/enemy.gif
13:32:42.915 [JavaFX Application Thread] DEBUG AssetLoader          - Loading from cache: /assets/textures/Ship.gif
13:32:42.930 [JavaFX Application Thread] DEBUG AssetLoader          - Loading from cache: /assets/textures/enemy.gif
13:32:42.931 [JavaFX Application Thread] DEBUG AssetLoader          - Loading from cache: /assets/textures/Ship.gif
13:32:42.947 [JavaFX Application Thread] DEBUG AssetLoader          - Loading from cache: /assets/textures/enemy.gif
13:32:42.947 [JavaFX Application Thread] DEBUG AssetLoader          - Loading from cache: /assets/textures/Ship.gif
13:32:42.963 [JavaFX Application Thread] DEBUG AssetLoader          - Loading from cache: /assets/textures/enemy.gif
13:32:42.963 [JavaFX Application Thread] DEBUG AssetLoader          - Loading from cache: /assets/textures/Ship.gif
13:32:42.979 [JavaFX Application Thread] DEBUG AssetLoader          - Loading from cache: /assets/textures/enemy.gif
13:32:42.980 [JavaFX Application Thread] DEBUG AssetLoader          - Loading from cache: /assets/textures/Ship.gif
13:32:42.995 [JavaFX Application Thread] DEBUG AssetLoader          - Loading from cache: /assets/textures/enemy.gif
13:32:42.995 [JavaFX Application Thread] DEBUG AssetLoader          - Loading from cache: /assets/textures/Ship.gif
13:32:43.011 [JavaFX Application Thread] DEBUG AssetLoader          - Loading from cache: /assets/textures/enemy.gif
13:32:43.012 [JavaFX Application Thread] DEBUG AssetLoader          - Loading from cache: /assets/textures/Ship.gif
13:32:43.027 [JavaFX Application Thread] DEBUG AssetLoader          - Loading from cache: /assets/textures/enemy.gif
13:32:43.028 [JavaFX Application Thread] DEBUG AssetLoader          - Loading from cache: /assets/textures/Ship.gif
13:32:43.042 [JavaFX Application Thread] DEBUG AssetLoader          - Loading from cache: /assets/textures/enemy.gif
13:32:43.043 [JavaFX Application Thread] DEBUG AssetLoader          - Loading from cache: /assets/textures/Ship.gif
13:32:43.059 [JavaFX Application Thread] DEBUG AssetLoader          - Loading from cache: /assets/textures/enemy.gif
13:32:43.060 [JavaFX Application Thread] DEBUG AssetLoader          - Loading from cache: /assets/textures/Ship.gif
13:32:43.074 [JavaFX Application Thread] DEBUG AssetLoader          - Loading from cache: /assets/textures/enemy.gif
13:32:43.075 [JavaFX Application Thread] DEBUG AssetLoader          - Loading from cache: /assets/textures/Ship.gif
13:32:43.090 [JavaFX Application Thread] DEBUG AssetLoader          - Loading from cache: /assets/textures/enemy.gif
13:32:43.091 [JavaFX Application Thread] DEBUG AssetLoader          - Loading from cache: /assets/textures/Ship.gif
13:32:43.107 [JavaFX Application Thread] DEBUG AssetLoader          - Loading from cache: /assets/textures/enemy.gif
13:32:43.107 [JavaFX Application Thread] DEBUG AssetLoader          - Loading from cache: /assets/textures/Ship.gif
13:32:43.122 [JavaFX Application Thread] DEBUG AssetLoader          - Loading from cache: /assets/textures/enemy.gif
13:32:43.123 [JavaFX Application Thread] DEBUG AssetLoader          - Loading from cache: /assets/textures/Ship.gif
13:32:43.139 [JavaFX Application Thread] DEBUG AssetLoader          - Loading from cache: /assets/textures/enemy.gif
13:32:43.140 [JavaFX Application Thread] DEBUG AssetLoader          - Loading from cache: /assets/textures/Ship.gif
13:32:43.154 [JavaFX Application Thread] DEBUG AssetLoader          - Loading from cache: /assets/textures/enemy.gif
13:32:43.155 [JavaFX Application Thread] DEBUG AssetLoader          - Loading from cache: /assets/textures/Ship.gif
13:32:43.170 [JavaFX Application Thread] DEBUG AssetLoader          - Loading from cache: /assets/textures/enemy.gif
13:32:43.171 [JavaFX Application Thread] DEBUG AssetLoader          - Loading from cache: /assets/textures/Ship.gif
13:32:43.186 [JavaFX Application Thread] DEBUG AssetLoader          - Loading from cache: /assets/textures/enemy.gif
13:32:43.187 [JavaFX Application Thread] DEBUG AssetLoader          - Loading from cache: /assets/textures/Ship.gif
13:32:43.203 [JavaFX Application Thread] DEBUG AssetLoader          - Loading from cache: /assets/textures/enemy.gif
13:32:43.204 [JavaFX Application Thread] DEBUG AssetLoader          - Loading from cache: /assets/textures/Ship.gif
13:32:43.235 [JavaFX Application Thread] DEBUG AssetLoader          - Loading from cache: /assets/textures/enemy.gif
13:32:43.235 [JavaFX Application Thread] DEBUG AssetLoader          - Loading from cache: /assets/textures/Ship.gif
13:32:43.252 [JavaFX Application Thread] DEBUG AssetLoader          - Loading from cache: /assets/textures/enemy.gif
13:32:43.252 [JavaFX Application Thread] DEBUG AssetLoader          - Loading from cache: /assets/textures/Ship.gif
13:32:43.266 [JavaFX Application Thread] DEBUG AssetLoader          - Loading from cache: /assets/textures/enemy.gif
13:32:43.267 [JavaFX Application Thread] DEBUG AssetLoader          - Loading from cache: /assets/textures/Ship.gif
13:32:43.283 [JavaFX Application Thread] DEBUG AssetLoader          - Loading from cache: /assets/textures/enemy.gif
13:32:43.283 [JavaFX Application Thread] DEBUG AssetLoader          - Loading from cache: /assets/textures/Ship.gif
13:32:43.299 [JavaFX Application Thread] DEBUG AssetLoader          - Loading from cache: /assets/textures/enemy.gif
13:32:43.299 [JavaFX Application Thread] DEBUG AssetLoader          - Loading from cache: /assets/textures/Ship.gif
13:32:43.315 [JavaFX Application Thread] DEBUG AssetLoader          - Loading from cache: /assets/textures/enemy.gif
13:32:43.316 [JavaFX Application Thread] DEBUG AssetLoader          - Loading from cache: /assets/textures/Ship.gif
13:32:43.331 [JavaFX Application Thread] DEBUG AssetLoader          - Loading from cache: /assets/textures/enemy.gif
13:32:43.331 [JavaFX Application Thread] DEBUG AssetLoader          - Loading from cache: /assets/textures/Ship.gif
13:32:43.347 [JavaFX Application Thread] DEBUG AssetLoader          - Loading from cache: /assets/textures/enemy.gif
13:32:43.347 [JavaFX Application Thread] DEBUG AssetLoader          - Loading from cache: /assets/textures/Ship.gif
13:32:43.363 [JavaFX Application Thread] DEBUG AssetLoader          - Loading from cache: /assets/textures/enemy.gif
13:32:43.363 [JavaFX Application Thread] DEBUG AssetLoader          - Loading from cache: /assets/textures/Ship.gif
13:32:43.379 [JavaFX Application Thread] DEBUG AssetLoader          - Loading from cache: /assets/textures/enemy.gif
13:32:43.379 [JavaFX Application Thread] DEBUG AssetLoader          - Loading from cache: /assets/textures/Ship.gif
13:32:43.394 [JavaFX Application Thread] DEBUG AssetLoader          - Loading from cache: /assets/textures/enemy.gif
13:32:43.394 [JavaFX Application Thread] DEBUG AssetLoader          - Loading from cache: /assets/textures/Ship.gif
13:32:43.411 [JavaFX Application Thread] DEBUG AssetLoader          - Loading from cache: /assets/textures/enemy.gif
13:32:43.412 [JavaFX Application Thread] DEBUG AssetLoader          - Loading from cache: /assets/textures/Ship.gif
13:32:43.426 [JavaFX Application Thread] DEBUG AssetLoader          - Loading from cache: /assets/textures/enemy.gif
13:32:43.426 [JavaFX Application Thread] DEBUG AssetLoader          - Loading from cache: /assets/textures/Ship.gif
13:32:43.442 [JavaFX Application Thread] DEBUG AssetLoader          - Loading from cache: /assets/textures/enemy.gif
13:32:43.442 [JavaFX Application Thread] DEBUG AssetLoader          - Loading from cache: /assets/textures/Ship.gif
13:32:43.459 [JavaFX Application Thread] DEBUG AssetLoader          - Loading from cache: /assets/textures/enemy.gif
13:32:43.459 [JavaFX Application Thread] DEBUG AssetLoader          - Loading from cache: /assets/textures/Ship.gif
13:32:43.475 [JavaFX Application Thread] DEBUG AssetLoader          - Loading from cache: /assets/textures/enemy.gif
13:32:43.475 [JavaFX Application Thread] DEBUG AssetLoader          - Loading from cache: /assets/textures/Ship.gif
13:32:43.491 [JavaFX Application Thread] DEBUG AssetLoader          - Loading from cache: /assets/textures/enemy.gif
13:32:43.492 [JavaFX Application Thread] DEBUG AssetLoader          - Loading from cache: /assets/textures/Ship.gif
13:32:43.507 [JavaFX Application Thread] DEBUG AssetLoader          - Loading from cache: /assets/textures/enemy.gif
13:32:43.508 [JavaFX Application Thread] DEBUG AssetLoader          - Loading from cache: /assets/textures/Ship.gif
13:32:43.552 [JavaFX Application Thread] DEBUG AssetLoader          - Loading from cache: /assets/textures/enemy.gif
13:32:43.553 [JavaFX Application Thread] DEBUG AssetLoader          - Loading from cache: /assets/textures/Ship.gif
13:32:43.556 [JavaFX Application Thread] DEBUG AssetLoader          - Loading from cache: /assets/textures/enemy.gif
13:32:43.556 [JavaFX Application Thread] DEBUG AssetLoader          - Loading from cache: /assets/textures/Ship.gif
13:32:43.570 [JavaFX Application Thread] DEBUG AssetLoader          - Loading from cache: /assets/textures/enemy.gif
13:32:43.571 [JavaFX Application Thread] DEBUG AssetLoader          - Loading from cache: /assets/textures/Ship.gif
13:32:43.586 [JavaFX Application Thread] DEBUG AssetLoader          - Loading from cache: /assets/textures/enemy.gif
13:32:43.586 [JavaFX Application Thread] DEBUG AssetLoader          - Loading from cache: /assets/textures/Ship.gif
13:32:43.603 [JavaFX Application Thread] DEBUG AssetLoader          - Loading from cache: /assets/textures/enemy.gif
13:32:43.603 [JavaFX Application Thread] DEBUG AssetLoader          - Loading from cache: /assets/textures/Ship.gif
13:32:43.619 [JavaFX Application Thread] DEBUG AssetLoader          - Loading from cache: /assets/textures/enemy.gif
13:32:43.620 [JavaFX Application Thread] DEBUG AssetLoader          - Loading from cache: /assets/textures/Ship.gif
13:32:43.651 [JavaFX Application Thread] DEBUG AssetLoader          - Loading from cache: /assets/textures/enemy.gif
13:32:43.651 [JavaFX Application Thread] DEBUG AssetLoader          - Loading from cache: /assets/textures/Ship.gif
13:32:43.667 [JavaFX Application Thread] DEBUG AssetLoader          - Loading from cache: /assets/textures/enemy.gif
13:32:43.668 [JavaFX Application Thread] DEBUG AssetLoader          - Loading from cache: /assets/textures/Ship.gif
13:32:43.683 [JavaFX Application Thread] DEBUG AssetLoader          - Loading from cache: /assets/textures/enemy.gif
13:32:43.683 [JavaFX Application Thread] DEBUG AssetLoader          - Loading from cache: /assets/textures/Ship.gif
13:32:43.698 [JavaFX Application Thread] DEBUG AssetLoader          - Loading from cache: /assets/textures/enemy.gif
13:32:43.699 [JavaFX Application Thread] DEBUG AssetLoader          - Loading from cache: /assets/textures/Ship.gif
13:32:43.715 [JavaFX Application Thread] DEBUG AssetLoader          - Loading from cache: /assets/textures/enemy.gif
13:32:43.715 [JavaFX Application Thread] DEBUG AssetLoader          - Loading from cache: /assets/textures/Ship.gif
13:32:43.731 [JavaFX Application Thread] DEBUG AssetLoader          - Loading from cache: /assets/textures/enemy.gif
13:32:43.731 [JavaFX Application Thread] DEBUG AssetLoader          - Loading from cache: /assets/textures/Ship.gif
13:32:43.746 [JavaFX Application Thread] DEBUG AssetLoader          - Loading from cache: /assets/textures/enemy.gif
13:32:43.747 [JavaFX Application Thread] DEBUG AssetLoader          - Loading from cache: /assets/textures/Ship.gif
13:32:43.763 [JavaFX Application Thread] DEBUG AssetLoader          - Loading from cache: /assets/textures/enemy.gif
13:32:43.763 [JavaFX Application Thread] DEBUG AssetLoader          - Loading from cache: /assets/textures/Ship.gif
13:32:43.779 [JavaFX Application Thread] DEBUG AssetLoader          - Loading from cache: /assets/textures/enemy.gif
13:32:43.779 [JavaFX Application Thread] DEBUG AssetLoader          - Loading from cache: /assets/textures/Ship.gif
13:32:43.795 [JavaFX Application Thread] DEBUG AssetLoader          - Loading from cache: /assets/textures/enemy.gif
13:32:43.795 [JavaFX Application Thread] DEBUG AssetLoader          - Loading from cache: /assets/textures/Ship.gif
13:32:43.810 [JavaFX Application Thread] DEBUG AssetLoader          - Loading from cache: /assets/textures/enemy.gif
13:32:43.810 [JavaFX Application Thread] DEBUG AssetLoader          - Loading from cache: /assets/textures/Ship.gif
13:32:43.827 [JavaFX Application Thread] DEBUG AssetLoader          - Loading from cache: /assets/textures/enemy.gif
13:32:43.827 [JavaFX Application Thread] DEBUG AssetLoader          - Loading from cache: /assets/textures/Ship.gif
13:32:43.843 [JavaFX Application Thread] DEBUG AssetLoader          - Loading from cache: /assets/textures/enemy.gif
13:32:43.843 [JavaFX Application Thread] DEBUG AssetLoader          - Loading from cache: /assets/textures/Ship.gif
13:32:43.859 [JavaFX Application Thread] DEBUG AssetLoader          - Loading from cache: /assets/textures/enemy.gif
13:32:43.859 [JavaFX Application Thread] DEBUG AssetLoader          - Loading from cache: /assets/textures/Ship.gif
13:32:43.875 [JavaFX Application Thread] DEBUG AssetLoader          - Loading from cache: /assets/textures/enemy.gif
13:32:43.875 [JavaFX Application Thread] DEBUG AssetLoader          - Loading from cache: /assets/textures/Ship.gif
13:32:43.891 [JavaFX Application Thread] DEBUG AssetLoader          - Loading from cache: /assets/textures/enemy.gif
13:32:43.891 [JavaFX Application Thread] DEBUG AssetLoader          - Loading from cache: /assets/textures/Ship.gif
13:32:43.907 [JavaFX Application Thread] DEBUG AssetLoader          - Loading from cache: /assets/textures/enemy.gif
13:32:43.907 [JavaFX Application Thread] DEBUG AssetLoader          - Loading from cache: /assets/textures/Ship.gif
13:32:43.923 [JavaFX Application Thread] DEBUG AssetLoader          - Loading from cache: /assets/textures/enemy.gif
13:32:43.923 [JavaFX Application Thread] DEBUG AssetLoader          - Loading from cache: /assets/textures/Ship.gif
13:32:43.938 [JavaFX Application Thread] DEBUG AssetLoader          - Loading from cache: /assets/textures/enemy.gif
13:32:43.939 [JavaFX Application Thread] DEBUG AssetLoader          - Loading from cache: /assets/textures/Ship.gif
13:32:43.955 [JavaFX Application Thread] DEBUG AssetLoader          - Loading from cache: /assets/textures/enemy.gif
13:32:43.956 [JavaFX Application Thread] DEBUG AssetLoader          - Loading from cache: /assets/textures/Ship.gif
13:32:43.971 [JavaFX Application Thread] DEBUG AssetLoader          - Loading from cache: /assets/textures/enemy.gif
13:32:43.972 [JavaFX Application Thread] DEBUG AssetLoader          - Loading from cache: /assets/textures/Ship.gif
13:32:43.986 [JavaFX Application Thread] DEBUG AssetLoader          - Loading from cache: /assets/textures/enemy.gif
13:32:43.987 [JavaFX Application Thread] DEBUG AssetLoader          - Loading from cache: /assets/textures/Ship.gif
13:32:44.004 [JavaFX Application Thread] DEBUG AssetLoader          - Loading from cache: /assets/textures/enemy.gif
13:32:44.006 [JavaFX Application Thread] DEBUG AssetLoader          - Loading from cache: /assets/textures/Ship.gif
13:32:44.020 [JavaFX Application Thread] DEBUG AssetLoader          - Loading from cache: /assets/textures/enemy.gif
13:32:44.020 [JavaFX Application Thread] DEBUG AssetLoader          - Loading from cache: /assets/textures/Ship.gif
13:32:44.050 [JavaFX Application Thread] DEBUG AssetLoader          - Loading from cache: /assets/textures/enemy.gif
13:32:44.051 [JavaFX Application Thread] DEBUG AssetLoader          - Loading from cache: /assets/textures/Ship.gif
13:32:44.067 [JavaFX Application Thread] DEBUG AssetLoader          - Loading from cache: /assets/textures/enemy.gif
13:32:44.067 [JavaFX Application Thread] DEBUG AssetLoader          - Loading from cache: /assets/textures/Ship.gif
13:32:44.083 [JavaFX Application Thread] DEBUG AssetLoader          - Loading from cache: /assets/textures/enemy.gif
13:32:44.083 [JavaFX Application Thread] DEBUG AssetLoader          - Loading from cache: /assets/textures/Ship.gif
13:32:44.099 [JavaFX Application Thread] DEBUG AssetLoader          - Loading from cache: /assets/textures/enemy.gif
13:32:44.099 [JavaFX Application Thread] DEBUG AssetLoader          - Loading from cache: /assets/textures/Ship.gif
13:32:44.114 [JavaFX Application Thread] DEBUG AssetLoader          - Loading from cache: /assets/textures/enemy.gif
13:32:44.115 [JavaFX Application Thread] DEBUG AssetLoader          - Loading from cache: /assets/textures/Ship.gif
13:32:44.131 [JavaFX Application Thread] DEBUG AssetLoader          - Loading from cache: /assets/textures/enemy.gif
13:32:44.131 [JavaFX Application Thread] DEBUG AssetLoader          - Loading from cache: /assets/textures/Ship.gif
13:32:44.147 [JavaFX Application Thread] DEBUG AssetLoader          - Loading from cache: /assets/textures/enemy.gif
13:32:44.147 [JavaFX Application Thread] DEBUG AssetLoader          - Loading from cache: /assets/textures/Ship.gif
13:32:44.163 [JavaFX Application Thread] DEBUG AssetLoader          - Loading from cache: /assets/textures/enemy.gif
13:32:44.163 [JavaFX Application Thread] DEBUG AssetLoader          - Loading from cache: /assets/textures/Ship.gif
13:32:44.179 [JavaFX Application Thread] DEBUG AssetLoader          - Loading from cache: /assets/textures/enemy.gif
13:32:44.180 [JavaFX Application Thread] DEBUG AssetLoader          - Loading from cache: /assets/textures/Ship.gif
13:32:44.195 [JavaFX Application Thread] DEBUG AssetLoader          - Loading from cache: /assets/textures/enemy.gif
13:32:44.195 [JavaFX Application Thread] DEBUG AssetLoader          - Loading from cache: /assets/textures/Ship.gif
13:32:44.216 [JavaFX Application Thread] DEBUG AssetLoader          - Loading from cache: /assets/textures/enemy.gif
13:32:44.219 [JavaFX Application Thread] DEBUG AssetLoader          - Loading from cache: /assets/textures/Ship.gif
13:32:44.227 [JavaFX Application Thread] DEBUG AssetLoader          - Loading from cache: /assets/textures/enemy.gif
13:32:44.227 [JavaFX Application Thread] DEBUG AssetLoader          - Loading from cache: /assets/textures/Ship.gif
13:32:44.243 [JavaFX Application Thread] DEBUG AssetLoader          - Loading from cache: /assets/textures/enemy.gif
13:32:44.243 [JavaFX Application Thread] DEBUG AssetLoader          - Loading from cache: /assets/textures/Ship.gif
13:32:44.259 [JavaFX Application Thread] DEBUG AssetLoader          - Loading from cache: /assets/textures/enemy.gif
13:32:44.259 [JavaFX Application Thread] DEBUG AssetLoader          - Loading from cache: /assets/textures/Ship.gif
13:32:44.274 [JavaFX Application Thread] DEBUG AssetLoader          - Loading from cache: /assets/textures/enemy.gif
13:32:44.274 [JavaFX Application Thread] DEBUG AssetLoader          - Loading from cache: /assets/textures/Ship.gif
13:32:44.291 [JavaFX Application Thread] DEBUG AssetLoader          - Loading from cache: /assets/textures/enemy.gif
13:32:44.292 [JavaFX Application Thread] DEBUG AssetLoader          - Loading from cache: /assets/textures/Ship.gif
13:32:44.307 [JavaFX Application Thread] DEBUG AssetLoader          - Loading from cache: /assets/textures/enemy.gif
13:32:44.307 [JavaFX Application Thread] DEBUG AssetLoader          - Loading from cache: /assets/textures/Ship.gif
13:32:44.323 [JavaFX Application Thread] DEBUG AssetLoader          - Loading from cache: /assets/textures/enemy.gif
13:32:44.323 [JavaFX Application Thread] DEBUG AssetLoader          - Loading from cache: /assets/textures/Ship.gif
13:32:44.339 [JavaFX Application Thread] DEBUG AssetLoader          - Loading from cache: /assets/textures/enemy.gif
13:32:44.339 [JavaFX Application Thread] DEBUG AssetLoader          - Loading from cache: /assets/textures/Ship.gif
13:32:44.356 [JavaFX Application Thread] DEBUG AssetLoader          - Loading from cache: /assets/textures/enemy.gif
13:32:44.356 [JavaFX Application Thread] DEBUG AssetLoader          - Loading from cache: /assets/textures/Ship.gif
13:32:44.370 [JavaFX Application Thread] DEBUG AssetLoader          - Loading from cache: /assets/textures/enemy.gif
13:32:44.371 [JavaFX Application Thread] DEBUG AssetLoader          - Loading from cache: /assets/textures/Ship.gif
13:32:44.387 [JavaFX Application Thread] DEBUG AssetLoader          - Loading from cache: /assets/textures/enemy.gif
13:32:44.388 [JavaFX Application Thread] DEBUG AssetLoader          - Loading from cache: /assets/textures/Ship.gif
13:32:44.419 [JavaFX Application Thread] DEBUG AssetLoader          - Loading from cache: /assets/textures/enemy.gif
13:32:44.420 [JavaFX Application Thread] DEBUG AssetLoader          - Loading from cache: /assets/textures/Ship.gif
13:32:44.435 [JavaFX Application Thread] DEBUG AssetLoader          - Loading from cache: /assets/textures/enemy.gif
13:32:44.436 [JavaFX Application Thread] DEBUG AssetLoader          - Loading from cache: /assets/textures/Ship.gif
13:32:44.451 [JavaFX Application Thread] DEBUG AssetLoader          - Loading from cache: /assets/textures/enemy.gif
13:32:44.452 [JavaFX Application Thread] DEBUG AssetLoader          - Loading from cache: /assets/textures/Ship.gif
13:32:44.467 [JavaFX Application Thread] DEBUG AssetLoader          - Loading from cache: /assets/textures/enemy.gif
13:32:44.467 [JavaFX Application Thread] DEBUG AssetLoader          - Loading from cache: /assets/textures/Ship.gif
13:32:44.482 [JavaFX Application Thread] DEBUG AssetLoader          - Loading from cache: /assets/textures/enemy.gif
13:32:44.482 [JavaFX Application Thread] DEBUG AssetLoader          - Loading from cache: /assets/textures/Ship.gif
13:32:44.498 [JavaFX Application Thread] DEBUG AssetLoader          - Loading from cache: /assets/textures/enemy.gif
13:32:44.498 [JavaFX Application Thread] DEBUG AssetLoader          - Loading from cache: /assets/textures/Ship.gif
13:32:44.514 [JavaFX Application Thread] DEBUG AssetLoader          - Loading from cache: /assets/textures/enemy.gif
13:32:44.516 [JavaFX Application Thread] DEBUG AssetLoader          - Loading from cache: /assets/textures/Ship.gif
13:32:44.531 [JavaFX Application Thread] DEBUG AssetLoader          - Loading from cache: /assets/textures/enemy.gif
13:32:44.531 [JavaFX Application Thread] DEBUG AssetLoader          - Loading from cache: /assets/textures/Ship.gif
13:32:44.547 [JavaFX Application Thread] DEBUG AssetLoader          - Loading from cache: /assets/textures/enemy.gif
13:32:44.547 [JavaFX Application Thread] DEBUG AssetLoader          - Loading from cache: /assets/textures/Ship.gif
13:32:44.562 [JavaFX Application Thread] DEBUG AssetLoader          - Loading from cache: /assets/textures/enemy.gif
13:32:44.562 [JavaFX Application Thread] DEBUG AssetLoader          - Loading from cache: /assets/textures/Ship.gif
13:32:44.579 [JavaFX Application Thread] DEBUG AssetLoader          - Loading from cache: /assets/textures/enemy.gif
13:32:44.579 [JavaFX Application Thread] DEBUG AssetLoader          - Loading from cache: /assets/textures/Ship.gif
13:32:44.595 [JavaFX Application Thread] DEBUG AssetLoader          - Loading from cache: /assets/textures/enemy.gif
13:32:44.595 [JavaFX Application Thread] DEBUG AssetLoader          - Loading from cache: /assets/textures/Ship.gif
13:32:44.610 [JavaFX Application Thread] DEBUG AssetLoader          - Loading from cache: /assets/textures/enemy.gif
13:32:44.610 [JavaFX Application Thread] DEBUG AssetLoader          - Loading from cache: /assets/textures/Ship.gif
13:32:44.627 [JavaFX Application Thread] DEBUG AssetLoader          - Loading from cache: /assets/textures/enemy.gif
13:32:44.627 [JavaFX Application Thread] DEBUG AssetLoader          - Loading from cache: /assets/textures/Ship.gif
13:32:44.642 [JavaFX Application Thread] DEBUG AssetLoader          - Loading from cache: /assets/textures/enemy.gif
13:32:44.643 [JavaFX Application Thread] DEBUG AssetLoader          - Loading from cache: /assets/textures/Ship.gif
13:32:44.658 [JavaFX Application Thread] DEBUG AssetLoader          - Loading from cache: /assets/textures/enemy.gif
13:32:44.658 [JavaFX Application Thread] DEBUG AssetLoader          - Loading from cache: /assets/textures/Ship.gif
13:32:44.674 [JavaFX Application Thread] DEBUG AssetLoader          - Loading from cache: /assets/textures/enemy.gif
13:32:44.675 [JavaFX Application Thread] DEBUG AssetLoader          - Loading from cache: /assets/textures/Ship.gif
13:32:44.691 [JavaFX Application Thread] DEBUG AssetLoader          - Loading from cache: /assets/textures/enemy.gif
13:32:44.691 [JavaFX Application Thread] DEBUG AssetLoader          - Loading from cache: /assets/textures/Ship.gif
13:32:44.707 [JavaFX Application Thread] DEBUG AssetLoader          - Loading from cache: /assets/textures/enemy.gif
13:32:44.707 [JavaFX Application Thread] DEBUG AssetLoader          - Loading from cache: /assets/textures/Ship.gif
13:32:44.723 [JavaFX Application Thread] DEBUG AssetLoader          - Loading from cache: /assets/textures/enemy.gif
13:32:44.724 [JavaFX Application Thread] DEBUG AssetLoader          - Loading from cache: /assets/textures/Ship.gif
13:32:44.739 [JavaFX Application Thread] DEBUG AssetLoader          - Loading from cache: /assets/textures/enemy.gif
13:32:44.739 [JavaFX Application Thread] DEBUG AssetLoader          - Loading from cache: /assets/textures/Ship.gif
13:32:44.755 [JavaFX Application Thread] DEBUG AssetLoader          - Loading from cache: /assets/textures/enemy.gif
13:32:44.755 [JavaFX Application Thread] DEBUG AssetLoader          - Loading from cache: /assets/textures/Ship.gif
13:32:44.770 [JavaFX Application Thread] DEBUG AssetLoader          - Loading from cache: /assets/textures/enemy.gif
13:32:44.771 [JavaFX Application Thread] DEBUG AssetLoader          - Loading from cache: /assets/textures/Ship.gif
13:32:44.786 [JavaFX Application Thread] DEBUG AssetLoader          - Loading from cache: /assets/textures/enemy.gif
13:32:44.786 [JavaFX Application Thread] DEBUG AssetLoader          - Loading from cache: /assets/textures/Ship.gif
13:32:44.803 [JavaFX Application Thread] DEBUG AssetLoader          - Loading from cache: /assets/textures/enemy.gif
13:32:44.804 [JavaFX Application Thread] DEBUG AssetLoader          - Loading from cache: /assets/textures/Ship.gif
13:32:44.818 [JavaFX Application Thread] DEBUG AssetLoader          - Loading from cache: /assets/textures/enemy.gif
13:32:44.819 [JavaFX Application Thread] DEBUG AssetLoader          - Loading from cache: /assets/textures/Ship.gif
13:32:44.851 [JavaFX Application Thread] DEBUG AssetLoader          - Loading from cache: /assets/textures/enemy.gif
13:32:44.852 [JavaFX Application Thread] DEBUG AssetLoader          - Loading from cache: /assets/textures/Ship.gif
13:32:44.867 [JavaFX Application Thread] DEBUG AssetLoader          - Loading from cache: /assets/textures/enemy.gif
13:32:44.867 [JavaFX Application Thread] DEBUG AssetLoader          - Loading from cache: /assets/textures/Ship.gif
13:32:44.882 [JavaFX Application Thread] DEBUG AssetLoader          - Loading from cache: /assets/textures/enemy.gif
13:32:44.882 [JavaFX Application Thread] DEBUG AssetLoader          - Loading from cache: /assets/textures/Ship.gif
13:32:44.899 [JavaFX Application Thread] DEBUG AssetLoader          - Loading from cache: /assets/textures/enemy.gif
13:32:44.899 [JavaFX Application Thread] DEBUG AssetLoader          - Loading from cache: /assets/textures/Ship.gif
13:32:44.915 [JavaFX Application Thread] DEBUG AssetLoader          - Loading from cache: /assets/textures/enemy.gif
13:32:44.915 [JavaFX Application Thread] DEBUG AssetLoader          - Loading from cache: /assets/textures/Ship.gif
13:32:44.931 [JavaFX Application Thread] DEBUG AssetLoader          - Loading from cache: /assets/textures/enemy.gif
13:32:44.931 [JavaFX Application Thread] DEBUG AssetLoader          - Loading from cache: /assets/textures/Ship.gif
13:32:44.947 [JavaFX Application Thread] DEBUG AssetLoader          - Loading from cache: /assets/textures/enemy.gif
13:32:44.947 [JavaFX Application Thread] DEBUG AssetLoader          - Loading from cache: /assets/textures/Ship.gif
13:32:44.962 [JavaFX Application Thread] DEBUG AssetLoader          - Loading from cache: /assets/textures/enemy.gif
13:32:44.962 [JavaFX Application Thread] DEBUG AssetLoader          - Loading from cache: /assets/textures/Ship.gif
13:32:45.039 [JavaFX Application Thread] DEBUG Engine               - Exiting FXGL
13:32:45.039 [JavaFX Application Thread] DEBUG Engine               - Shutting down background threads
13:32:45.039 [JavaFX Application Thread] DEBUG Engine               - Saving FXGL system data
13:32:45.041 [JavaFX Application Thread] DEBUG FSServiceImpl        - Writing to: C:\Users\Patrick\Desktop\FXGLSpencerGalaxies\system\fxgl.bundle
13:32:45.042 [JavaFX Application Thread] DEBUG Engine               - Closing logger and exiting JavaFX
