16:49:12.385 [main                     ] DEBUG GameApplication      - Logger initialized
16:49:12.402 [main                     ] DEBUG GameApplication      - Logging settings
Title: SPENCER - Zealand
Version: 1.0
Width: 900
Height: 800
Fullscreen: false
Intro: false
Menus: true
Profiling: false
Single step:false
App Mode: DEVELOPER
Menu Key: ESCAPE
Stage Style: DECORATED
Scene Factory: class main.Control.BasicGameApp$1
Dialog Factory: class com.almasb.fxgl.ui.FXGLDialogFactory
UI Factory: class com.almasb.fxgl.ui.FXGLUIFactory

16:49:12.779 [JavaFX Application Thread] DEBUG Engine               - Initializing FXGL
16:49:12.779 [JavaFX Application Thread] INFO  Engine               - FXGL-11.7 (05.01.2020 09.46) on WINDOWS (J:13 FX:11.0.2)
16:49:12.779 [JavaFX Application Thread] INFO  Engine               - Source code and latest versions at: https://github.com/AlmasB/FXGL
16:49:12.779 [JavaFX Application Thread] INFO  Engine               -              Join the FXGL chat at: https://gitter.im/AlmasB/FXGL
16:49:12.780 [JavaFX Application Thread] DEBUG Engine               - Initializing environment variables
16:49:12.782 [JavaFX Application Thread] DEBUG Engine               - Logging environment variables
16:49:12.782 [JavaFX Application Thread] DEBUG Engine               - achievements: []
16:49:12.782 [JavaFX Application Thread] DEBUG Engine               - sceneStack: com.almasb.fxgl.app.Engine@44e1ed40
16:49:12.782 [JavaFX Application Thread] DEBUG Engine               - language: ObjectProperty [value: ENGLISH]
16:49:12.783 [JavaFX Application Thread] DEBUG Engine               - isCloseConfirmation: false
16:49:12.783 [JavaFX Application Thread] DEBUG Engine               - isProfilingEnabled: false
16:49:12.783 [JavaFX Application Thread] DEBUG Engine               - soundNotification: core/notification.wav
16:49:12.783 [JavaFX Application Thread] DEBUG Engine               - devShowBBoxProperty: BooleanProperty [value: false]
16:49:12.784 [JavaFX Application Thread] DEBUG Engine               - pixelsPerMeter: 50.0
16:49:12.784 [JavaFX Application Thread] DEBUG Engine               - overlayRoot: Group@63ea2b0d
16:49:12.785 [JavaFX Application Thread] DEBUG Engine               - soundMenuBack: menu/back.wav
16:49:12.785 [JavaFX Application Thread] DEBUG Engine               - appIcon: enemy.png
16:49:12.785 [JavaFX Application Thread] DEBUG Engine               - isFullScreenAllowed: false
16:49:12.785 [JavaFX Application Thread] DEBUG Engine               - isIntroEnabled: false
16:49:12.785 [JavaFX Application Thread] DEBUG Engine               - eventBus: com.almasb.fxgl.event.EventBus@7999328b
16:49:12.785 [JavaFX Application Thread] DEBUG Engine               - fontMono: lucida_console.ttf
16:49:12.785 [JavaFX Application Thread] DEBUG Engine               - soundMenuSelect: menu/select.wav
16:49:12.785 [JavaFX Application Thread] DEBUG Engine               - isWindows: true
16:49:12.786 [JavaFX Application Thread] DEBUG Engine               - isMobile: false
16:49:12.786 [JavaFX Application Thread] DEBUG Engine               - height: 800
16:49:12.786 [JavaFX Application Thread] DEBUG Engine               - isExperimentalNative: false
16:49:12.786 [JavaFX Application Thread] DEBUG Engine               - isSingleStep: false
16:49:12.786 [JavaFX Application Thread] DEBUG Engine               - cSSList: [fxgl_dark.css]
16:49:12.786 [JavaFX Application Thread] DEBUG Engine               - fontGame: Abel-Regular.ttf
16:49:12.786 [JavaFX Application Thread] DEBUG Engine               - menuKey: ESCAPE
16:49:12.786 [JavaFX Application Thread] DEBUG Engine               - devShowPositionProperty: BooleanProperty [value: false]
16:49:12.786 [JavaFX Application Thread] DEBUG Engine               - versionCheckDays: 7
16:49:12.786 [JavaFX Application Thread] DEBUG Engine               - masterTimer: com.almasb.fxgl.time.Timer@32594b15
16:49:12.786 [JavaFX Application Thread] DEBUG Engine               - configClass: Optional.empty
16:49:12.786 [JavaFX Application Thread] DEBUG Engine               - isFullScreenFromStart: false
16:49:12.788 [JavaFX Application Thread] DEBUG Engine               - version: 1.0
16:49:12.788 [JavaFX Application Thread] DEBUG Engine               - fullScreen: BooleanProperty [value: false]
16:49:12.788 [JavaFX Application Thread] DEBUG Engine               - randomSeed: -1
16:49:12.788 [JavaFX Application Thread] DEBUG Engine               - dialogFactory: com.almasb.fxgl.ui.FXGLDialogFactory@51f8d07d
16:49:12.788 [JavaFX Application Thread] DEBUG Engine               - applicationMode: DEVELOPER
16:49:12.788 [JavaFX Application Thread] DEBUG Engine               - isMac: false
16:49:12.788 [JavaFX Application Thread] DEBUG Engine               - urlGoogleForms: https://goo.gl/forms/6wrMnOBxTE1fEpOy2
16:49:12.788 [JavaFX Application Thread] DEBUG Engine               - isMenuEnabled: true
16:49:12.788 [JavaFX Application Thread] DEBUG Engine               - profileName: user.profile
16:49:12.788 [JavaFX Application Thread] DEBUG Engine               - urlPOM: https://raw.githubusercontent.com/AlmasB/FXGL/master/pom.xml
16:49:12.788 [JavaFX Application Thread] DEBUG Engine               - notificationViewClass: class com.almasb.fxgl.notification.view.XboxNotificationView
16:49:12.788 [JavaFX Application Thread] DEBUG Engine               - devSensorColorProperty: ObjectProperty [value: 0xffff00ff]
16:49:12.788 [JavaFX Application Thread] DEBUG Engine               - sceneFactory: main.Control.BasicGameApp$1@63f82b0c
16:49:12.788 [JavaFX Application Thread] DEBUG Engine               - dataFileExt: .dat
16:49:12.788 [JavaFX Application Thread] DEBUG Engine               - stageStyle: DECORATED
16:49:12.788 [JavaFX Application Thread] DEBUG Engine               - isManualResizeEnabled: false
16:49:12.790 [JavaFX Application Thread] DEBUG Engine               - title: SPENCER - Zealand
16:49:12.790 [JavaFX Application Thread] DEBUG Engine               - platform: WINDOWS
16:49:12.790 [JavaFX Application Thread] DEBUG Engine               - devBBoxColorProperty: ObjectProperty [value: 0xff0000ff]
16:49:12.790 [JavaFX Application Thread] DEBUG Engine               - isDesktop: true
16:49:12.790 [JavaFX Application Thread] DEBUG Engine               - credits: []
16:49:12.790 [JavaFX Application Thread] DEBUG Engine               - globalMusicVolumeProperty: DoubleProperty [value: 0.5]
16:49:12.790 [JavaFX Application Thread] DEBUG Engine               - uIFactory: com.almasb.fxgl.ui.FXGLUIFactory@53c55092
16:49:12.790 [JavaFX Application Thread] DEBUG Engine               - isPreserveResizeRatio: false
16:49:12.790 [JavaFX Application Thread] DEBUG Engine               - fontText: Courier-Prime.ttf
16:49:12.790 [JavaFX Application Thread] DEBUG Engine               - isExperimentalTiledLargeMap: false
16:49:12.790 [JavaFX Application Thread] DEBUG Engine               - secondsIn24h: 60
16:49:12.790 [JavaFX Application Thread] DEBUG Engine               - runtimeInfo: RuntimeInfo(platform=WINDOWS, version=11.7, build=05.01.2020 09.46)
16:49:12.790 [JavaFX Application Thread] DEBUG Engine               - isLinux: false
16:49:12.791 [JavaFX Application Thread] DEBUG Engine               - soundMenuPress: menu/press.wav
16:49:12.791 [JavaFX Application Thread] DEBUG Engine               - urlGithub: https://github.com/AlmasB/FXGL
16:49:12.791 [JavaFX Application Thread] DEBUG Engine               - profileDir: profiles/
16:49:12.791 [JavaFX Application Thread] DEBUG Engine               - isDeveloperMenuEnabled: false
16:49:12.791 [JavaFX Application Thread] DEBUG Engine               - globalSoundVolumeProperty: DoubleProperty [value: 0.5]
16:49:12.791 [JavaFX Application Thread] DEBUG Engine               - isBrowser: false
16:49:12.791 [JavaFX Application Thread] DEBUG Engine               - urlLeaderboard: http://fxgl-top.herokuapp.com/
16:49:12.791 [JavaFX Application Thread] DEBUG Engine               - globalSoundVolume: 0.5
16:49:12.791 [JavaFX Application Thread] DEBUG Engine               - saveDir: saves/
16:49:12.791 [JavaFX Application Thread] DEBUG Engine               - engineServices: [class com.almasb.fxgl.audio.AudioPlayer, class com.almasb.fxgl.notification.impl.NotificationServiceProvider, class com.almasb.fxgl.achievement.AchievementManager, class com.almasb.fxgl.cutscene.CutsceneService, class com.almasb.fxgl.minigames.MiniGameService]
16:49:12.791 [JavaFX Application Thread] DEBUG Engine               - globalMusicVolume: 0.5
16:49:12.792 [JavaFX Application Thread] DEBUG Engine               - width: 900
16:49:12.792 [JavaFX Application Thread] DEBUG Engine               - saveFileExt: .sav
16:49:12.792 [JavaFX Application Thread] DEBUG Engine               - isAndroid: false
16:49:12.792 [JavaFX Application Thread] DEBUG Engine               - fontUI: VarelaRound-Regular.ttf
16:49:12.792 [JavaFX Application Thread] DEBUG Engine               - enabledMenuItems: []
16:49:12.792 [JavaFX Application Thread] DEBUG Engine               - isIOS: false
16:49:12.794 [JavaFX Application Thread] DEBUG Engine               - Adding new engine service: class com.almasb.fxgl.audio.AudioPlayer
16:49:12.795 [JavaFX Application Thread] DEBUG Engine               - Adding new engine service: class com.almasb.fxgl.notification.impl.NotificationServiceProvider
16:49:12.795 [JavaFX Application Thread] DEBUG Engine               - Adding new engine service: class com.almasb.fxgl.achievement.AchievementManager
16:49:12.795 [JavaFX Application Thread] DEBUG Engine               - Adding new engine service: class com.almasb.fxgl.cutscene.CutsceneService
16:49:12.795 [JavaFX Application Thread] DEBUG Engine               - Adding new engine service: class com.almasb.fxgl.minigames.MiniGameService
16:49:12.798 [JavaFX Application Thread] DEBUG Engine               - Loading localizations
16:49:12.799 [JavaFX Application Thread] DEBUG AssetLoader          - Loading from file system: /assets/properties/languages/english.properties
16:49:12.801 [JavaFX Application Thread] DEBUG AssetLoader          - Loading from file system: /assets/properties/languages/french.properties
16:49:12.806 [JavaFX Application Thread] DEBUG AssetLoader          - Loading from file system: /assets/properties/languages/german.properties
16:49:12.809 [JavaFX Application Thread] DEBUG AssetLoader          - Loading from file system: /assets/properties/languages/russian.properties
16:49:12.811 [JavaFX Application Thread] DEBUG AssetLoader          - Loading from file system: /assets/properties/languages/hungarian.properties
16:49:12.813 [JavaFX Application Thread] DEBUG Engine               - Registering font factories
16:49:12.814 [JavaFX Application Thread] DEBUG AssetLoader          - Loading from file system: /assets/ui/fonts/VarelaRound-Regular.ttf
16:49:13.029 [JavaFX Application Thread] DEBUG AssetLoader          - Loading from file system: /assets/ui/fonts/Abel-Regular.ttf
16:49:13.033 [JavaFX Application Thread] DEBUG AssetLoader          - Loading from file system: /assets/ui/fonts/lucida_console.ttf
16:49:13.037 [JavaFX Application Thread] DEBUG AssetLoader          - Loading from file system: /assets/ui/fonts/Courier-Prime.ttf
16:49:13.041 [JavaFX Application Thread] DEBUG Engine               - Setting UI factory
16:49:13.141 [JavaFX Application Thread] DEBUG AssetLoader          - Loading from file system: /assets/textures/fxgl_logo.png
16:49:13.246 [JavaFX Application Thread] DEBUG MainWindow           - Creating a JavaFX scene
16:49:13.343 [JavaFX Application Thread] DEBUG MainWindow           - Target settings size: 900.0 x 800.0
16:49:13.343 [JavaFX Application Thread] DEBUG MainWindow           - Scaled scene size:    900.0 x 800.0
16:49:13.343 [JavaFX Application Thread] DEBUG MainWindow           - Scaled ratio: (1.0, 1.0)
16:49:13.346 [JavaFX Application Thread] DEBUG MainWindow           - Set initial scene to FXGLStartupScene
16:49:13.366 [JavaFX Application Thread] DEBUG AssetLoader          - Loading from file system: /assets/textures/enemy.png
16:49:13.369 [JavaFX Application Thread] WARN  AssetLoader          - Failed to load texture enemy.png Error: java.lang.IllegalArgumentException: Asset "/assets/textures/enemy.png" was not found!
16:49:13.445 [JavaFX Application Thread] DEBUG Engine               - Applying CSS: fxgl_dark.css
16:49:13.446 [JavaFX Application Thread] DEBUG AssetLoader          - Loading from file system: /assets/ui/css/fxgl_dark.css
16:49:13.451 [JavaFX Application Thread] DEBUG AssetLoader          - Loading from file system: /assets/ui/cursors/fxgl_default.png
16:49:13.454 [JavaFX Application Thread] DEBUG MainWindow           - Opening main window
16:49:13.578 [JavaFX Application Thread] DEBUG MainWindow           - Window border size: (16.0, 39.0)
16:49:13.579 [JavaFX Application Thread] DEBUG MainWindow           - Scaled size: 900.0 x 800.0
16:49:13.579 [JavaFX Application Thread] DEBUG MainWindow           - Scaled ratio: (1.0, 1.0)
16:49:13.579 [JavaFX Application Thread] DEBUG MainWindow           - Scene size: 900.0 x 800.0
16:49:13.579 [JavaFX Application Thread] DEBUG MainWindow           - Stage size: 916.0 x 839.0
16:49:13.594 [FXGL Background Thread 1 ] DEBUG FS                   - Loaded FSServiceImpl
16:49:13.594 [FXGL Background Thread 1 ] DEBUG Engine               - Loading FXGL system data
16:49:13.606 [FXGL Background Thread 1 ] DEBUG FSServiceImpl        - Reading from: C:\Users\Patrick\Desktop\FXGLSpencerGalaxies\system\fxgl.bundle
16:49:13.620 [FXGL Background Thread 1 ] DEBUG Engine               - Bundle FXGL: {}
16:49:13.620 [FXGL Background Thread 1 ] DEBUG Engine               - Initializing application scenes
16:49:13.662 [FXGL Background Thread 1 ] DEBUG GameWorld            - Game world initialized
16:49:13.702 [FXGL Background Thread 1 ] DEBUG PhysicsWorld         - Physics world initialized: appHeight=800, physics.ppm=50,0
16:49:13.704 [FXGL Background Thread 1 ] DEBUG GameScene            - Game scene initialized: 900x800
16:49:13.735 [FXGL Background Thread 1 ] DEBUG AssetLoader          - Loading from file system: /assets/textures/MainMenu.gif
16:49:14.026 [FXGL Background Thread 1 ] DEBUG AssetLoader          - Loading from file system: /assets/textures/GameMenu.gif
16:49:14.130 [FXGL Background Thread 1 ] DEBUG Engine               - Application scenes initialized
16:49:14.132 [JavaFX Application Thread] DEBUG Engine               - Running preInit()
16:49:14.137 [JavaFX Application Thread] DEBUG Input                - Registered new binding: Move Right - D
16:49:14.137 [JavaFX Application Thread] DEBUG Input                - Registered new binding: Move Left - A
16:49:14.137 [JavaFX Application Thread] DEBUG Input                - Registered new binding: Move Up - W
16:49:14.137 [JavaFX Application Thread] DEBUG Input                - Registered new binding: Move Down - S
16:49:14.138 [JavaFX Application Thread] DEBUG Input                - Registered new binding: Shoot - LMB
16:49:14.138 [JavaFX Application Thread] DEBUG Input                - Registered new binding: Screenshot - P
16:49:14.138 [JavaFX Application Thread] DEBUG Input                - Registered new binding: System info dump - CTRL+9
16:49:14.139 [JavaFX Application Thread] DEBUG Input                - Registered new binding: Restart - CTRL+R
16:49:14.139 [JavaFX Application Thread] DEBUG Engine               - generateDefaultProfile()
16:49:14.139 [JavaFX Application Thread] DEBUG Engine               - Creating default profile
16:49:14.139 [JavaFX Application Thread] DEBUG EventBus             - Firing event: SaveEvent
16:49:14.147 [JavaFX Application Thread] DEBUG AssetLoader          - Loading from file system: /assets/music/MainMenuMusic.mp3
16:49:14.232 [JavaFX Application Thread] DEBUG AudioPlayer          - Playing music com.almasb.fxgl.audio.Music@1f6f127d
16:49:14.233 [JavaFX Application Thread] INFO  Engine               - FXGL initialization took: 1,435 sec
16:49:14.233 [JavaFX Application Thread] DEBUG LoopRunner           - Starting loop
16:49:14.235 [JavaFX Application Thread] DEBUG FXGLStartupScene     - STARTUP
16:49:14.237 [JavaFX Application Thread] DEBUG Input                - Clearing active input actions
16:49:14.251 [JavaFX Application Thread] DEBUG Engine               - Removing overlay from FXGLStartupScene and adding to SpencerMainMenu
16:49:14.251 [JavaFX Application Thread] DEBUG MainWindow           - FXGLStartupScene -> SpencerMainMenu
16:49:15.390 [JavaFX Application Thread] FATAL Engine               - Uncaught Exception:

Fatal exception occurred: java.util.InputMismatchException : null
E: java.base/java.util.Scanner.throwFor(Scanner.java:939)
E: java.base/java.util.Scanner.next(Scanner.java:1594)
E: java.base/java.util.Scanner.nextInt(Scanner.java:2258)
E: java.base/java.util.Scanner.nextInt(Scanner.java:2212)
E: main.Menues.SpencerMainMenu.getHighScoreMap(SpencerMainMenu.java:170)
E: main.Menues.SpencerMainMenu.showScores(SpencerMainMenu.java:86)
E: main.Menues.SpencerMainMenu.lambda$new$1(SpencerMainMenu.java:38)
E: main.Menues.SpencerMainMenu$PokeBounceButton.lambda$new$0(SpencerMainMenu.java:201)
E: com.sun.javafx.event.CompositeEventHandler.dispatchBubblingEvent(CompositeEventHandler.java:86)
E: com.sun.javafx.event.EventHandlerManager.dispatchBubblingEvent(EventHandlerManager.java:238)
E: com.sun.javafx.event.EventHandlerManager.dispatchBubblingEvent(EventHandlerManager.java:191)
E: com.sun.javafx.event.CompositeEventDispatcher.dispatchBubblingEvent(CompositeEventDispatcher.java:59)
E: com.sun.javafx.event.BasicEventDispatcher.dispatchEvent(BasicEventDispatcher.java:58)
E: com.sun.javafx.event.EventDispatchChainImpl.dispatchEvent(EventDispatchChainImpl.java:114)
E: com.sun.javafx.event.BasicEventDispatcher.dispatchEvent(BasicEventDispatcher.java:56)
E: com.sun.javafx.event.EventDispatchChainImpl.dispatchEvent(EventDispatchChainImpl.java:114)
E: com.sun.javafx.event.BasicEventDispatcher.dispatchEvent(BasicEventDispatcher.java:56)
E: com.sun.javafx.event.EventDispatchChainImpl.dispatchEvent(EventDispatchChainImpl.java:114)
E: com.sun.javafx.event.EventUtil.fireEventImpl(EventUtil.java:74)
E: com.sun.javafx.event.EventUtil.fireEvent(EventUtil.java:54)
E: javafx.event.Event.fireEvent(Event.java:198)
E: javafx.scene.Scene$ClickGenerator.postProcess(Scene.java:3564)
E: javafx.scene.Scene$ClickGenerator.access$8200(Scene.java:3492)
E: javafx.scene.Scene$MouseHandler.process(Scene.java:3860)
E: javafx.scene.Scene$MouseHandler.access$1200(Scene.java:3579)
E: javafx.scene.Scene.processMouseEvent(Scene.java:1849)
E: javafx.scene.Scene$ScenePeerListener.mouseEvent(Scene.java:2588)
E: com.sun.javafx.tk.quantum.GlassViewEventHandler$MouseEventNotification.run(GlassViewEventHandler.java:397)
E: com.sun.javafx.tk.quantum.GlassViewEventHandler$MouseEventNotification.run(GlassViewEventHandler.java:295)
E: java.base/java.security.AccessController.doPrivileged(AccessController.java:391)
E: com.sun.javafx.tk.quantum.GlassViewEventHandler.lambda$handleMouseEvent$2(GlassViewEventHandler.java:434)
E: com.sun.javafx.tk.quantum.QuantumToolkit.runWithoutRenderLock(QuantumToolkit.java:390)
E: com.sun.javafx.tk.quantum.GlassViewEventHandler.handleMouseEvent(GlassViewEventHandler.java:433)
E: com.sun.glass.ui.View.handleMouseEvent(View.java:556)
E: com.sun.glass.ui.View.notifyMouse(View.java:942)
E: com.sun.glass.ui.win.WinApplication._runLoop(Native Method)
E: com.sun.glass.ui.win.WinApplication.lambda$runLoop$3(WinApplication.java:174)
E: java.base/java.lang.Thread.run(Thread.java:830)

16:49:15.390 [JavaFX Application Thread] FATAL Engine               - Application will now exit
16:49:15.391 [JavaFX Application Thread] DEBUG LoopRunner           - Stopping loop
16:49:17.124 [JavaFX Application Thread] DEBUG Engine               - Exiting FXGL
16:49:17.124 [JavaFX Application Thread] DEBUG Engine               - Shutting down background threads
16:49:17.124 [JavaFX Application Thread] DEBUG Engine               - Saving FXGL system data
16:49:17.126 [JavaFX Application Thread] DEBUG FSServiceImpl        - Writing to: C:\Users\Patrick\Desktop\FXGLSpencerGalaxies\system\fxgl.bundle
16:49:17.128 [JavaFX Application Thread] DEBUG Engine               - Closing logger and exiting JavaFX
