20:03:45.516 [main                     ] DEBUG GameApplication      - Logger initialized
20:03:45.528 [main                     ] DEBUG GameApplication      - Logging settings
Title: SPENCER - Zealand
Version: 1.0
Width: 900
Height: 800
Fullscreen: false
Intro: false
Menus: true
Profiling: false
Single step:false
App Mode: DEVELOPER
Menu Key: ESCAPE
Stage Style: DECORATED
Scene Factory: class main.Control.BasicGameApp$1
Dialog Factory: class com.almasb.fxgl.ui.FXGLDialogFactory
UI Factory: class com.almasb.fxgl.ui.FXGLUIFactory

20:03:46.369 [JavaFX Application Thread] DEBUG Engine               - Initializing FXGL
20:03:46.369 [JavaFX Application Thread] INFO  Engine               - FXGL-11.7 (05.01.2020 09.46) on WINDOWS (J:13 FX:11.0.2)
20:03:46.369 [JavaFX Application Thread] INFO  Engine               - Source code and latest versions at: https://github.com/AlmasB/FXGL
20:03:46.370 [JavaFX Application Thread] INFO  Engine               -              Join the FXGL chat at: https://gitter.im/AlmasB/FXGL
20:03:46.370 [JavaFX Application Thread] DEBUG Engine               - Initializing environment variables
20:03:46.373 [JavaFX Application Thread] DEBUG Engine               - Logging environment variables
20:03:46.373 [JavaFX Application Thread] DEBUG Engine               - achievements: []
20:03:46.373 [JavaFX Application Thread] DEBUG Engine               - sceneStack: com.almasb.fxgl.app.Engine@102678c
20:03:46.373 [JavaFX Application Thread] DEBUG Engine               - language: ObjectProperty [value: ENGLISH]
20:03:46.373 [JavaFX Application Thread] DEBUG Engine               - isCloseConfirmation: false
20:03:46.374 [JavaFX Application Thread] DEBUG Engine               - isProfilingEnabled: false
20:03:46.374 [JavaFX Application Thread] DEBUG Engine               - soundNotification: core/notification.wav
20:03:46.374 [JavaFX Application Thread] DEBUG Engine               - devShowBBoxProperty: BooleanProperty [value: false]
20:03:46.375 [JavaFX Application Thread] DEBUG Engine               - pixelsPerMeter: 50.0
20:03:46.375 [JavaFX Application Thread] DEBUG Engine               - overlayRoot: Group@49cb7054
20:03:46.375 [JavaFX Application Thread] DEBUG Engine               - soundMenuBack: menu/back.wav
20:03:46.375 [JavaFX Application Thread] DEBUG Engine               - appIcon: enemy.png
20:03:46.376 [JavaFX Application Thread] DEBUG Engine               - isFullScreenAllowed: false
20:03:46.376 [JavaFX Application Thread] DEBUG Engine               - isIntroEnabled: false
20:03:46.376 [JavaFX Application Thread] DEBUG Engine               - eventBus: com.almasb.fxgl.event.EventBus@7ab6ec81
20:03:46.376 [JavaFX Application Thread] DEBUG Engine               - fontMono: lucida_console.ttf
20:03:46.376 [JavaFX Application Thread] DEBUG Engine               - soundMenuSelect: menu/select.wav
20:03:46.377 [JavaFX Application Thread] DEBUG Engine               - isWindows: true
20:03:46.377 [JavaFX Application Thread] DEBUG Engine               - isMobile: false
20:03:46.377 [JavaFX Application Thread] DEBUG Engine               - height: 800
20:03:46.377 [JavaFX Application Thread] DEBUG Engine               - isExperimentalNative: false
20:03:46.377 [JavaFX Application Thread] DEBUG Engine               - isSingleStep: false
20:03:46.377 [JavaFX Application Thread] DEBUG Engine               - cSSList: [fxgl_dark.css]
20:03:46.377 [JavaFX Application Thread] DEBUG Engine               - fontGame: Abel-Regular.ttf
20:03:46.377 [JavaFX Application Thread] DEBUG Engine               - menuKey: ESCAPE
20:03:46.378 [JavaFX Application Thread] DEBUG Engine               - devShowPositionProperty: BooleanProperty [value: false]
20:03:46.378 [JavaFX Application Thread] DEBUG Engine               - versionCheckDays: 7
20:03:46.378 [JavaFX Application Thread] DEBUG Engine               - masterTimer: com.almasb.fxgl.time.Timer@689ada5c
20:03:46.378 [JavaFX Application Thread] DEBUG Engine               - configClass: Optional.empty
20:03:46.378 [JavaFX Application Thread] DEBUG Engine               - isFullScreenFromStart: false
20:03:46.378 [JavaFX Application Thread] DEBUG Engine               - version: 1.0
20:03:46.378 [JavaFX Application Thread] DEBUG Engine               - fullScreen: BooleanProperty [value: false]
20:03:46.379 [JavaFX Application Thread] DEBUG Engine               - randomSeed: -1
20:03:46.379 [JavaFX Application Thread] DEBUG Engine               - dialogFactory: com.almasb.fxgl.ui.FXGLDialogFactory@63b70d90
20:03:46.379 [JavaFX Application Thread] DEBUG Engine               - applicationMode: DEVELOPER
20:03:46.379 [JavaFX Application Thread] DEBUG Engine               - isMac: false
20:03:46.379 [JavaFX Application Thread] DEBUG Engine               - urlGoogleForms: https://goo.gl/forms/6wrMnOBxTE1fEpOy2
20:03:46.379 [JavaFX Application Thread] DEBUG Engine               - isMenuEnabled: true
20:03:46.380 [JavaFX Application Thread] DEBUG Engine               - urlPOM: https://raw.githubusercontent.com/AlmasB/FXGL/master/pom.xml
20:03:46.380 [JavaFX Application Thread] DEBUG Engine               - profileName: user.profile
20:03:46.380 [JavaFX Application Thread] DEBUG Engine               - devSensorColorProperty: ObjectProperty [value: 0xffff00ff]
20:03:46.380 [JavaFX Application Thread] DEBUG Engine               - notificationViewClass: class com.almasb.fxgl.notification.view.XboxNotificationView
20:03:46.381 [JavaFX Application Thread] DEBUG Engine               - dataFileExt: .dat
20:03:46.381 [JavaFX Application Thread] DEBUG Engine               - sceneFactory: main.Control.BasicGameApp$1@71ec9862
20:03:46.381 [JavaFX Application Thread] DEBUG Engine               - stageStyle: DECORATED
20:03:46.381 [JavaFX Application Thread] DEBUG Engine               - isManualResizeEnabled: false
20:03:46.381 [JavaFX Application Thread] DEBUG Engine               - title: SPENCER - Zealand
20:03:46.381 [JavaFX Application Thread] DEBUG Engine               - platform: WINDOWS
20:03:46.381 [JavaFX Application Thread] DEBUG Engine               - devBBoxColorProperty: ObjectProperty [value: 0xff0000ff]
20:03:46.382 [JavaFX Application Thread] DEBUG Engine               - isDesktop: true
20:03:46.382 [JavaFX Application Thread] DEBUG Engine               - credits: []
20:03:46.382 [JavaFX Application Thread] DEBUG Engine               - globalMusicVolumeProperty: DoubleProperty [value: 0.5]
20:03:46.382 [JavaFX Application Thread] DEBUG Engine               - uIFactory: com.almasb.fxgl.ui.FXGLUIFactory@3cf3a03a
20:03:46.382 [JavaFX Application Thread] DEBUG Engine               - isPreserveResizeRatio: false
20:03:46.382 [JavaFX Application Thread] DEBUG Engine               - fontText: Courier-Prime.ttf
20:03:46.383 [JavaFX Application Thread] DEBUG Engine               - isExperimentalTiledLargeMap: false
20:03:46.383 [JavaFX Application Thread] DEBUG Engine               - secondsIn24h: 60
20:03:46.383 [JavaFX Application Thread] DEBUG Engine               - runtimeInfo: RuntimeInfo(platform=WINDOWS, version=11.7, build=05.01.2020 09.46)
20:03:46.383 [JavaFX Application Thread] DEBUG Engine               - urlGithub: https://github.com/AlmasB/FXGL
20:03:46.383 [JavaFX Application Thread] DEBUG Engine               - isLinux: false
20:03:46.383 [JavaFX Application Thread] DEBUG Engine               - soundMenuPress: menu/press.wav
20:03:46.384 [JavaFX Application Thread] DEBUG Engine               - profileDir: profiles/
20:03:46.384 [JavaFX Application Thread] DEBUG Engine               - isDeveloperMenuEnabled: false
20:03:46.384 [JavaFX Application Thread] DEBUG Engine               - globalSoundVolumeProperty: DoubleProperty [value: 0.5]
20:03:46.384 [JavaFX Application Thread] DEBUG Engine               - globalSoundVolume: 0.5
20:03:46.384 [JavaFX Application Thread] DEBUG Engine               - urlLeaderboard: http://fxgl-top.herokuapp.com/
20:03:46.385 [JavaFX Application Thread] DEBUG Engine               - isBrowser: false
20:03:46.385 [JavaFX Application Thread] DEBUG Engine               - saveDir: saves/
20:03:46.385 [JavaFX Application Thread] DEBUG Engine               - engineServices: [class com.almasb.fxgl.audio.AudioPlayer, class com.almasb.fxgl.notification.impl.NotificationServiceProvider, class com.almasb.fxgl.achievement.AchievementManager, class com.almasb.fxgl.cutscene.CutsceneService, class com.almasb.fxgl.minigames.MiniGameService]
20:03:46.385 [JavaFX Application Thread] DEBUG Engine               - globalMusicVolume: 0.5
20:03:46.385 [JavaFX Application Thread] DEBUG Engine               - width: 900
20:03:46.385 [JavaFX Application Thread] DEBUG Engine               - saveFileExt: .sav
20:03:46.386 [JavaFX Application Thread] DEBUG Engine               - isAndroid: false
20:03:46.386 [JavaFX Application Thread] DEBUG Engine               - fontUI: VarelaRound-Regular.ttf
20:03:46.386 [JavaFX Application Thread] DEBUG Engine               - isIOS: false
20:03:46.386 [JavaFX Application Thread] DEBUG Engine               - enabledMenuItems: []
20:03:46.389 [JavaFX Application Thread] DEBUG Engine               - Adding new engine service: class com.almasb.fxgl.audio.AudioPlayer
20:03:46.390 [JavaFX Application Thread] DEBUG Engine               - Adding new engine service: class com.almasb.fxgl.notification.impl.NotificationServiceProvider
20:03:46.390 [JavaFX Application Thread] DEBUG Engine               - Adding new engine service: class com.almasb.fxgl.achievement.AchievementManager
20:03:46.391 [JavaFX Application Thread] DEBUG Engine               - Adding new engine service: class com.almasb.fxgl.cutscene.CutsceneService
20:03:46.392 [JavaFX Application Thread] DEBUG Engine               - Adding new engine service: class com.almasb.fxgl.minigames.MiniGameService
20:03:46.395 [JavaFX Application Thread] DEBUG Engine               - Loading localizations
20:03:46.399 [JavaFX Application Thread] DEBUG AssetLoader          - Loading from file system: /assets/properties/languages/english.properties
20:03:46.402 [JavaFX Application Thread] DEBUG AssetLoader          - Loading from file system: /assets/properties/languages/french.properties
20:03:46.404 [JavaFX Application Thread] DEBUG AssetLoader          - Loading from file system: /assets/properties/languages/german.properties
20:03:46.406 [JavaFX Application Thread] DEBUG AssetLoader          - Loading from file system: /assets/properties/languages/russian.properties
20:03:46.407 [JavaFX Application Thread] DEBUG AssetLoader          - Loading from file system: /assets/properties/languages/hungarian.properties
20:03:46.410 [JavaFX Application Thread] DEBUG Engine               - Registering font factories
20:03:46.410 [JavaFX Application Thread] DEBUG AssetLoader          - Loading from file system: /assets/ui/fonts/VarelaRound-Regular.ttf
20:03:46.641 [JavaFX Application Thread] DEBUG AssetLoader          - Loading from file system: /assets/ui/fonts/Abel-Regular.ttf
20:03:46.649 [JavaFX Application Thread] DEBUG AssetLoader          - Loading from file system: /assets/ui/fonts/lucida_console.ttf
20:03:46.654 [JavaFX Application Thread] DEBUG AssetLoader          - Loading from file system: /assets/ui/fonts/Courier-Prime.ttf
20:03:46.657 [JavaFX Application Thread] DEBUG Engine               - Setting UI factory
20:03:46.751 [JavaFX Application Thread] DEBUG AssetLoader          - Loading from file system: /assets/textures/fxgl_logo.png
20:03:46.819 [JavaFX Application Thread] DEBUG MainWindow           - Creating a JavaFX scene
20:03:46.857 [JavaFX Application Thread] DEBUG MainWindow           - Target settings size: 900.0 x 800.0
20:03:46.857 [JavaFX Application Thread] DEBUG MainWindow           - Scaled scene size:    900.0 x 800.0
20:03:46.857 [JavaFX Application Thread] DEBUG MainWindow           - Scaled ratio: (1.0, 1.0)
20:03:46.858 [JavaFX Application Thread] DEBUG MainWindow           - Set initial scene to FXGLStartupScene
20:03:46.865 [JavaFX Application Thread] DEBUG AssetLoader          - Loading from file system: /assets/textures/enemy.png
20:03:46.866 [JavaFX Application Thread] WARN  AssetLoader          - Failed to load texture enemy.png Error: java.lang.IllegalArgumentException: Asset "/assets/textures/enemy.png" was not found!
20:03:46.916 [JavaFX Application Thread] DEBUG Engine               - Applying CSS: fxgl_dark.css
20:03:46.917 [JavaFX Application Thread] DEBUG AssetLoader          - Loading from file system: /assets/ui/css/fxgl_dark.css
20:03:46.920 [JavaFX Application Thread] DEBUG AssetLoader          - Loading from file system: /assets/ui/cursors/fxgl_default.png
20:03:46.921 [JavaFX Application Thread] DEBUG MainWindow           - Opening main window
20:03:47.060 [JavaFX Application Thread] DEBUG MainWindow           - Window border size: (16.0, 39.0)
20:03:47.060 [JavaFX Application Thread] DEBUG MainWindow           - Scaled size: 900.0 x 800.0
20:03:47.060 [JavaFX Application Thread] DEBUG MainWindow           - Scaled ratio: (1.0, 1.0)
20:03:47.060 [JavaFX Application Thread] DEBUG MainWindow           - Scene size: 900.0 x 800.0
20:03:47.060 [JavaFX Application Thread] DEBUG MainWindow           - Stage size: 916.0 x 839.0
20:03:47.072 [FXGL Background Thread 1 ] DEBUG FS                   - Loaded FSServiceImpl
20:03:47.072 [FXGL Background Thread 1 ] DEBUG Engine               - Loading FXGL system data
20:03:47.084 [FXGL Background Thread 1 ] DEBUG FSServiceImpl        - Reading from: C:\Users\Patrick\Desktop\FXGLSpencerGalaxies\system\fxgl.bundle
20:03:47.095 [FXGL Background Thread 1 ] DEBUG Engine               - Bundle FXGL: {}
20:03:47.096 [FXGL Background Thread 1 ] DEBUG Engine               - Initializing application scenes
20:03:47.152 [FXGL Background Thread 1 ] DEBUG GameWorld            - Game world initialized
20:03:47.225 [FXGL Background Thread 1 ] DEBUG PhysicsWorld         - Physics world initialized: appHeight=800, physics.ppm=50,0
20:03:47.228 [FXGL Background Thread 1 ] DEBUG GameScene            - Game scene initialized: 900x800
20:03:47.282 [FXGL Background Thread 1 ] DEBUG AssetLoader          - Loading from file system: /assets/textures/MainMenu.gif
20:03:47.650 [FXGL Background Thread 1 ] DEBUG AssetLoader          - Loading from file system: /assets/textures/GameMenu.gif
20:03:47.784 [FXGL Background Thread 1 ] DEBUG Engine               - Application scenes initialized
20:03:47.786 [JavaFX Application Thread] DEBUG Engine               - Running preInit()
20:03:47.792 [JavaFX Application Thread] DEBUG Input                - Registered new binding: Move Right - D
20:03:47.792 [JavaFX Application Thread] DEBUG Input                - Registered new binding: Move Left - A
20:03:47.792 [JavaFX Application Thread] DEBUG Input                - Registered new binding: Move Up - W
20:03:47.792 [JavaFX Application Thread] DEBUG Input                - Registered new binding: Move Down - S
20:03:47.793 [JavaFX Application Thread] DEBUG Input                - Registered new binding: Shoot - LMB
20:03:47.794 [JavaFX Application Thread] DEBUG Input                - Registered new binding: Screenshot - P
20:03:47.795 [JavaFX Application Thread] DEBUG Input                - Registered new binding: System info dump - CTRL+9
20:03:47.795 [JavaFX Application Thread] DEBUG Input                - Registered new binding: Restart - CTRL+R
20:03:47.795 [JavaFX Application Thread] DEBUG Engine               - generateDefaultProfile()
20:03:47.796 [JavaFX Application Thread] DEBUG Engine               - Creating default profile
20:03:47.796 [JavaFX Application Thread] DEBUG EventBus             - Firing event: SaveEvent
20:03:47.809 [JavaFX Application Thread] DEBUG AssetLoader          - Loading from file system: /assets/music/MainMenuMusic.mp3
20:03:47.939 [JavaFX Application Thread] DEBUG AudioPlayer          - Playing music com.almasb.fxgl.audio.Music@37ee3bcc
20:03:47.940 [JavaFX Application Thread] INFO  Engine               - FXGL initialization took: 1,544 sec
20:03:47.940 [JavaFX Application Thread] DEBUG LoopRunner           - Starting loop
20:03:47.941 [JavaFX Application Thread] DEBUG FXGLStartupScene     - STARTUP
20:03:47.943 [JavaFX Application Thread] DEBUG Input                - Clearing active input actions
20:03:47.959 [JavaFX Application Thread] DEBUG Engine               - Removing overlay from FXGLStartupScene and adding to SpencerMainMenu
20:03:47.960 [JavaFX Application Thread] DEBUG MainWindow           - FXGLStartupScene -> SpencerMainMenu
20:04:54.224 [JavaFX Application Thread] DEBUG Engine               - Exiting FXGL
20:04:54.225 [JavaFX Application Thread] DEBUG Engine               - Shutting down background threads
20:04:54.225 [JavaFX Application Thread] DEBUG Engine               - Saving FXGL system data
20:04:54.230 [JavaFX Application Thread] DEBUG FSServiceImpl        - Writing to: C:\Users\Patrick\Desktop\FXGLSpencerGalaxies\system\fxgl.bundle
20:04:54.233 [JavaFX Application Thread] DEBUG Engine               - Closing logger and exiting JavaFX
